2020-01-08 09:56:49,310 - uploadDrivers.py[line:47] - INFO: Login RUQIMobility
2020-01-08 09:56:49,310 - uploadDrivers.py[line:53] - DEBUG: https://managetest.ruqimobility.com/management/v1/login/web
2020-01-08 09:56:49,310 - uploadDrivers.py[line:55] - DEBUG: {'username': 'gactravel', 'password': 'qwe123!@#web', 'token': '123456'}
2020-01-08 09:56:49,594 - uploadDrivers.py[line:57] - DEBUG: {"code":0,"message":"成功"}
2020-01-08 09:56:49,594 - uploadDrivers.py[line:59] - INFO: Login success
2020-01-08 09:56:49,595 - uploadDrivers.py[line:66] - INFO: Generate new account
2020-01-08 09:56:49,595 - uploadDrivers.py[line:67] - INFO: 11111111111
2020-01-08 09:56:49,595 - uploadDrivers.py[line:69] - DEBUG: https://managetest.ruqimobility.com/management/v1/driver/recruit/create
2020-01-08 09:56:49,599 - uploadDrivers.py[line:84] - DEBUG: {'city': '440100', 'currentResidentialAddress': '四川省云市沙市巢湖路Q座 817816', 'drivingAge': '0', 'gender': '1', 'idCardNumber': '223153199201010140', 'isCertificateA': 'True', 'licenseType': 'C2', 'name': '测试', 'nativePlace': '浙江省南京县孝南林街R座 438532', 'phone': '11111111111', 'recruitComment': '123', 'recruitmentChannels': '1'}
2020-01-08 09:56:49,627 - uploadDrivers.py[line:86] - DEBUG: {"code":150001,"message":"登录名、身份证号或手机号已注册"}
2020-01-08 09:56:49,627 - uploadDrivers.py[line:92] - INFO: Driver ID exist!!!
2020-01-08 09:56:49,627 - uploadDrivers.py[line:93] - INFO: Get driver ID
2020-01-08 09:56:49,627 - uploadDrivers.py[line:95] - DEBUG: https://managetest.ruqimobility.com/management/v1/driver/recruit/list
2020-01-08 09:56:49,656 - uploadDrivers.py[line:100] - DEBUG: {"code":0,"message":"成功","content":{"pageIndex":"1","pageSize":"10","total":"1","data":[{"driverId":6834553,"loginName":null,"phone":"11111111111","email":"981805021@qq.com","name":"测试","gender":1,"birthDate":"1992-01-01 00:00:00","city":"440100","nationality":null,"nation":"汉","areaCode":"+86","headImg":"https://travel-driverdev-driverpub-1258234669.cos.ap-guangzhou.myqcloud.com/6834282/c14358e9-babb-41a3-bebf-6d9cfb0560c11570786304009.png","description":null,"driverImg":"6834396/55b3910d-695a-495e-8dfb-e38968d963811569405148143.png","idCardNumber":"633363199201010140","idCardImgFront":"6834396/02b1d99e-7245-4fad-a267-1076d7f29d5c1569405154540.png","idCardImgBack":"6834396/ac648cb1-5ff7-4aa6-84e4-6825075aefa91569405158969.png","idCardImgHold":"6834396/bb7f3494-3103-487b-9d9e-9ef4c675920e1569405162164.png","licenseNumber":"633363199201010140","licenseStartDate":"1569340800","licenseEndDate":"1664121600","licenseType":"C2","licenseImg":"6834396/a1893c64-bf6b-4751-87ce-51216abb41221569405166250.png","licenseImgBack":"6834396/4c6f8fa4-8067-47e0-91aa-b696e1ef0f871569405171499.png","bankName":null,"bankCode":"","bankCardNumber":null,"rentCompanyId":null,"labourCompanyId":327,"managerId":null,"carId":80801794,"comment":null,"driverType":0,"listenCarTypes":"1","status":1,"carNumber":null,"carBrandId":null,"carModelId":null,"carAttributeId":null,"carBrand":null,"carModel":null,"carAttribute":null,"color":null,"driverScore":100,"driverStar":5.0,"carCertNo":null,"plateColor":null,"driverCertNo":null,"carVerifyCode":null,"engineNumber":null,"flag":2,"createTime":"2020-01-07 14:53:14","updateTime":"2020-01-08 09:56:25","drivingAge":0,"recruitmentChannels":1,"auditStatus":6,"isCertificateA":true,"disablesDateStart":null,"disablesDateEnd":null,"nativePlace":null,"currentResidentialAddress":null,"certificateAImgFront":null,"certificateAImgBack":null,"residencePermitImgFront":null,"residencePermitImgBack":null,"backgroundCheck":0,"appointmentOrderStatus":2,"acceptHomeOrder":2,"homeOrderAddr":null,"homeOrderLatLng":null,"approveStatus":3}]}}
2020-01-08 09:56:49,656 - uploadDrivers.py[line:103] - INFO: Driver ID：6834553
2020-01-08 09:56:49,656 - uploadDrivers.py[line:112] - INFO: Interview
2020-01-08 09:56:49,656 - uploadDrivers.py[line:114] - DEBUG: https://managetest.ruqimobility.com/management/v1/driver/recruit/notice/interview/6834553?_=1569383098574
2020-01-08 09:56:49,687 - uploadDrivers.py[line:116] - DEBUG: {"code":150011,"message":"招募状态流转错误"}
2020-01-08 09:56:49,687 - uploadDrivers.py[line:120] - INFO: Has been interviewed before
2020-01-08 09:56:49,687 - uploadDrivers.py[line:121] - ERROR: 招募状态流转错误
2020-01-08 09:56:49,687 - uploadDrivers.py[line:152] - DEBUG: https://managetest.ruqimobility.com/management/v1/driver/recruit/interview/create
2020-01-08 09:56:49,687 - uploadDrivers.py[line:153] - DEBUG: {'driverId': 6834553, 'driverAddress': '使用测试脚本添加', 'nation': '汉', 'driverHeight': '111', 'driverWeight': '123', 'driverEducation': '高中', 'driverResidentType': '1', 'driverMaritalStatus': '已婚', 'presentFamilyAddress': '', 'emergencyContact': '13250890999', 'emergencyContactPhone': '13284884374', 'licenseNumber': '112121', 'getDriverLicenseDate': 1569340800, 'licenseStartDate': 1569340800, 'licenseEndDate': 1664121600, 'certificateA': '223153199201010140', 'networkCarIssueDate': 1569340800, 'getNetworkCarProofDate': 1569340800, 'networkCarProofOn': 1569340800, 'networkCarProofOff': 1664121600, 'email': '', 'result': 'true', 'interviewDate': 1569340800, 'interviewComment': '备注', 'interviewData': '6834389/05f28172-64b1-4e00-80ed-b87df99711431569394421373.png'}
2020-01-08 09:56:49,713 - uploadDrivers.py[line:158] - INFO: Has been interviewed before
2020-01-08 09:56:49,713 - uploadDrivers.py[line:159] - ERROR: 招募状态流转错误
2020-01-08 09:56:49,713 - uploadDrivers.py[line:165] - INFO: Road test
2020-01-08 09:56:49,713 - uploadDrivers.py[line:167] - DEBUG: https://managetest.ruqimobility.com/pages/driver/driver_recruitment_add.html?driverId=6834553&tabId=tab3&status=3
2020-01-08 09:56:49,771 - uploadDrivers.py[line:177] - DEBUG: https://managetest.ruqimobility.com/management/v1/driver/recruit/roadTest/create
2020-01-08 09:56:49,771 - uploadDrivers.py[line:178] - DEBUG: {'driverId': 6834553, 'result': 'true', 'roadTestDate': 1569340800, 'roadTestComment': '备注', 'roadTestData': '6834388/549335f2-8a0d-4964-b05f-8336078e96ce1569396922197.png'}
2020-01-08 09:56:49,798 - uploadDrivers.py[line:180] - DEBUG: {"code":150011,"message":"招募状态流转错误"}
2020-01-08 09:56:49,798 - uploadDrivers.py[line:184] - INFO: Has been tested before
2020-01-08 09:56:49,798 - uploadDrivers.py[line:190] - INFO: Train
2020-01-08 09:56:49,798 - uploadDrivers.py[line:192] - DEBUG: https://managetest.ruqimobility.com/pages/driver/driver_recruitment_add.html?driverId=6834553&tabId=tab4&status=4
2020-01-08 09:56:49,847 - uploadDrivers.py[line:202] - DEBUG: https://managetest.ruqimobility.com/management/v1/driver/recruit/train/create
2020-01-08 09:56:49,847 - uploadDrivers.py[line:203] - DEBUG: {'driverId': 6834553, 'result': 'true', 'courseDate': 1569340800, 'trainComment': '备注', 'courseData': '6834389/3ce2d860-fdf1-4f78-bd67-523cf69497661569397241370.png'}
2020-01-08 09:56:49,876 - uploadDrivers.py[line:205] - DEBUG: {"code":150011,"message":"招募状态流转错误"}
2020-01-08 09:56:49,877 - uploadDrivers.py[line:209] - INFO: Has been trained before
2020-01-08 09:56:49,877 - uploadDrivers.py[line:215] - INFO: Recruit
2020-01-08 09:56:49,877 - uploadDrivers.py[line:217] - DEBUG: https://managetest.ruqimobility.com/pages/driver/driver_recruitment_add.html?driverId=6834553&tabId=tab5&status=5
2020-01-08 09:56:49,917 - uploadDrivers.py[line:230] - DEBUG: https://managetest.ruqimobility.com/management/v1/driver/recruit/sign/create
2020-01-08 09:56:49,917 - uploadDrivers.py[line:231] - DEBUG: {'driverId': 6834553, 'isPayDeposit': 1, 'depositPayDate': 1569340800, 'depositPayAmt': '100', 'depositPayType': 1, 'signDate': 1569340800, 'materialReceivingInstructions': '说明', 'informationArchives': '6834388/1078de38-8752-45fd-aba0-4fdfb66746a51569397594363.zip'}
2020-01-08 09:56:49,943 - uploadDrivers.py[line:233] - DEBUG: {"code":150011,"message":"招募状态流转错误"}
2020-01-08 09:56:49,943 - uploadDrivers.py[line:237] - INFO: Has been recruited before
2020-01-08 09:56:49,943 - uploadDrivers.py[line:238] - ERROR: 招募状态流转错误
2020-01-08 09:56:49,943 - uploadDrivers.py[line:244] - INFO: Upload driver img
2020-01-08 09:56:49,943 - uploadDrivers.py[line:254] - DEBUG: https://managetest.ruqimobility.com/management/v1/driver/recruit/img/uploadImg
2020-01-08 09:56:49,990 - uploadDrivers.py[line:256] - DEBUG: {"code":0,"message":"成功"}
2020-01-08 09:56:49,990 - uploadDrivers.py[line:258] - DEBUG: Success
2020-01-08 09:56:49,990 - uploadDrivers.py[line:264] - INFO: Contract
2020-01-08 09:56:49,990 - uploadDrivers.py[line:270] - DEBUG: https://managetest.ruqimobility.com/management/v1/driver/contract/update
2020-01-08 09:56:49,991 - uploadDrivers.py[line:271] - DEBUG: {'driverId': 6834553, 'contractPhoto': '6834396/fdb895e1-77a9-4a6c-83d7-6fa9e7a17d501569405655930.pdf', 'operator': 'gactravel1', 'contractStatus': 'YX', 'contractType': 'HT', 'invalidTime': 1569427200, 'signTime': 1569340800, 'type': 'ZC', 'validTime': 1569340800}
2020-01-08 09:56:50,029 - uploadDrivers.py[line:273] - DEBUG: {"code":0,"message":"成功"}
2020-01-08 09:56:50,029 - uploadDrivers.py[line:275] - DEBUG: Success
2020-01-08 09:56:50,029 - uploadDrivers.py[line:281] - INFO: Cource
2020-01-08 09:56:50,029 - uploadDrivers.py[line:287] - DEBUG: https://managetest.ruqimobility.com/management/v1/driver/cource/create
2020-01-08 09:56:50,029 - uploadDrivers.py[line:288] - DEBUG: {'courseDate': 1569340800, 'courseName': '测试', 'driverId': 6834553, 'duration': 86400, 'operator': 'gactravel1', 'type': 'GQ', 'startTime': 1569340800, 'stopTime': 1569427200, 'trainingAccountInfo': '6834396/9e82e1ab-df17-42ec-922f-18abff91e4c01569405966360.png', 'trainerName': '测试'}
2020-01-08 09:56:50,069 - uploadDrivers.py[line:290] - DEBUG: {"code":0,"message":"成功"}
2020-01-08 09:56:50,069 - uploadDrivers.py[line:292] - DEBUG: Success
2020-01-08 09:56:50,069 - uploadDrivers.py[line:298] - INFO: Upload all driver message
2020-01-08 09:56:50,069 - uploadDrivers.py[line:342] - DEBUG: https://managetest.ruqimobility.com/management/v1/driver/base/info/update
2020-01-08 09:56:50,069 - uploadDrivers.py[line:343] - DEBUG: {'driverId': 6834553, 'idCardNumber': '223153199201010140', 'licenseNumber': '223153199201010140', 'driverType': '', 'licenseType': 'C2', 'email': '981805021@qq.com', 'name': '测试', 'gender': '1', 'city': '440100', 'licenseEndDate': 1664121600, 'licenseStartDate': 1569340800, 'labourCompanyId': '327', 'birthDate': 694198800000, 'nation': '汉', 'driverHeight': '180', 'driverWeight': '70', 'appVersion': '1.6', 'commercialType': '1', 'driverAddress': '该司机使用脚本添加!!!', 'driverResidentType': '1', 'driverContactAddress': '广州市', 'driverEducation': '本科', 'nativePlace': '湖南省秀云市浔阳兴城路S座 250997', 'licensePhotoId': '111111', 'recruitmentChannels': '1', 'driverMaritalStatus': '已婚', 'certificateA': '223153199201010140', 'emergencyContact': '13250890999', 'emergencyContactPhone': '13284884374', 'getDriverLicenseDate': 1569340800, 'getNetworkCarProofDate': 1569340800, 'mobileModel': 'Android', 'mapType': '1', 'netType': '3', 'presentFamilyAddress': '', 'networkCarIssueDate': 1664121600, 'networkCarIssueOrganization': '1312213231', 'networkCarProofOff': 1569427200, 'networkCarProofOn': 1569340800, 'operator': 'gactravel1', 'taxiDriver': '1', 'informationArchives': '6834396/25320fd7-4c71-4d6e-80ef-2e5e835a03621569406462272.zip'}
2020-01-08 09:56:50,112 - uploadDrivers.py[line:345] - DEBUG: {"code":0,"message":"成功"}
2020-01-08 09:56:50,112 - uploadDrivers.py[line:347] - INFO: Success
2020-01-08 09:56:50,112 - uploadDrivers.py[line:362] - INFO: Create car
2020-01-08 09:56:50,112 - uploadDrivers.py[line:368] - DEBUG: Car message:608,粤AB56935,7630487839,2772556193,92661774838784488
2020-01-08 09:56:50,113 - uploadDrivers.py[line:374] - DEBUG: https://managetest.ruqimobility.com/management/v1/vehicle/create
2020-01-08 09:56:50,113 - uploadDrivers.py[line:375] - DEBUG: {'carAttributeId': '300027', 'carLicenseImg': '', 'carImgs': '', 'carNumber': '粤AB56935', 'carNumberImg': '', 'carVerifyCode': '92661774838784488', 'city': '440100', 'engineNumber': '7630487839', 'oilWear': '6', 'rentCompanyId': '608', 'variableBox': '1', 'totalMileage': '12121', 'plateColor': '3', 'carCertNo': '2772556193'}
2020-01-08 09:56:50,227 - uploadDrivers.py[line:377] - DEBUG: {"code":0,"message":"成功","content":{"carId":80801795}}
2020-01-08 09:56:50,227 - uploadDrivers.py[line:379] - INFO: Success
2020-01-08 09:56:50,227 - uploadDrivers.py[line:391] - DEBUG: https://managetest.ruqimobility.com/management/v1/vehicle/ext/create
2020-01-08 09:56:50,227 - uploadDrivers.py[line:392] - DEBUG: {'carId': 80801795, 'vehicleType': '2', 'ownerName': '1', 'transAgency': '1', 'transDateStart': 1570665600, 'transDateStop': 1665360000, 'certifyDateB': 1570665600, 'fixState': 1, 'nextFixDate': 1665360000, 'checkDate': 1665360000, 'checkState': 2, 'feelogger.infoid': '1', 'feePrintid': '1111111', 'gpsBrand': '1', 'gpsModel': '1', 'gpsImei': '1', 'commercialType': 3, 'fareType': '1', 'vehicleTec': '1', 'gpsInstallDate': 1570665600, 'vehicleSafe': '1', 'certifyDateA': 1570665600}
2020-01-08 09:56:50,260 - uploadDrivers.py[line:394] - DEBUG: {"code":0,"message":"成功"}
2020-01-08 09:56:50,260 - uploadDrivers.py[line:396] - INFO: Success
2020-01-08 09:56:50,260 - uploadDrivers.py[line:403] - INFO: Set car
2020-01-08 09:56:50,260 - uploadDrivers.py[line:405] - DEBUG: https://managetest.ruqimobility.com/management/v1/driver/setCar
2020-01-08 09:56:50,260 - uploadDrivers.py[line:407] - DEBUG: {'driverId': 6834553, 'carId': 80801795, 'listenCarTypes': '1', 'operator': 'gactravel1'}
2020-01-08 09:56:50,328 - uploadDrivers.py[line:409] - DEBUG: {"code":0,"message":"成功"}
2020-01-08 09:56:50,328 - uploadDrivers.py[line:411] - INFO: Success
2020-01-08 09:57:07,527 - uploadDrivers.py[line:47] - INFO: Login RUQIMobility
2020-01-08 09:57:07,528 - uploadDrivers.py[line:53] - DEBUG: https://managetest.ruqimobility.com/management/v1/login/web
2020-01-08 09:57:07,528 - uploadDrivers.py[line:55] - DEBUG: {'username': 'gactravel', 'password': 'qwe123!@#web', 'token': '123456'}
2020-01-08 09:57:07,799 - uploadDrivers.py[line:57] - DEBUG: {"code":0,"message":"成功"}
2020-01-08 09:57:07,799 - uploadDrivers.py[line:59] - INFO: Login success
2020-01-08 09:57:07,800 - uploadDrivers.py[line:66] - INFO: Generate new account
2020-01-08 09:57:07,800 - uploadDrivers.py[line:67] - INFO: 17374364384
2020-01-08 09:57:07,800 - uploadDrivers.py[line:69] - DEBUG: https://managetest.ruqimobility.com/management/v1/driver/recruit/create
2020-01-08 09:57:07,800 - uploadDrivers.py[line:84] - DEBUG: {'city': '440100', 'currentResidentialAddress': '青海省林县城北戚路K座 302719', 'drivingAge': '0', 'gender': '1', 'idCardNumber': '622152199201010140', 'isCertificateA': 'True', 'licenseType': 'C2', 'name': '测试', 'nativePlace': '江西省桂芳市花溪董路O座 612504', 'phone': '17374364384', 'recruitComment': '123', 'recruitmentChannels': '1'}
2020-01-08 09:57:07,834 - uploadDrivers.py[line:86] - DEBUG: {"code":0,"message":"成功","content":{"driverId":6834559}}
2020-01-08 09:57:07,834 - uploadDrivers.py[line:88] - INFO: Success
2020-01-08 09:57:07,834 - uploadDrivers.py[line:90] - INFO: Driver id:6834559
2020-01-08 09:57:07,834 - uploadDrivers.py[line:112] - INFO: Interview
2020-01-08 09:57:07,834 - uploadDrivers.py[line:114] - DEBUG: https://managetest.ruqimobility.com/management/v1/driver/recruit/notice/interview/6834559?_=1569383098574
2020-01-08 09:57:07,876 - uploadDrivers.py[line:116] - DEBUG: {"code":0,"message":"成功"}
2020-01-08 09:57:07,876 - uploadDrivers.py[line:118] - INFO: Success
2020-01-08 09:57:07,876 - uploadDrivers.py[line:152] - DEBUG: https://managetest.ruqimobility.com/management/v1/driver/recruit/interview/create
2020-01-08 09:57:07,876 - uploadDrivers.py[line:153] - DEBUG: {'driverId': 6834559, 'driverAddress': '使用测试脚本添加', 'nation': '汉', 'driverHeight': '111', 'driverWeight': '123', 'driverEducation': '高中', 'driverResidentType': '1', 'driverMaritalStatus': '已婚', 'presentFamilyAddress': '', 'emergencyContact': '13250890999', 'emergencyContactPhone': '13284884374', 'licenseNumber': '112121', 'getDriverLicenseDate': 1569340800, 'licenseStartDate': 1569340800, 'licenseEndDate': 1664121600, 'certificateA': '622152199201010140', 'networkCarIssueDate': 1569340800, 'getNetworkCarProofDate': 1569340800, 'networkCarProofOn': 1569340800, 'networkCarProofOff': 1664121600, 'email': '', 'result': 'true', 'interviewDate': 1569340800, 'interviewComment': '备注', 'interviewData': '6834389/05f28172-64b1-4e00-80ed-b87df99711431569394421373.png'}
2020-01-08 09:57:07,921 - uploadDrivers.py[line:156] - INFO: Success
2020-01-08 09:57:07,921 - uploadDrivers.py[line:165] - INFO: Road test
2020-01-08 09:57:07,921 - uploadDrivers.py[line:167] - DEBUG: https://managetest.ruqimobility.com/pages/driver/driver_recruitment_add.html?driverId=6834559&tabId=tab3&status=3
2020-01-08 09:57:07,993 - uploadDrivers.py[line:177] - DEBUG: https://managetest.ruqimobility.com/management/v1/driver/recruit/roadTest/create
2020-01-08 09:57:07,993 - uploadDrivers.py[line:178] - DEBUG: {'driverId': 6834559, 'result': 'true', 'roadTestDate': 1569340800, 'roadTestComment': '备注', 'roadTestData': '6834388/549335f2-8a0d-4964-b05f-8336078e96ce1569396922197.png'}
2020-01-08 09:57:08,034 - uploadDrivers.py[line:180] - DEBUG: {"code":0,"message":"成功"}
2020-01-08 09:57:08,034 - uploadDrivers.py[line:182] - INFO: Success
2020-01-08 09:57:08,034 - uploadDrivers.py[line:190] - INFO: Train
2020-01-08 09:57:08,034 - uploadDrivers.py[line:192] - DEBUG: https://managetest.ruqimobility.com/pages/driver/driver_recruitment_add.html?driverId=6834559&tabId=tab4&status=4
2020-01-08 09:57:08,104 - uploadDrivers.py[line:202] - DEBUG: https://managetest.ruqimobility.com/management/v1/driver/recruit/train/create
2020-01-08 09:57:08,104 - uploadDrivers.py[line:203] - DEBUG: {'driverId': 6834559, 'result': 'true', 'courseDate': 1569340800, 'trainComment': '备注', 'courseData': '6834389/3ce2d860-fdf1-4f78-bd67-523cf69497661569397241370.png'}
2020-01-08 09:57:08,142 - uploadDrivers.py[line:205] - DEBUG: {"code":0,"message":"成功"}
2020-01-08 09:57:08,142 - uploadDrivers.py[line:207] - INFO: Success
2020-01-08 09:57:08,142 - uploadDrivers.py[line:215] - INFO: Recruit
2020-01-08 09:57:08,142 - uploadDrivers.py[line:217] - DEBUG: https://managetest.ruqimobility.com/pages/driver/driver_recruitment_add.html?driverId=6834559&tabId=tab5&status=5
2020-01-08 09:57:08,213 - uploadDrivers.py[line:230] - DEBUG: https://managetest.ruqimobility.com/management/v1/driver/recruit/sign/create
2020-01-08 09:57:08,213 - uploadDrivers.py[line:231] - DEBUG: {'driverId': 6834559, 'isPayDeposit': 1, 'depositPayDate': 1569340800, 'depositPayAmt': '100', 'depositPayType': 1, 'signDate': 1569340800, 'materialReceivingInstructions': '说明', 'informationArchives': '6834388/1078de38-8752-45fd-aba0-4fdfb66746a51569397594363.zip'}
2020-01-08 09:57:08,256 - uploadDrivers.py[line:233] - DEBUG: {"code":0,"message":"成功"}
2020-01-08 09:57:08,256 - uploadDrivers.py[line:235] - INFO: Success
2020-01-08 09:57:08,256 - uploadDrivers.py[line:244] - INFO: Upload driver img
2020-01-08 09:57:08,256 - uploadDrivers.py[line:254] - DEBUG: https://managetest.ruqimobility.com/management/v1/driver/recruit/img/uploadImg
2020-01-08 09:57:08,291 - uploadDrivers.py[line:256] - DEBUG: {"code":0,"message":"成功"}
2020-01-08 09:57:08,291 - uploadDrivers.py[line:258] - DEBUG: Success
2020-01-08 09:57:08,291 - uploadDrivers.py[line:264] - INFO: Contract
2020-01-08 09:57:08,291 - uploadDrivers.py[line:270] - DEBUG: https://managetest.ruqimobility.com/management/v1/driver/contract/update
2020-01-08 09:57:08,291 - uploadDrivers.py[line:271] - DEBUG: {'driverId': 6834559, 'contractPhoto': '6834396/fdb895e1-77a9-4a6c-83d7-6fa9e7a17d501569405655930.pdf', 'operator': 'gactravel1', 'contractStatus': 'YX', 'contractType': 'HT', 'invalidTime': 1569427200, 'signTime': 1569340800, 'type': 'ZC', 'validTime': 1569340800}
2020-01-08 09:57:08,490 - uploadDrivers.py[line:273] - DEBUG: {"code":0,"message":"成功"}
2020-01-08 09:57:08,490 - uploadDrivers.py[line:275] - DEBUG: Success
2020-01-08 09:57:08,490 - uploadDrivers.py[line:281] - INFO: Cource
2020-01-08 09:57:08,491 - uploadDrivers.py[line:287] - DEBUG: https://managetest.ruqimobility.com/management/v1/driver/cource/create
2020-01-08 09:57:08,491 - uploadDrivers.py[line:288] - DEBUG: {'courseDate': 1569340800, 'courseName': '测试', 'driverId': 6834559, 'duration': 86400, 'operator': 'gactravel1', 'type': 'GQ', 'startTime': 1569340800, 'stopTime': 1569427200, 'trainingAccountInfo': '6834396/9e82e1ab-df17-42ec-922f-18abff91e4c01569405966360.png', 'trainerName': '测试'}
2020-01-08 09:57:08,521 - uploadDrivers.py[line:290] - DEBUG: {"code":0,"message":"成功"}
2020-01-08 09:57:08,521 - uploadDrivers.py[line:292] - DEBUG: Success
2020-01-08 09:57:08,521 - uploadDrivers.py[line:298] - INFO: Upload all driver message
2020-01-08 09:57:08,521 - uploadDrivers.py[line:342] - DEBUG: https://managetest.ruqimobility.com/management/v1/driver/base/info/update
2020-01-08 09:57:08,521 - uploadDrivers.py[line:343] - DEBUG: {'driverId': 6834559, 'idCardNumber': '622152199201010140', 'licenseNumber': '622152199201010140', 'driverType': '', 'licenseType': 'C2', 'email': '981805021@qq.com', 'name': '测试', 'gender': '1', 'city': '440100', 'licenseEndDate': 1664121600, 'licenseStartDate': 1569340800, 'labourCompanyId': '327', 'birthDate': 694198800000, 'nation': '汉', 'driverHeight': '180', 'driverWeight': '70', 'appVersion': '1.6', 'commercialType': '1', 'driverAddress': '该司机使用脚本添加!!!', 'driverResidentType': '1', 'driverContactAddress': '广州市', 'driverEducation': '本科', 'nativePlace': '安徽省巢湖市城北王路N座 242109', 'licensePhotoId': '111111', 'recruitmentChannels': '1', 'driverMaritalStatus': '已婚', 'certificateA': '622152199201010140', 'emergencyContact': '13250890999', 'emergencyContactPhone': '13284884374', 'getDriverLicenseDate': 1569340800, 'getNetworkCarProofDate': 1569340800, 'mobileModel': 'Android', 'mapType': '1', 'netType': '3', 'presentFamilyAddress': '', 'networkCarIssueDate': 1664121600, 'networkCarIssueOrganization': '1312213231', 'networkCarProofOff': 1569427200, 'networkCarProofOn': 1569340800, 'operator': 'gactravel1', 'taxiDriver': '1', 'informationArchives': '6834396/25320fd7-4c71-4d6e-80ef-2e5e835a03621569406462272.zip'}
2020-01-08 09:57:08,567 - uploadDrivers.py[line:345] - DEBUG: {"code":0,"message":"成功"}
2020-01-08 09:57:08,567 - uploadDrivers.py[line:347] - INFO: Success
2020-01-08 09:57:08,567 - uploadDrivers.py[line:362] - INFO: Create car
2020-01-08 09:57:08,567 - uploadDrivers.py[line:368] - DEBUG: Car message:608,粤AB77791,4871585188,4043986077,82096216912916127
2020-01-08 09:57:08,567 - uploadDrivers.py[line:374] - DEBUG: https://managetest.ruqimobility.com/management/v1/vehicle/create
2020-01-08 09:57:08,567 - uploadDrivers.py[line:375] - DEBUG: {'carAttributeId': '300027', 'carLicenseImg': '', 'carImgs': '', 'carNumber': '粤AB77791', 'carNumberImg': '', 'carVerifyCode': '82096216912916127', 'city': '440100', 'engineNumber': '4871585188', 'oilWear': '6', 'rentCompanyId': '608', 'variableBox': '1', 'totalMileage': '12121', 'plateColor': '3', 'carCertNo': '4043986077'}
2020-01-08 09:57:08,693 - uploadDrivers.py[line:377] - DEBUG: {"code":0,"message":"成功","content":{"carId":80801796}}
2020-01-08 09:57:08,693 - uploadDrivers.py[line:379] - INFO: Success
2020-01-08 09:57:08,693 - uploadDrivers.py[line:391] - DEBUG: https://managetest.ruqimobility.com/management/v1/vehicle/ext/create
2020-01-08 09:57:08,693 - uploadDrivers.py[line:392] - DEBUG: {'carId': 80801796, 'vehicleType': '2', 'ownerName': '1', 'transAgency': '1', 'transDateStart': 1570665600, 'transDateStop': 1665360000, 'certifyDateB': 1570665600, 'fixState': 1, 'nextFixDate': 1665360000, 'checkDate': 1665360000, 'checkState': 2, 'feelogger.infoid': '1', 'feePrintid': '1111111', 'gpsBrand': '1', 'gpsModel': '1', 'gpsImei': '1', 'commercialType': 3, 'fareType': '1', 'vehicleTec': '1', 'gpsInstallDate': 1570665600, 'vehicleSafe': '1', 'certifyDateA': 1570665600}
2020-01-08 09:57:08,732 - uploadDrivers.py[line:394] - DEBUG: {"code":0,"message":"成功"}
2020-01-08 09:57:08,732 - uploadDrivers.py[line:396] - INFO: Success
2020-01-08 09:57:08,732 - uploadDrivers.py[line:403] - INFO: Set car
2020-01-08 09:57:08,732 - uploadDrivers.py[line:405] - DEBUG: https://managetest.ruqimobility.com/management/v1/driver/setCar
2020-01-08 09:57:08,732 - uploadDrivers.py[line:407] - DEBUG: {'driverId': 6834559, 'carId': 80801796, 'listenCarTypes': '1', 'operator': 'gactravel1'}
2020-01-08 09:57:08,804 - uploadDrivers.py[line:409] - DEBUG: {"code":0,"message":"成功"}
2020-01-08 09:57:08,804 - uploadDrivers.py[line:411] - INFO: Success
