2020-01-10 13:07:19,957 - refund.py[line:165] - INFO: user phone:13250790293
2020-01-10 13:07:19,957 - refund.py[line:59] - INFO: Login RUQIMobility
2020-01-10 13:07:19,957 - refund.py[line:65] - DEBUG: https://managetest.ruqimobility.com/management/v1/login/web
2020-01-10 13:07:20,134 - refund.py[line:68] - DEBUG: {"code":0,"message":"成功"}
2020-01-10 13:07:20,134 - refund.py[line:70] - INFO: Login success
2020-01-10 13:07:20,134 - refund.py[line:167] - INFO: Refund days:1
2020-01-10 13:07:20,134 - refund.py[line:77] - INFO: Get refund orders
2020-01-10 13:07:20,134 - refund.py[line:78] - DEBUG: Page 1
2020-01-10 13:07:20,134 - refund.py[line:95] - DEBUG: https://managetest.ruqimobility.com/management/v1/orderinfo/queryListByFilter
2020-01-10 13:07:20,243 - refund.py[line:98] - INFO: Success
2020-01-10 13:07:20,246 - refund.py[line:106] - DEBUG: 1578454843
2020-01-10 13:07:20,246 - refund.py[line:111] - DEBUG: Finish
2020-01-10 13:07:20,246 - refund.py[line:175] - INFO: Order_Numbers:10
2020-01-10 13:07:20,246 - refund.py[line:223] - DEBUG: Order has been refunded or adjusted to 0
2020-01-10 13:07:20,246 - refund.py[line:223] - DEBUG: Order has been refunded or adjusted to 0
2020-01-10 13:07:20,246 - refund.py[line:223] - DEBUG: Order has been refunded or adjusted to 0
2020-01-10 13:07:20,246 - refund.py[line:223] - DEBUG: Order has been refunded or adjusted to 0
2020-01-10 13:07:20,246 - refund.py[line:223] - DEBUG: Order has been refunded or adjusted to 0
2020-01-10 13:07:20,246 - refund.py[line:223] - DEBUG: Order has been refunded or adjusted to 0
2020-01-10 13:07:20,246 - refund.py[line:223] - DEBUG: Order has been refunded or adjusted to 0
2020-01-10 13:07:20,246 - refund.py[line:223] - DEBUG: Order has been refunded or adjusted to 0
2020-01-10 13:07:20,246 - refund.py[line:223] - DEBUG: Order has been refunded or adjusted to 0
2020-01-10 13:07:20,246 - refund.py[line:223] - DEBUG: Order has been refunded or adjusted to 0
2020-01-10 13:07:20,246 - refund.py[line:230] - INFO: Database commit
2020-01-10 13:07:20,252 - refund.py[line:235] - INFO: Refund 0 orders
2020-01-10 13:07:20,252 - refund.py[line:236] - INFO: Done!!!

