2020-01-08 09:42:57,286 - refund.py[line:165] - INFO: user phone:13250790293
2020-01-08 09:42:57,287 - refund.py[line:59] - INFO: Login RUQIMobility
2020-01-08 09:42:57,287 - refund.py[line:65] - DEBUG: https://managetest.ruqimobility.com/management/v1/login/web
2020-01-08 09:42:57,547 - refund.py[line:68] - DEBUG: {"code":0,"message":"成功"}
2020-01-08 09:42:57,547 - refund.py[line:70] - INFO: Login success
2020-01-08 09:42:57,547 - refund.py[line:167] - INFO: Refund days:1
2020-01-08 09:42:57,547 - refund.py[line:77] - INFO: Get refund orders
2020-01-08 09:42:57,547 - refund.py[line:78] - DEBUG: Page 1
2020-01-08 09:42:57,547 - refund.py[line:95] - DEBUG: https://managetest.ruqimobility.com/management/v1/orderinfo/queryListByFilter
2020-01-08 09:42:57,724 - refund.py[line:98] - INFO: Success
2020-01-08 09:42:57,728 - refund.py[line:106] - DEBUG: 1578392827
2020-01-08 09:42:57,728 - refund.py[line:108] - DEBUG: Get next page
2020-01-08 09:42:57,728 - refund.py[line:77] - INFO: Get refund orders
2020-01-08 09:42:57,728 - refund.py[line:78] - DEBUG: Page 2
2020-01-08 09:42:57,728 - refund.py[line:95] - DEBUG: https://managetest.ruqimobility.com/management/v1/orderinfo/queryListByFilter
2020-01-08 09:42:57,796 - refund.py[line:98] - INFO: Success
2020-01-08 09:42:57,797 - refund.py[line:106] - DEBUG: 1577696091
2020-01-08 09:42:57,797 - refund.py[line:111] - DEBUG: Finish
2020-01-08 09:42:57,797 - refund.py[line:175] - INFO: Order_Numbers:20
2020-01-08 09:42:57,797 - refund.py[line:114] - DEBUG: Get order info
2020-01-08 09:42:57,797 - refund.py[line:116] - DEBUG: https://managetest.ruqimobility.com/management/v1/orderinfo/query/6779381379600744736?_=1578447777
2020-01-08 09:42:58,139 - refund.py[line:182] - DEBUG: OrderID：6779381379600744736
 payDoneAmount:0.09 refundBaseAmount:0.09 refundExtraAmount:0.0
2020-01-08 09:42:58,139 - refund.py[line:183] - DEBUG: [{'payAmount': 0.09, 'payStatus': 2, 'channel': 1, 'recordTime': '1578447755'}]
2020-01-08 09:42:58,139 - refund.py[line:189] - DEBUG: 2
2020-01-08 09:42:58,139 - refund.py[line:190] - DEBUG: 0.09
2020-01-08 09:42:58,139 - refund.py[line:197] - DEBUG: pay_times: 1
2020-01-08 09:42:58,139 - refund.py[line:198] - DEBUG: 0
2020-01-08 09:42:58,139 - refund.py[line:201] - INFO: OrderID：6779381379600744736
 payDoneAmount:0.09 refundBaseAmount:0.09 refundExtraAmount:0.0
2020-01-08 09:42:58,139 - refund.py[line:128] - INFO: Commit refund
2020-01-08 09:42:58,139 - refund.py[line:129] - INFO: refundBaseAmount:0.09,refundExtraAmount:0.0
2020-01-08 09:42:58,140 - refund.py[line:141] - DEBUG: https://managetest.ruqimobility.com/management/v1/orderinfo/refund
2020-01-08 09:42:59,193 - refund.py[line:143] - INFO: {"code":0,"message":"成功"}
2020-01-08 09:42:59,193 - refund.py[line:149] - INFO: Refund Success!!!
2020-01-08 09:42:59,193 - refund.py[line:155] - ERROR: Insert database
2020-01-08 09:42:59,198 - refund.py[line:223] - DEBUG: Order has been refunded or adjusted to 0
2020-01-08 09:42:59,198 - refund.py[line:223] - DEBUG: Order has been refunded or adjusted to 0
2020-01-08 09:42:59,198 - refund.py[line:223] - DEBUG: Order has been refunded or adjusted to 0
2020-01-08 09:42:59,198 - refund.py[line:223] - DEBUG: Order has been refunded or adjusted to 0
2020-01-08 09:42:59,198 - refund.py[line:223] - DEBUG: Order has been refunded or adjusted to 0
2020-01-08 09:42:59,198 - refund.py[line:223] - DEBUG: Order has been refunded or adjusted to 0
2020-01-08 09:42:59,198 - refund.py[line:223] - DEBUG: Order has been refunded or adjusted to 0
2020-01-08 09:42:59,198 - refund.py[line:223] - DEBUG: Order has been refunded or adjusted to 0
2020-01-08 09:42:59,198 - refund.py[line:223] - DEBUG: Order has been refunded or adjusted to 0
2020-01-08 09:42:59,198 - refund.py[line:223] - DEBUG: Order has been refunded or adjusted to 0
2020-01-08 09:42:59,198 - refund.py[line:223] - DEBUG: Order has been refunded or adjusted to 0
2020-01-08 09:42:59,198 - refund.py[line:223] - DEBUG: Order has been refunded or adjusted to 0
2020-01-08 09:42:59,198 - refund.py[line:223] - DEBUG: Order has been refunded or adjusted to 0
2020-01-08 09:42:59,198 - refund.py[line:223] - DEBUG: Order has been refunded or adjusted to 0
2020-01-08 09:42:59,199 - refund.py[line:223] - DEBUG: Order has been refunded or adjusted to 0
2020-01-08 09:42:59,199 - refund.py[line:223] - DEBUG: Order has been refunded or adjusted to 0
2020-01-08 09:42:59,199 - refund.py[line:223] - DEBUG: Order has been refunded or adjusted to 0
2020-01-08 09:42:59,199 - refund.py[line:223] - DEBUG: Order has been refunded or adjusted to 0
2020-01-08 09:42:59,199 - refund.py[line:223] - DEBUG: Order has been refunded or adjusted to 0
2020-01-08 09:42:59,199 - refund.py[line:230] - INFO: Database commit
2020-01-08 09:42:59,229 - refund.py[line:235] - INFO: Refund 1 orders
2020-01-08 09:42:59,229 - refund.py[line:236] - INFO: Done!!!

