2019-12-17 10:18:21,850 - refund.py[line:195] - INFO: user phone:13250790293
2019-12-17 10:18:21,850 - refund.py[line:53] - INFO: Login RUQIMobility
2019-12-17 10:18:21,850 - refund.py[line:59] - DEBUG: https://managetest.ruqimobility.com/management/v1/login/web
2019-12-17 10:18:21,978 - refund.py[line:62] - DEBUG: {"code":0,"message":"成功"}
2019-12-17 10:18:21,978 - refund.py[line:64] - INFO: Login success
2019-12-17 10:18:21,979 - refund.py[line:161] - INFO: Refund days:1
2019-12-17 10:18:21,979 - refund.py[line:71] - INFO: Get refund orders
2019-12-17 10:18:21,979 - refund.py[line:72] - DEBUG: Page 1
2019-12-17 10:18:21,979 - refund.py[line:89] - DEBUG: https://managetest.ruqimobility.com/management/v1/orderinfo/queryListByFilter
2019-12-17 10:18:22,052 - refund.py[line:92] - INFO: Success
2019-12-17 10:18:22,055 - refund.py[line:100] - DEBUG: 1576486075
2019-12-17 10:18:22,055 - refund.py[line:102] - DEBUG: Get next page
2019-12-17 10:18:22,055 - refund.py[line:71] - INFO: Get refund orders
2019-12-17 10:18:22,055 - refund.py[line:72] - DEBUG: Page 2
2019-12-17 10:18:22,055 - refund.py[line:89] - DEBUG: https://managetest.ruqimobility.com/management/v1/orderinfo/queryListByFilter
2019-12-17 10:18:22,122 - refund.py[line:92] - INFO: Success
2019-12-17 10:18:22,123 - refund.py[line:100] - DEBUG: 1576252136
2019-12-17 10:18:22,123 - refund.py[line:105] - DEBUG: Finish
2019-12-17 10:18:22,123 - refund.py[line:169] - INFO: Order_Numbers:20
2019-12-17 10:18:22,123 - refund.py[line:184] - DEBUG: Order has been refunded or adjusted to 0
2019-12-17 10:18:22,123 - refund.py[line:184] - DEBUG: Order has been refunded or adjusted to 0
2019-12-17 10:18:22,123 - refund.py[line:184] - DEBUG: Order has been refunded or adjusted to 0
2019-12-17 10:18:22,123 - refund.py[line:184] - DEBUG: Order has been refunded or adjusted to 0
2019-12-17 10:18:22,123 - refund.py[line:184] - DEBUG: Order has been refunded or adjusted to 0
2019-12-17 10:18:22,123 - refund.py[line:184] - DEBUG: Order has been refunded or adjusted to 0
2019-12-17 10:18:22,123 - refund.py[line:184] - DEBUG: Order has been refunded or adjusted to 0
2019-12-17 10:18:22,123 - refund.py[line:184] - DEBUG: Order has been refunded or adjusted to 0
2019-12-17 10:18:22,123 - refund.py[line:184] - DEBUG: Order has been refunded or adjusted to 0
2019-12-17 10:18:22,123 - refund.py[line:184] - DEBUG: Order has been refunded or adjusted to 0
2019-12-17 10:18:22,123 - refund.py[line:184] - DEBUG: Order has been refunded or adjusted to 0
2019-12-17 10:18:22,123 - refund.py[line:184] - DEBUG: Order has been refunded or adjusted to 0
2019-12-17 10:18:22,123 - refund.py[line:184] - DEBUG: Order has been refunded or adjusted to 0
2019-12-17 10:18:22,123 - refund.py[line:184] - DEBUG: Order has been refunded or adjusted to 0
2019-12-17 10:18:22,123 - refund.py[line:184] - DEBUG: Order has been refunded or adjusted to 0
2019-12-17 10:18:22,123 - refund.py[line:184] - DEBUG: Order has been refunded or adjusted to 0
2019-12-17 10:18:22,123 - refund.py[line:184] - DEBUG: Order has been refunded or adjusted to 0
2019-12-17 10:18:22,123 - refund.py[line:184] - DEBUG: Order has been refunded or adjusted to 0
2019-12-17 10:18:22,123 - refund.py[line:184] - DEBUG: Order has been refunded or adjusted to 0
2019-12-17 10:18:22,123 - refund.py[line:184] - DEBUG: Order has been refunded or adjusted to 0
2019-12-17 10:18:22,123 - refund.py[line:189] - INFO: Refund 0 orders
2019-12-17 10:18:22,124 - refund.py[line:190] - INFO: Done!!!

2019-12-17 10:18:22,124 - refund.py[line:195] - INFO: user phone:15989104405
2019-12-17 10:18:22,125 - refund.py[line:53] - INFO: Login RUQIMobility
2019-12-17 10:18:22,125 - refund.py[line:59] - DEBUG: https://managetest.ruqimobility.com/management/v1/login/web
2019-12-17 10:18:22,241 - refund.py[line:62] - DEBUG: {"code":0,"message":"成功"}
2019-12-17 10:18:22,241 - refund.py[line:64] - INFO: Login success
2019-12-17 10:18:22,241 - refund.py[line:161] - INFO: Refund days:1
2019-12-17 10:18:22,241 - refund.py[line:71] - INFO: Get refund orders
2019-12-17 10:18:22,241 - refund.py[line:72] - DEBUG: Page 1
2019-12-17 10:18:22,241 - refund.py[line:89] - DEBUG: https://managetest.ruqimobility.com/management/v1/orderinfo/queryListByFilter
2019-12-17 10:18:22,307 - refund.py[line:92] - INFO: Success
2019-12-17 10:18:22,308 - refund.py[line:100] - DEBUG: 1575518069
2019-12-17 10:18:22,308 - refund.py[line:105] - DEBUG: Finish
2019-12-17 10:18:22,308 - refund.py[line:169] - INFO: Order_Numbers:10
2019-12-17 10:18:22,308 - refund.py[line:108] - DEBUG: Get order info
2019-12-17 10:18:22,308 - refund.py[line:110] - DEBUG: https://managetest.ruqimobility.com/management/v1/orderinfo/query/6771225975440015453?_=1576549102
2019-12-17 10:18:22,619 - refund.py[line:112] - DEBUG: {"code":0,"message":"成功","content":{"orderInfo":{"orderId":"6771225975440015453","productTypeId":"2","businessType":0,"carTypeId":"1","carTypeIds":"1","carTypeName":"经济型","source":0,"platform":3,"status":9,"statusRc":0,"statusMapSync":6,"statusForceEnd":0,"statusAbnormal":0,"statusDispatch":0,"flag":"0","userAccountId":"0","userId":"1682389398","userPhone":"15989104405","userName":"","userCompanyId":"0","userCompanyDeptId":"0","userFlightNumber":"","carId":"80801522","rentCompanyId":608,"carModel":"甲壳虫","carModelId":"0","carBrand":"广汽传褀2","carNumber":"粤A58118","carColor":1,"driverId":"6834282","driverPhone":"13250790293","driverName":"大师傅","dispatchTimeLength":0,"timeInit":"1576548902","timeDispatchStart":"0","timeDispatchDone":"1576548954","timeArrival":"1576548969","timeStart":"1576548972","timeEnd":"1576548976","timeConfirm":"1576548982","timeCancel":"0","timeRefund":"0","timeRefundCoupon":"0","couponId":"6771216684622479811","refundCouponId":"0","refundAmount":0.00,"timeAccept":"1576548951","expectStartTime":"1576552855","expectEndTime":"1576554655","startLatitude":23.1074,"startLongitude":113.33599,"startCity":"440100","startCityName":"广州市","startPosition":"广报中心-西北门","startAddress":"广报中心-西北门","startPoiid":"","endLatitude":22.988558425,"endLongitude":113.269322777,"endCity":"440100","endCityName":"广州","endPosition":"广州南站","endAddress":"广东省广州市番禺区石壁街","endPoiid":"5590598431056816962","cancelSource":0,"cancelReasonId":"0","cancelAmount":0.00,"otherCancelReason":"","cancelBeforeStatus":0,"realStartLatitude":23.1068568250868,"realStartLongitude":113.3362399631076,"realEndLatitude":23.10683837890625,"realEndLongitude":113.3362760416667,"discount":10.00,"driverHighwayAmount":0.00,"driverParkingAmount":0.00,"driverBridgeAmount":10.00,"driverTipAmount":0.00,"driverOtherAmount":0.00,"driverOtherAmountReason":"","driverInputDistance":0.00,"driverInputRuntime":"0","clientSystemDistance":0.00,"chargeTimeLength":0,"chargeDistance":0.00,"chargeLongDistance":0.00,"chargeTimeAmount":0.00,"chargeDistanceAmount":0.00,"chargeLongDistanceAmount":0.00,"chargeTotalAmount":10.05,"chargeOriginTotalAmount":10.05,"chargeDriverAmount":0.00,"chargeOriginDriverAmount":0.00,"payChannel":1,"payDoneAmount":10.00,"payLeftAmount":0.00,"invoiceAmount":0.00,"payMinAmount":0.00,"payPreMethod":1,"payPreChannel":1,"payPreAuthStatus":2,"payPreCredit":2.13,"payFirstTransactionId":"0","payFirstAmount":0.00,"payAllow":1,"statusPay":3,"statusRefund":0,"statusSettlement":0,"statusInvoice":0,"statusComment":0,"operator":"","createTime":"2019-12-17 10:15:44","updateTime":"2019-12-17 10:16:43","timePay":"1576549002","startAdCode":"440105","endAdCode":"440113","couponAmount":0.05,"discountAmount":0.00,"pointEndLatitude":23.107405,"pointEndLongitude":113.335987},"couponCheck":{"orderId":"6771225975440015453","couponId":"6771216684622479811"},"orderRefundRecords":[],"chargeSnapshot":{"orderId":"6771225975440015453","userType":1,"formula":null,"chargeData":{"bridgeAmount":"10","highwayAmount":"0","orderId":"6771225975440015453","city":"440100","cancelAmount":"0","fromLat":23.1074,"discount":"0","fromLng":113.33599,"createOrderTime":1576548902,"carTypeIds":[],"chargeDriverActionType":2,"startTime":1576548972,"productType":2,"orderSource":0,"tipAmount":"0","carTypeId":1,"addPrice":"0","payPreCreditAmount":"0","userId":"1682389398","carId":80801522,"parkingAmount":"0","otherAmount":"0","toLat":22.988558425,"estimateType":0,"limitAmount":"0","_class":"com.tencent.travel.charge.model.ChargeData","userType":1,"endTime":1576548976,"toLng":113.269322777},"couponData":null,"chargePrice":null,"chargeResult":{"startAmount":0.05,"feeMin":0.02,"feeMinFlag":2,"startDistance":5.0,"startTimeLength":10,"timeLength":0,"distance":0.00,"chargeTimeLength":0,"chargeDistance":0.00,"longDistance":0,"timeAmount":0.00,"distanceAmount":0.00,"longDistanceAmount":0,"highwayAmount":0.00,"parkingAmount":0.00,"bridgeAmount":10.00,"tipAmount":0.00,"otherAmount":0.00,"addPrice":0,"discount":10.00,"discountMaxFee":100.00,"basicAmount":0.05,"originTotalAmount":10.05,"couponAmount":0.05,"discountAmount":0.00,"totalAmount":10.00,"userTotalAmount":10.00,"beforeAdjustmentUserAmount":0,"payPreCreditAmount":0,"cancelAmount":0,"couponData":{"couponId":"6771216684622479811","couponRuleId":"456456809","couponBatchId":"6770865678420214211","couponName":"奖励劵--条件","couponType":2,"couponValue":100,"limitAmount":0.00,"limitField":"","limitDiscount":0.00,"status":1,"startTime":"1576080000","endTime":"1607788799"},"segPriceInfoMap":{"0-0":{"isSegment":true,"startTime":"0","endTime":"0","actualStartTime":"","actualEndTime":"","feePerMinute":0.05,"feePerKilometer":0.05,"timeLength":0,"distance":0,"timeAmount":0.00,"distanceAmount":0.00,"feeStart":0,"commonSegmentKey":"0-0","segmentName":"平峰"}},"longDistanceList":[],"addFeeStart":0,"distanceBeforeMakeUp":-3},"createTime":"576548977","updateTime":null,"chargePriceInfo":{"chargePkgId":"199","chargePriceId":"199","title":"模拟正式预约单-2","status":1,"city":"440100","userType":1,"productTypeId":2,"carTypeId":1,"feeStart":0.05,"feePerMinute":0.05,"feePerKilometer":0.05,"freeDistance":5.0,"freeTime":10,"orderId":"6771225975440015453","segPriceInfoMap":{"23:00-00:00":{"chargePriceId":199,"title":"夜间","isSegment":1,"segmentTimeStart":"23:00","segmentTimeEnd":"00:00","feePerMinute":0.05,"feePerKilometer":0.05,"discount":10.0,"discountMaxFee":40.0},"00:00-05:00":{"chargePriceId":199,"title":"夜间","isSegment":1,"segmentTimeStart":"00:00","segmentTimeEnd":"05:00","feePerMinute":0.05,"feePerKilometer":0.05,"discount":10.0,"discountMaxFee":40.0},"0-0":{"chargePriceId":199,"title":"平峰","isSegment":1,"feePerMinute":0.05,"feePerKilometer":0.05,"discount":10.0,"discountMaxFee":100.0}},"longDistanceList":[{"longDistancePriceId":"520","chargePkgId":"199","feeLongPerKilometer":0.05,"freeLongDistance":15.0,"status":1,"founder":"gactravel","modifier":"gactravel","createTime":"2019-12-16 15:35:13","updateTime":"2019-12-16 15:35:13"}],"discountInfoVoMap":{"23:00-00:00":{"discountId":"80","segmentId":"4","discountBasicId":"29","discount":10.0,"discountMaxFee":40.0,"founder":"gactravel","modifier":"gactravel","createTime":"2019-08-29 11:08:15","updateTime":"2019-11-27 12:51:17","segmentName":"夜间","segmentType":0,"cityName":"广州","cityCode":"440100","startTime":"23:00","endTime":"00:00"},"00:00-05:00":{"discountId":"80","segmentId":"4","discountBasicId":"29","discount":10.0,"discountMaxFee":40.0,"founder":"gactravel","modifier":"gactravel","createTime":"2019-08-29 11:08:15","updateTime":"2019-11-27 12:51:17","segmentName":"夜间","segmentType":0,"cityName":"广州","cityCode":"440100","startTime":"00:00","endTime":"05:00"},"07:00-10:00":{"discountId":"77","segmentId":"1","discountBasicId":"29","discount":10.0,"discountMaxFee":99.0,"founder":"gactravel","modifier":"gactravel","createTime":"2019-08-29 11:08:15","updateTime":"2019-11-27 12:51:17","segmentName":"早高峰7-10","segmentType":0,"cityName":"广州","cityCode":"440100","startTime":"07:00","endTime":"10:00"},"16:41-17:35":{"discountId":"82","segmentId":"3","discountBasicId":"29","discount":10.0,"discountMaxFee":40.0,"founder":"gactravel","modifier":"gactravel","createTime":"2019-08-29 11:08:15","updateTime":"2019-11-27 12:51:17","segmentName":"16-19（暂不使用）","segmentType":0,"cityName":"广州","cityCode":"440100","startTime":"16:41","endTime":"17:35"},"0-0":{"discountId":"76","segmentId":"5","discountBasicId":"29","discount":10.0,"discountMaxFee":100.0,"founder":"gactravel","modifier":"gactravel","createTime":"2019-08-29 11:08:15","updateTime":"2019-11-27 12:51:17","segmentName":"平峰","segmentType":0,"cityName":"广州","cityCode":"440100"},"11:25-14:00":{"discountId":"138","segmentId":"22","discountBasicId":"29","discount":10.0,"discountMaxFee":22.0,"founder":"gactravel","modifier":"gactravel","createTime":"2019-11-13 10:04:25","updateTime":"2019-11-27 12:51:17","segmentName":"恒大","segmentType":0,"cityName":"广州","cityCode":"440100","startTime":"11:25","endTime":"14:00"},"17:50-19:00":{"discountId":"78","segmentId":"16","discountBasicId":"29","discount":10.0,"discountMaxFee":20.0,"founder":"gactravel","modifier":"gactravel","createTime":"2019-08-29 11:08:15","updateTime":"2019-11-27 12:51:17","segmentName":"晚高峰16-19","segmentType":0,"cityName":"广州","cityCode":"440100","startTime":"17:50","endTime":"19:00"},"11:00-16:00":{"discountId":"139","segmentId":"32","discountBasicId":"29","discount":10.0,"discountMaxFee":22.0,"founder":"gactravel","modifier":"gactravel","createTime":"2019-11-13 10:04:25","updateTime":"2019-11-27 12:51:17","segmentName":"中午高峰期","segmentType":0,"cityName":"广州","cityCode":"440100","startTime":"11:00","endTime":"16:00"},"20:22-23:00":{"discountId":"79","segmentId":"2","discountBasicId":"29","discount":10.0,"discountMaxFee":40.0,"founder":"gactravel","modifier":"gactravel","createTime":"2019-08-29 11:08:15","updateTime":"2019-11-27 12:51:17","segmentName":"晚上","segmentType":0,"cityName":"广州","cityCode":"440100","startTime":"20:22","endTime":"23:00"},"05:00-06:00":{"discountId":"81","segmentId":"17","discountBasicId":"29","discount":10.0,"discountMaxFee":40.0,"founder":"gactravel","modifier":"gactravel","createTime":"2019-08-29 11:08:15","updateTime":"2019-11-27 12:51:17","segmentName":"5-6","segmentType":0,"cityName":"广州","cityCode":"440100","startTime":"05:00","endTime":"06:00"}}},"estimateSnapData":{"estimateId":"6771226155024318469","orderId":"6771225975440015453","createTime":"1576548944","estimateInfo":{"1":{"startAmount":0.05,"feeMin":0.02,"feeMinFlag":2,"startDistance":5.0,"startTimeLength":10,"timeLength":29,"distance":20.72,"chargeTimeLength":19,"chargeDistance":15.72,"longDistance":5.72,"timeAmount":0.95,"distanceAmount":0.79,"longDistanceAmount":0.29,"highwayAmount":0.0,"parkingAmount":0.0,"bridgeAmount":0.0,"tipAmount":0.0,"otherAmount":0.0,"addPrice":0,"discount":10.0,"discountMaxFee":100.0,"basicAmount":2.08,"originTotalAmount":2.08,"couponAmount":2.08,"discountAmount":0.0,"totalAmount":0.0,"userTotalAmount":0.0,"beforeAdjustmentUserAmount":0,"payPreCreditAmount":0,"cancelAmount":0,"couponData":{"couponId":"6771216684622479811","couponRuleId":"456456809","couponBatchId":"6770865678420214211","couponName":"奖励劵--条件","couponType":2,"couponValue":100,"limitAmount":0.0,"limitField":"","limitDiscount":0.0,"status":0,"startTime":"1576080000","endTime":"1607788799"},"segPriceInfoMap":{"0-0":{"isSegment":true,"startTime":"0","endTime":"0","actualStartTime":"","actualEndTime":"","feePerMinute":0.05,"feePerKilometer":0.05,"timeLength":19,"distance":15.72,"timeAmount":0.95,"distanceAmount":0.79,"feeStart":0.05,"commonSegmentKey":"0-0","segmentName":"平峰"}},"longDistanceList":[{"feeLongPerKilometer":0.05,"freeLongDistance":15.0,"actualLongDistance":5.72,"actualAmount":0.29}],"addFeeStart":0.05}}},"adjustmentTimes":0,"adjustmentLimitTimes":-1,"payPreCreditAmount":2.13},"orderInfoExt":{"createOrderPosition":"广州报业文化中心","createOrderAddress":"广东省广州市海珠区阅江西路","createOrderLongitude":113.3362578667535,"createOrderLatitude":23.10683783637153,"confirmLatitude":23.10683783637153,"confirmLongitude":113.33625786675348,"arriveLatitude":23.1068568250868,"arriveLongitude":113.3362399631076,"dispatchDriverIds":"","changeDriverReasonId":"0","adjustPassengerAmount":0.00,"adjustDriverAmount":0.00,"adjustPassengerReason":"","adjustDriverReason":"","adjustAmount":0.00,"estimateSnap":"{\"carModelId\":\"1\",\"custName\":\"\",\"deviceId\":\"3D3DE7CC-816A-4865-86C4-5A51C2E2ACA0\",\"deviceType\":\"iPhone8,2\",\"dispatchDuration\":false,\"estimatedKm\":\"0\",\"estimatedTime\":\"0\",\"expectStartTime\":1576552855,\"fromAdCode\":\"440105\",\"fromAddDtl\":\"广报中心-西北门\",\"fromAddress\":\"广报中心-西北门\",\"fromCityCode\":\"440100\",\"fromCityName\":\"广州市\",\"fromLat\":23.1074,\"fromLng\":113.33599,\"imei\":\"3D3DE7CC-816A-4865-86C4-5A51C2E2ACA0\",\"imsi\":\"46001\",\"mac\":\"3D3DE7CC-816A-4865-86C4-5A51C2E2ACA0\",\"orderSource\":0,\"platform\":\"iOS\",\"pointEndLatitude\":23.107405,\"pointEndLongitude\":113.335987,\"priorityContact\":0,\"prodType\":\"2\",\"submitAddDtl\":\"广东省广州市海珠区阅江西路\",\"submitAddress\":\"广州报业文化中心\",\"submitLat\":23.10683783637153,\"submitLng\":113.3362578667535,\"timestamp\":1576548902153,\"toAdCode\":\"440113\",\"toAddDtl\":\"广东省广州市番禺区石壁街\",\"toAddress\":\"广州南站\",\"toCityCode\":\"440100\",\"toCityName\":\"广州\",\"toLat\":22.988558425,\"toLng\":113.269322777,\"toPoiId\":\"5590598431056816962\",\"token\":\"AAAAEFBR9ayZj8d98Lp26PXvJElfPx6rEHQzSbXT4z7nfMYiz4gS7pVp9RaFupuSWDZOGfZ4TpMvSY3_1ddV_NKB6QTeoHc4O7NNLpltqo33-0QwcmBYcs4n0yLcoPmIXTGqV_2cSrL43BJZ7dg5x8QoioEtRWZ1vHSy9KSDCOtvvTRfsXxYexgqYnuvmeRi8C-syaYbTFsq9_BsAZ865Jyf8o1O5o2s6LY1fyBCzcmxpdSDKsExjReGUb8xDVz0f0p_55nNpDS-9D8QAn13y9y_qZZLtZlbe5zWTr_Q6yYIcLF7sNoor7EB9RNBXCmuw3ElXTvv76AksJ9DZOijQOQEpr3IpF3Wo5g=\",\"type\":\"0\",\"version\":\"200000180\"}","estimateBasicAmount":2.13,"estimateOriginTotalAmount":2.13,"estimateTotalAmount":0.00,"estimateDistance":20.72,"estimateCostTime":30,"estimateDriverAmount":0.00,"pickEstimateDistance":1.00,"pickEstimateCostTime":60},"showBalanceAmount":10.00,"showBaseAmount":0.00,"showExtraAmount":10.00,"payRecords":[{"payAmount":2.13,"payStatus":2,"channel":1,"recordTime":"1576548943"},{"payAmount":7.87,"payStatus":2,"channel":1,"recordTime":"1576549002"}]}}
2019-12-17 10:18:22,620 - refund.py[line:176] - DEBUG: OrderID：6771225975440015453
 payDoneAmount:10.0 refundBaseAmount:0.0 refundExtraAmount:10.0
2019-12-17 10:18:22,620 - refund.py[line:179] - INFO: OrderID：6771225975440015453
 payDoneAmount:10.0 refundBaseAmount:0.0 refundExtraAmount:10.0
2019-12-17 10:18:22,620 - refund.py[line:122] - INFO: Commit refund
2019-12-17 10:18:22,620 - refund.py[line:123] - INFO: refundBaseAmount:0.0,refundExtraAmount:10.0
2019-12-17 10:18:22,620 - refund.py[line:135] - DEBUG: https://managetest.ruqimobility.com/management/v1/orderinfo/refund
2019-12-17 10:18:22,753 - refund.py[line:137] - DEBUG: {"code":110019,"message":"退款失败：退款金额有误，当前可退金额为:支付记录1:7.87:支付记录2:2.13元"}
2019-12-17 10:18:22,753 - refund.py[line:146] - DEBUG: 7.87,2.13
2019-12-17 10:18:22,753 - refund.py[line:122] - INFO: Commit refund
2019-12-17 10:18:22,753 - refund.py[line:123] - INFO: refundBaseAmount:0.0,refundExtraAmount:2.13
2019-12-17 10:18:22,753 - refund.py[line:135] - DEBUG: https://managetest.ruqimobility.com/management/v1/orderinfo/refund
2019-12-17 10:18:23,962 - refund.py[line:137] - DEBUG: {"code":0,"message":"成功","content":{"orderId":"6771225975440015453","couponId":"6771216684622479811"}}
2019-12-17 10:18:23,962 - refund.py[line:142] - INFO: Refund Success!!!
2019-12-17 10:18:23,962 - refund.py[line:122] - INFO: Commit refund
2019-12-17 10:18:23,962 - refund.py[line:123] - INFO: refundBaseAmount:0,refundExtraAmount:7.87
2019-12-17 10:18:23,962 - refund.py[line:135] - DEBUG: https://managetest.ruqimobility.com/management/v1/orderinfo/refund
2019-12-17 10:18:24,111 - refund.py[line:137] - DEBUG: {"code":110019,"message":"退款失败：退款金额有误，当前可退金额为:支付记录1:5.74:支付记录2:2.13元"}
2019-12-17 10:18:24,111 - refund.py[line:146] - DEBUG: 5.74,2.13
2019-12-17 10:18:24,111 - refund.py[line:122] - INFO: Commit refund
2019-12-17 10:18:24,111 - refund.py[line:123] - INFO: refundBaseAmount:0,refundExtraAmount:2.13
2019-12-17 10:18:24,111 - refund.py[line:135] - DEBUG: https://managetest.ruqimobility.com/management/v1/orderinfo/refund
2019-12-17 10:18:25,216 - refund.py[line:137] - DEBUG: {"code":0,"message":"成功","content":{"orderId":"6771225975440015453","couponId":"6771216684622479811"}}
2019-12-17 10:18:25,216 - refund.py[line:142] - INFO: Refund Success!!!
2019-12-17 10:18:25,216 - refund.py[line:122] - INFO: Commit refund
2019-12-17 10:18:25,216 - refund.py[line:123] - INFO: refundBaseAmount:0,refundExtraAmount:5.74
2019-12-17 10:18:25,216 - refund.py[line:135] - DEBUG: https://managetest.ruqimobility.com/management/v1/orderinfo/refund
2019-12-17 10:18:25,943 - refund.py[line:137] - DEBUG: {"code":110019,"message":"退款失败：退款金额有误，当前可退金额为:支付记录1:3.61:支付记录2:2.13元"}
2019-12-17 10:18:25,943 - refund.py[line:146] - DEBUG: 3.61,2.13
2019-12-17 10:18:25,943 - refund.py[line:122] - INFO: Commit refund
2019-12-17 10:18:25,943 - refund.py[line:123] - INFO: refundBaseAmount:0,refundExtraAmount:2.13
2019-12-17 10:18:25,943 - refund.py[line:135] - DEBUG: https://managetest.ruqimobility.com/management/v1/orderinfo/refund
2019-12-17 10:18:27,287 - refund.py[line:137] - DEBUG: {"code":0,"message":"成功","content":{"orderId":"6771225975440015453","couponId":"6771216684622479811"}}
2019-12-17 10:18:27,287 - refund.py[line:142] - INFO: Refund Success!!!
2019-12-17 10:18:27,287 - refund.py[line:122] - INFO: Commit refund
2019-12-17 10:18:27,287 - refund.py[line:123] - INFO: refundBaseAmount:0,refundExtraAmount:3.61
2019-12-17 10:18:27,287 - refund.py[line:135] - DEBUG: https://managetest.ruqimobility.com/management/v1/orderinfo/refund
2019-12-17 10:18:27,937 - refund.py[line:137] - DEBUG: {"code":110019,"message":"退款失败：退款金额有误，当前可退金额为:支付记录1:1.48:支付记录2:2.13元"}
2019-12-17 10:18:27,938 - refund.py[line:146] - DEBUG: 1.48,2.13
2019-12-17 10:18:27,938 - refund.py[line:122] - INFO: Commit refund
2019-12-17 10:18:27,938 - refund.py[line:123] - INFO: refundBaseAmount:0,refundExtraAmount:2.13
2019-12-17 10:18:27,938 - refund.py[line:135] - DEBUG: https://managetest.ruqimobility.com/management/v1/orderinfo/refund
2019-12-17 10:18:29,031 - refund.py[line:137] - DEBUG: {"code":0,"message":"成功","content":{"orderId":"6771225975440015453","couponId":"6771216684622479811"}}
2019-12-17 10:18:29,031 - refund.py[line:142] - INFO: Refund Success!!!
2019-12-17 10:18:29,031 - refund.py[line:122] - INFO: Commit refund
2019-12-17 10:18:29,031 - refund.py[line:123] - INFO: refundBaseAmount:0,refundExtraAmount:1.48
2019-12-17 10:18:29,031 - refund.py[line:135] - DEBUG: https://managetest.ruqimobility.com/management/v1/orderinfo/refund
2019-12-17 10:18:30,355 - refund.py[line:137] - DEBUG: {"code":0,"message":"成功","content":{"orderId":"6771225975440015453","couponId":"6771216684622479811"}}
2019-12-17 10:18:30,355 - refund.py[line:142] - INFO: Refund Success!!!
2019-12-17 10:18:30,355 - refund.py[line:184] - DEBUG: Order has been refunded or adjusted to 0
2019-12-17 10:18:30,355 - refund.py[line:184] - DEBUG: Order has been refunded or adjusted to 0
2019-12-17 10:18:30,355 - refund.py[line:184] - DEBUG: Order has been refunded or adjusted to 0
2019-12-17 10:18:30,355 - refund.py[line:184] - DEBUG: Order has been refunded or adjusted to 0
2019-12-17 10:18:30,355 - refund.py[line:184] - DEBUG: Order has been refunded or adjusted to 0
2019-12-17 10:18:30,355 - refund.py[line:184] - DEBUG: Order has been refunded or adjusted to 0
2019-12-17 10:18:30,355 - refund.py[line:184] - DEBUG: Order has been refunded or adjusted to 0
2019-12-17 10:18:30,355 - refund.py[line:184] - DEBUG: Order has been refunded or adjusted to 0
2019-12-17 10:18:30,355 - refund.py[line:184] - DEBUG: Order has been refunded or adjusted to 0
2019-12-17 10:18:30,355 - refund.py[line:189] - INFO: Refund 5 orders
2019-12-17 10:18:30,355 - refund.py[line:190] - INFO: Done!!!

2019-12-17 10:24:23,244 - refund.py[line:195] - INFO: user phone:13250790293
2019-12-17 10:24:23,244 - refund.py[line:53] - INFO: Login RUQIMobility
2019-12-17 10:24:23,244 - refund.py[line:59] - DEBUG: https://managetest.ruqimobility.com/management/v1/login/web
2019-12-17 10:24:23,470 - refund.py[line:62] - DEBUG: {"code":0,"message":"成功"}
2019-12-17 10:24:23,471 - refund.py[line:64] - INFO: Login success
2019-12-17 10:24:23,471 - refund.py[line:161] - INFO: Refund days:1
2019-12-17 10:24:23,471 - refund.py[line:71] - INFO: Get refund orders
2019-12-17 10:24:23,471 - refund.py[line:72] - DEBUG: Page 1
2019-12-17 10:24:23,471 - refund.py[line:89] - DEBUG: https://managetest.ruqimobility.com/management/v1/orderinfo/queryListByFilter
2019-12-17 10:24:23,545 - refund.py[line:92] - INFO: Success
2019-12-17 10:24:23,547 - refund.py[line:100] - DEBUG: 1576486075
2019-12-17 10:24:23,547 - refund.py[line:102] - DEBUG: Get next page
2019-12-17 10:24:23,547 - refund.py[line:71] - INFO: Get refund orders
2019-12-17 10:24:23,547 - refund.py[line:72] - DEBUG: Page 2
2019-12-17 10:24:23,547 - refund.py[line:89] - DEBUG: https://managetest.ruqimobility.com/management/v1/orderinfo/queryListByFilter
2019-12-17 10:24:23,617 - refund.py[line:92] - INFO: Success
2019-12-17 10:24:23,618 - refund.py[line:100] - DEBUG: 1576252136
2019-12-17 10:24:23,618 - refund.py[line:105] - DEBUG: Finish
2019-12-17 10:24:23,618 - refund.py[line:169] - INFO: Order_Numbers:20
2019-12-17 10:24:23,618 - refund.py[line:184] - DEBUG: Order has been refunded or adjusted to 0
2019-12-17 10:24:23,618 - refund.py[line:184] - DEBUG: Order has been refunded or adjusted to 0
2019-12-17 10:24:23,618 - refund.py[line:184] - DEBUG: Order has been refunded or adjusted to 0
2019-12-17 10:24:23,618 - refund.py[line:184] - DEBUG: Order has been refunded or adjusted to 0
2019-12-17 10:24:23,618 - refund.py[line:184] - DEBUG: Order has been refunded or adjusted to 0
2019-12-17 10:24:23,618 - refund.py[line:184] - DEBUG: Order has been refunded or adjusted to 0
2019-12-17 10:24:23,618 - refund.py[line:184] - DEBUG: Order has been refunded or adjusted to 0
2019-12-17 10:24:23,618 - refund.py[line:184] - DEBUG: Order has been refunded or adjusted to 0
2019-12-17 10:24:23,618 - refund.py[line:184] - DEBUG: Order has been refunded or adjusted to 0
2019-12-17 10:24:23,618 - refund.py[line:184] - DEBUG: Order has been refunded or adjusted to 0
2019-12-17 10:24:23,618 - refund.py[line:184] - DEBUG: Order has been refunded or adjusted to 0
2019-12-17 10:24:23,619 - refund.py[line:184] - DEBUG: Order has been refunded or adjusted to 0
2019-12-17 10:24:23,619 - refund.py[line:184] - DEBUG: Order has been refunded or adjusted to 0
2019-12-17 10:24:23,619 - refund.py[line:184] - DEBUG: Order has been refunded or adjusted to 0
2019-12-17 10:24:23,619 - refund.py[line:184] - DEBUG: Order has been refunded or adjusted to 0
2019-12-17 10:24:23,619 - refund.py[line:184] - DEBUG: Order has been refunded or adjusted to 0
2019-12-17 10:24:23,619 - refund.py[line:184] - DEBUG: Order has been refunded or adjusted to 0
2019-12-17 10:24:23,619 - refund.py[line:184] - DEBUG: Order has been refunded or adjusted to 0
2019-12-17 10:24:23,619 - refund.py[line:184] - DEBUG: Order has been refunded or adjusted to 0
2019-12-17 10:24:23,619 - refund.py[line:184] - DEBUG: Order has been refunded or adjusted to 0
2019-12-17 10:24:23,619 - refund.py[line:189] - INFO: Refund 0 orders
2019-12-17 10:24:23,619 - refund.py[line:190] - INFO: Done!!!

2019-12-17 10:24:23,619 - refund.py[line:195] - INFO: user phone:15989104405
2019-12-17 10:24:23,620 - refund.py[line:53] - INFO: Login RUQIMobility
2019-12-17 10:24:23,620 - refund.py[line:59] - DEBUG: https://managetest.ruqimobility.com/management/v1/login/web
2019-12-17 10:24:23,725 - refund.py[line:62] - DEBUG: {"code":0,"message":"成功"}
2019-12-17 10:24:23,725 - refund.py[line:64] - INFO: Login success
2019-12-17 10:24:23,725 - refund.py[line:161] - INFO: Refund days:1
2019-12-17 10:24:23,725 - refund.py[line:71] - INFO: Get refund orders
2019-12-17 10:24:23,725 - refund.py[line:72] - DEBUG: Page 1
2019-12-17 10:24:23,725 - refund.py[line:89] - DEBUG: https://managetest.ruqimobility.com/management/v1/orderinfo/queryListByFilter
2019-12-17 10:24:23,794 - refund.py[line:92] - INFO: Success
2019-12-17 10:24:23,794 - refund.py[line:100] - DEBUG: 1575529841
2019-12-17 10:24:23,794 - refund.py[line:105] - DEBUG: Finish
2019-12-17 10:24:23,794 - refund.py[line:169] - INFO: Order_Numbers:10
2019-12-17 10:24:23,794 - refund.py[line:108] - DEBUG: Get order info
2019-12-17 10:24:23,794 - refund.py[line:110] - DEBUG: https://managetest.ruqimobility.com/management/v1/orderinfo/query/6771228067089088607?_=1576549463
2019-12-17 10:24:23,981 - refund.py[line:112] - DEBUG: {"code":0,"message":"成功","content":{"orderInfo":{"orderId":"6771228067089088607","productTypeId":"2","businessType":0,"carTypeId":"1","carTypeIds":"1","carTypeName":"经济型","source":0,"platform":3,"status":9,"statusRc":0,"statusMapSync":6,"statusForceEnd":0,"statusAbnormal":0,"statusDispatch":0,"flag":"0","userAccountId":"0","userId":"1682389398","userPhone":"15989104405","userName":"","userCompanyId":"0","userCompanyDeptId":"0","userFlightNumber":"","carId":"80801522","rentCompanyId":608,"carModel":"甲壳虫","carModelId":"0","carBrand":"广汽传褀2","carNumber":"粤A58118","carColor":1,"driverId":"6834282","driverPhone":"13250790293","driverName":"大师傅","dispatchTimeLength":0,"timeInit":"1576549389","timeDispatchStart":"0","timeDispatchDone":"1576549408","timeArrival":"1576549418","timeStart":"1576549421","timeEnd":"1576549435","timeConfirm":"1576549440","timeCancel":"0","timeRefund":"0","timeRefundCoupon":"0","couponId":"6771226408428437955","refundCouponId":"0","refundAmount":0.00,"timeAccept":"1576549405","expectStartTime":"1576553403","expectEndTime":"1576555083","startLatitude":23.1074,"startLongitude":113.33599,"startCity":"440100","startCityName":"广州市","startPosition":"广报中心-西北门","startAddress":"广报中心-西北门","startPoiid":"","endLatitude":22.988558425,"endLongitude":113.269322777,"endCity":"440100","endCityName":"广州","endPosition":"广州南站","endAddress":"广东省广州市番禺区石壁街","endPoiid":"5590598431056816962","cancelSource":0,"cancelReasonId":"0","cancelAmount":0.00,"otherCancelReason":"","cancelBeforeStatus":0,"realStartLatitude":23.106865234375,"realStartLongitude":113.3362844509549,"realEndLatitude":23.10685899522569,"realEndLongitude":113.3362836371528,"discount":10.00,"driverHighwayAmount":0.00,"driverParkingAmount":0.00,"driverBridgeAmount":10.00,"driverTipAmount":0.00,"driverOtherAmount":0.00,"driverOtherAmountReason":"","driverInputDistance":0.00,"driverInputRuntime":"0","clientSystemDistance":0.00,"chargeTimeLength":0,"chargeDistance":0.00,"chargeLongDistance":0.00,"chargeTimeAmount":0.00,"chargeDistanceAmount":0.00,"chargeLongDistanceAmount":0.00,"chargeTotalAmount":10.05,"chargeOriginTotalAmount":10.05,"chargeDriverAmount":0.00,"chargeOriginDriverAmount":0.00,"payChannel":1,"payDoneAmount":10.00,"payLeftAmount":0.00,"invoiceAmount":0.00,"payMinAmount":0.00,"payPreMethod":1,"payPreChannel":1,"payPreAuthStatus":2,"payPreCredit":2.03,"payFirstTransactionId":"0","payFirstAmount":0.00,"payAllow":1,"statusPay":3,"statusRefund":0,"statusSettlement":0,"statusInvoice":0,"statusComment":0,"operator":"","createTime":"2019-12-17 10:23:15","updateTime":"2019-12-17 10:24:11","timePay":"1576549450","startAdCode":"440105","endAdCode":"440113","couponAmount":0.05,"discountAmount":0.00,"pointEndLatitude":23.107405,"pointEndLongitude":113.335987},"couponCheck":{"orderId":"6771228067089088607","couponId":"6771226408428437955"},"orderRefundRecords":[],"chargeSnapshot":{"orderId":"6771228067089088607","userType":1,"formula":null,"chargeData":{"bridgeAmount":"10","highwayAmount":"0","orderId":"6771228067089088607","city":"440100","cancelAmount":"0","fromLat":23.1074,"discount":"0","fromLng":113.33599,"createOrderTime":1576549389,"carTypeIds":[],"chargeDriverActionType":2,"startTime":1576549421,"productType":2,"orderSource":0,"tipAmount":"0","carTypeId":1,"addPrice":"0","payPreCreditAmount":"0","userId":"1682389398","carId":80801522,"parkingAmount":"0","otherAmount":"0","toLat":22.988558425,"estimateType":0,"limitAmount":"0","_class":"com.tencent.travel.charge.model.ChargeData","userType":1,"endTime":1576549435,"toLng":113.269322777},"couponData":null,"chargePrice":null,"chargeResult":{"startAmount":0.05,"feeMin":0.02,"feeMinFlag":2,"startDistance":5.0,"startTimeLength":10,"timeLength":0,"distance":0.00,"chargeTimeLength":0,"chargeDistance":0.00,"longDistance":0,"timeAmount":0.00,"distanceAmount":0.00,"longDistanceAmount":0,"highwayAmount":0.00,"parkingAmount":0.00,"bridgeAmount":10.00,"tipAmount":0.00,"otherAmount":0.00,"addPrice":0,"discount":10.00,"discountMaxFee":100.00,"basicAmount":0.05,"originTotalAmount":10.05,"couponAmount":0.05,"discountAmount":0.00,"totalAmount":10.00,"userTotalAmount":10.00,"beforeAdjustmentUserAmount":0,"payPreCreditAmount":0,"cancelAmount":0,"couponData":{"couponId":"6771226408428437955","couponRuleId":"456456809","couponBatchId":"6770865678420214211","couponName":"奖励劵--条件","couponType":2,"couponValue":100,"limitAmount":0.00,"limitField":"","limitDiscount":0.00,"status":1,"startTime":"1576080000","endTime":"1607788799"},"segPriceInfoMap":{"0-0":{"isSegment":true,"startTime":"0","endTime":"0","actualStartTime":"","actualEndTime":"","feePerMinute":0.05,"feePerKilometer":0.05,"timeLength":0,"distance":0,"timeAmount":0.00,"distanceAmount":0.00,"feeStart":0,"commonSegmentKey":"0-0","segmentName":"平峰"}},"longDistanceList":[],"addFeeStart":0,"distanceBeforeMakeUp":-3},"createTime":"576549435","updateTime":null,"chargePriceInfo":{"chargePkgId":"199","chargePriceId":"199","title":"模拟正式预约单-2","status":1,"city":"440100","userType":1,"productTypeId":2,"carTypeId":1,"feeStart":0.05,"feePerMinute":0.05,"feePerKilometer":0.05,"freeDistance":5.0,"freeTime":10,"orderId":"6771228067089088607","segPriceInfoMap":{"23:00-00:00":{"chargePriceId":199,"title":"夜间","isSegment":1,"segmentTimeStart":"23:00","segmentTimeEnd":"00:00","feePerMinute":0.05,"feePerKilometer":0.05,"discount":10.0,"discountMaxFee":40.0},"00:00-05:00":{"chargePriceId":199,"title":"夜间","isSegment":1,"segmentTimeStart":"00:00","segmentTimeEnd":"05:00","feePerMinute":0.05,"feePerKilometer":0.05,"discount":10.0,"discountMaxFee":40.0},"0-0":{"chargePriceId":199,"title":"平峰","isSegment":1,"feePerMinute":0.05,"feePerKilometer":0.05,"discount":10.0,"discountMaxFee":100.0}},"longDistanceList":[{"longDistancePriceId":"520","chargePkgId":"199","feeLongPerKilometer":0.05,"freeLongDistance":15.0,"status":1,"founder":"gactravel","modifier":"gactravel","createTime":"2019-12-16 15:35:13","updateTime":"2019-12-16 15:35:13"}],"discountInfoVoMap":{"23:00-00:00":{"discountId":"80","segmentId":"4","discountBasicId":"29","discount":10.0,"discountMaxFee":40.0,"founder":"gactravel","modifier":"gactravel","createTime":"2019-08-29 11:08:15","updateTime":"2019-11-27 12:51:17","segmentName":"夜间","segmentType":0,"cityName":"广州","cityCode":"440100","startTime":"23:00","endTime":"00:00"},"00:00-05:00":{"discountId":"80","segmentId":"4","discountBasicId":"29","discount":10.0,"discountMaxFee":40.0,"founder":"gactravel","modifier":"gactravel","createTime":"2019-08-29 11:08:15","updateTime":"2019-11-27 12:51:17","segmentName":"夜间","segmentType":0,"cityName":"广州","cityCode":"440100","startTime":"00:00","endTime":"05:00"},"07:00-10:00":{"discountId":"77","segmentId":"1","discountBasicId":"29","discount":10.0,"discountMaxFee":99.0,"founder":"gactravel","modifier":"gactravel","createTime":"2019-08-29 11:08:15","updateTime":"2019-11-27 12:51:17","segmentName":"早高峰7-10","segmentType":0,"cityName":"广州","cityCode":"440100","startTime":"07:00","endTime":"10:00"},"16:41-17:35":{"discountId":"82","segmentId":"3","discountBasicId":"29","discount":10.0,"discountMaxFee":40.0,"founder":"gactravel","modifier":"gactravel","createTime":"2019-08-29 11:08:15","updateTime":"2019-11-27 12:51:17","segmentName":"16-19（暂不使用）","segmentType":0,"cityName":"广州","cityCode":"440100","startTime":"16:41","endTime":"17:35"},"0-0":{"discountId":"76","segmentId":"5","discountBasicId":"29","discount":10.0,"discountMaxFee":100.0,"founder":"gactravel","modifier":"gactravel","createTime":"2019-08-29 11:08:15","updateTime":"2019-11-27 12:51:17","segmentName":"平峰","segmentType":0,"cityName":"广州","cityCode":"440100"},"11:25-14:00":{"discountId":"138","segmentId":"22","discountBasicId":"29","discount":10.0,"discountMaxFee":22.0,"founder":"gactravel","modifier":"gactravel","createTime":"2019-11-13 10:04:25","updateTime":"2019-11-27 12:51:17","segmentName":"恒大","segmentType":0,"cityName":"广州","cityCode":"440100","startTime":"11:25","endTime":"14:00"},"17:50-19:00":{"discountId":"78","segmentId":"16","discountBasicId":"29","discount":10.0,"discountMaxFee":20.0,"founder":"gactravel","modifier":"gactravel","createTime":"2019-08-29 11:08:15","updateTime":"2019-11-27 12:51:17","segmentName":"晚高峰16-19","segmentType":0,"cityName":"广州","cityCode":"440100","startTime":"17:50","endTime":"19:00"},"11:00-16:00":{"discountId":"139","segmentId":"32","discountBasicId":"29","discount":10.0,"discountMaxFee":22.0,"founder":"gactravel","modifier":"gactravel","createTime":"2019-11-13 10:04:25","updateTime":"2019-11-27 12:51:17","segmentName":"中午高峰期","segmentType":0,"cityName":"广州","cityCode":"440100","startTime":"11:00","endTime":"16:00"},"20:22-23:00":{"discountId":"79","segmentId":"2","discountBasicId":"29","discount":10.0,"discountMaxFee":40.0,"founder":"gactravel","modifier":"gactravel","createTime":"2019-08-29 11:08:15","updateTime":"2019-11-27 12:51:17","segmentName":"晚上","segmentType":0,"cityName":"广州","cityCode":"440100","startTime":"20:22","endTime":"23:00"},"05:00-06:00":{"discountId":"81","segmentId":"17","discountBasicId":"29","discount":10.0,"discountMaxFee":40.0,"founder":"gactravel","modifier":"gactravel","createTime":"2019-08-29 11:08:15","updateTime":"2019-11-27 12:51:17","segmentName":"5-6","segmentType":0,"cityName":"广州","cityCode":"440100","startTime":"05:00","endTime":"06:00"}}},"estimateSnapData":{"estimateId":"6771228092054568965","orderId":"6771228067089088607","createTime":"1576549395","estimateInfo":{"1":{"startAmount":0.05,"feeMin":0.02,"feeMinFlag":2,"startDistance":5.0,"startTimeLength":10,"timeLength":28,"distance":20.72,"chargeTimeLength":18,"chargeDistance":15.71,"longDistance":5.72,"timeAmount":0.9,"distanceAmount":0.79,"longDistanceAmount":0.29,"highwayAmount":0.0,"parkingAmount":0.0,"bridgeAmount":0.0,"tipAmount":0.0,"otherAmount":0.0,"addPrice":0,"discount":10.0,"discountMaxFee":100.0,"basicAmount":2.03,"originTotalAmount":2.03,"couponAmount":2.03,"discountAmount":0.0,"totalAmount":0.0,"userTotalAmount":0.0,"beforeAdjustmentUserAmount":0,"payPreCreditAmount":0,"cancelAmount":0,"couponData":{"couponId":"6771226408428437955","couponRuleId":"456456809","couponBatchId":"6770865678420214211","couponName":"奖励劵--条件","couponType":2,"couponValue":100,"limitAmount":0.0,"limitField":"","limitDiscount":0.0,"status":0,"startTime":"1576080000","endTime":"1607788799"},"segPriceInfoMap":{"0-0":{"isSegment":true,"startTime":"0","endTime":"0","actualStartTime":"","actualEndTime":"","feePerMinute":0.05,"feePerKilometer":0.05,"timeLength":18,"distance":15.71,"timeAmount":0.9,"distanceAmount":0.79,"feeStart":0.05,"commonSegmentKey":"0-0","segmentName":"平峰"}},"longDistanceList":[{"feeLongPerKilometer":0.05,"freeLongDistance":15.0,"actualLongDistance":5.72,"actualAmount":0.29}],"addFeeStart":0.05}}},"adjustmentTimes":0,"adjustmentLimitTimes":-1,"payPreCreditAmount":2.03},"orderInfoExt":{"createOrderPosition":"广州报业文化中心","createOrderAddress":"广东省广州市海珠区阅江西路","createOrderLongitude":113.3362453884549,"createOrderLatitude":23.10684380425347,"confirmLatitude":23.106862521701387,"confirmLongitude":113.33628445095486,"arriveLatitude":23.10688503689236,"arriveLongitude":113.33625,"dispatchDriverIds":"","changeDriverReasonId":"0","adjustPassengerAmount":0.00,"adjustDriverAmount":0.00,"adjustPassengerReason":"","adjustDriverReason":"","adjustAmount":0.00,"estimateSnap":"{\"carModelId\":\"1\",\"custName\":\"\",\"deviceId\":\"3D3DE7CC-816A-4865-86C4-5A51C2E2ACA0\",\"deviceType\":\"iPhone8,2\",\"dispatchDuration\":false,\"estimatedKm\":\"0\",\"estimatedTime\":\"0\",\"expectStartTime\":1576553403,\"fromAdCode\":\"440105\",\"fromAddDtl\":\"广报中心-西北门\",\"fromAddress\":\"广报中心-西北门\",\"fromCityCode\":\"440100\",\"fromCityName\":\"广州市\",\"fromLat\":23.1074,\"fromLng\":113.33599,\"imei\":\"3D3DE7CC-816A-4865-86C4-5A51C2E2ACA0\",\"imsi\":\"46001\",\"mac\":\"3D3DE7CC-816A-4865-86C4-5A51C2E2ACA0\",\"orderSource\":0,\"platform\":\"iOS\",\"pointEndLatitude\":23.107405,\"pointEndLongitude\":113.335987,\"priorityContact\":0,\"prodType\":\"2\",\"submitAddDtl\":\"广东省广州市海珠区阅江西路\",\"submitAddress\":\"广州报业文化中心\",\"submitLat\":23.10684380425347,\"submitLng\":113.3362453884549,\"timestamp\":1576549388517,\"toAdCode\":\"440113\",\"toAddDtl\":\"广东省广州市番禺区石壁街\",\"toAddress\":\"广州南站\",\"toCityCode\":\"440100\",\"toCityName\":\"广州\",\"toLat\":22.988558425,\"toLng\":113.269322777,\"toPoiId\":\"5590598431056816962\",\"token\":\"AAAAEFBR9ayZj8d98Lp26PXvJElfPx6rEHQzSbXT4z7nfMYiz4gS7pVp9RaFupuSWDZOGfZ4TpMvSY3_1ddV_NKB6QTeoHc4O7NNLpltqo33-0QwcmBYcs4n0yLcoPmIXTGqV_2cSrL43BJZ7dg5x8QoioEtRWZ1vHSy9KSDCOtvvTRfsXxYexgqYnuvmeRi8C-syaYbTFsq9_BsAZ865Jyf8o1O5o2s6LY1fyBCzcmxpdSDKsExjReGUb8xDVz0f0p_55nNpDS-9D8QAn13y9y_qZZLtZlbe5zWTr_Q6yYIcLF7sNoor7EB9RNBXCmuw3ElXTvv76AksJ9DZOijQOQEpr3IpF3Wo5g=\",\"type\":\"0\",\"version\":\"200000180\"}","estimateBasicAmount":2.03,"estimateOriginTotalAmount":2.03,"estimateTotalAmount":0.00,"estimateDistance":20.72,"estimateCostTime":28,"estimateDriverAmount":0.00,"pickEstimateDistance":1.00,"pickEstimateCostTime":60},"showBalanceAmount":10.00,"showBaseAmount":0.00,"showExtraAmount":10.00,"payRecords":[{"payAmount":2.03,"payStatus":2,"channel":1,"recordTime":"1576549394"},{"payAmount":7.97,"payStatus":2,"channel":1,"recordTime":"1576549450"}]}}
2019-12-17 10:24:23,982 - refund.py[line:176] - DEBUG: OrderID：6771228067089088607
 payDoneAmount:10.0 refundBaseAmount:0.0 refundExtraAmount:10.0
2019-12-17 10:24:23,982 - refund.py[line:179] - INFO: OrderID：6771228067089088607
 payDoneAmount:10.0 refundBaseAmount:0.0 refundExtraAmount:10.0
2019-12-17 10:24:23,982 - refund.py[line:122] - INFO: Commit refund
2019-12-17 10:24:23,982 - refund.py[line:123] - INFO: refundBaseAmount:0.0,refundExtraAmount:10.0
2019-12-17 10:24:23,982 - refund.py[line:135] - DEBUG: https://managetest.ruqimobility.com/management/v1/orderinfo/refund
2019-12-17 10:24:24,115 - refund.py[line:137] - DEBUG: {"code":110019,"message":"退款失败：退款金额有误，当前可退金额为:支付记录1:7.97:支付记录2:2.03元"}
2019-12-17 10:24:24,115 - refund.py[line:146] - DEBUG: 7.97,2.03
2019-12-17 10:24:24,115 - refund.py[line:122] - INFO: Commit refund
2019-12-17 10:24:24,115 - refund.py[line:123] - INFO: refundBaseAmount:0.0,refundExtraAmount:7.97
2019-12-17 10:24:24,115 - refund.py[line:135] - DEBUG: https://managetest.ruqimobility.com/management/v1/orderinfo/refund
2019-12-17 10:24:25,664 - refund.py[line:137] - DEBUG: {"code":0,"message":"成功","content":{"orderId":"6771228067089088607","couponId":"6771226408428437955"}}
2019-12-17 10:24:25,664 - refund.py[line:142] - INFO: Refund Success!!!
2019-12-17 10:24:25,664 - refund.py[line:122] - INFO: Commit refund
2019-12-17 10:24:25,664 - refund.py[line:123] - INFO: refundBaseAmount:0,refundExtraAmount:2.03
2019-12-17 10:24:25,664 - refund.py[line:135] - DEBUG: https://managetest.ruqimobility.com/management/v1/orderinfo/refund
2019-12-17 10:24:26,970 - refund.py[line:137] - DEBUG: {"code":0,"message":"成功","content":{"orderId":"6771228067089088607","couponId":"6771226408428437955"}}
2019-12-17 10:24:26,970 - refund.py[line:142] - INFO: Refund Success!!!
2019-12-17 10:24:26,971 - refund.py[line:184] - DEBUG: Order has been refunded or adjusted to 0
2019-12-17 10:24:26,971 - refund.py[line:184] - DEBUG: Order has been refunded or adjusted to 0
2019-12-17 10:24:26,971 - refund.py[line:184] - DEBUG: Order has been refunded or adjusted to 0
2019-12-17 10:24:26,971 - refund.py[line:184] - DEBUG: Order has been refunded or adjusted to 0
2019-12-17 10:24:26,971 - refund.py[line:184] - DEBUG: Order has been refunded or adjusted to 0
2019-12-17 10:24:26,971 - refund.py[line:184] - DEBUG: Order has been refunded or adjusted to 0
2019-12-17 10:24:26,971 - refund.py[line:184] - DEBUG: Order has been refunded or adjusted to 0
2019-12-17 10:24:26,971 - refund.py[line:184] - DEBUG: Order has been refunded or adjusted to 0
2019-12-17 10:24:26,971 - refund.py[line:184] - DEBUG: Order has been refunded or adjusted to 0
2019-12-17 10:24:26,971 - refund.py[line:189] - INFO: Refund 2 orders
2019-12-17 10:24:26,971 - refund.py[line:190] - INFO: Done!!!

2019-12-17 10:35:26,608 - refund.py[line:195] - INFO: user phone:13250790293
2019-12-17 10:35:26,608 - refund.py[line:53] - INFO: Login RUQIMobility
2019-12-17 10:35:26,608 - refund.py[line:59] - DEBUG: https://managetest.ruqimobility.com/management/v1/login/web
2019-12-17 10:35:27,138 - refund.py[line:62] - DEBUG: {"code":0,"message":"成功"}
2019-12-17 10:35:27,138 - refund.py[line:64] - INFO: Login success
2019-12-17 10:35:27,138 - refund.py[line:161] - INFO: Refund days:1
2019-12-17 10:35:27,139 - refund.py[line:71] - INFO: Get refund orders
2019-12-17 10:35:27,139 - refund.py[line:72] - DEBUG: Page 1
2019-12-17 10:35:27,139 - refund.py[line:89] - DEBUG: https://managetest.ruqimobility.com/management/v1/orderinfo/queryListByFilter
2019-12-17 10:35:27,412 - refund.py[line:92] - INFO: Success
2019-12-17 10:35:27,414 - refund.py[line:100] - DEBUG: 1576486075
2019-12-17 10:35:27,415 - refund.py[line:102] - DEBUG: Get next page
2019-12-17 10:35:27,415 - refund.py[line:71] - INFO: Get refund orders
2019-12-17 10:35:27,415 - refund.py[line:72] - DEBUG: Page 2
2019-12-17 10:35:27,415 - refund.py[line:89] - DEBUG: https://managetest.ruqimobility.com/management/v1/orderinfo/queryListByFilter
2019-12-17 10:35:27,602 - refund.py[line:92] - INFO: Success
2019-12-17 10:35:27,603 - refund.py[line:100] - DEBUG: 1576252136
2019-12-17 10:35:27,603 - refund.py[line:105] - DEBUG: Finish
2019-12-17 10:35:27,603 - refund.py[line:169] - INFO: Order_Numbers:20
2019-12-17 10:35:27,603 - refund.py[line:184] - DEBUG: Order has been refunded or adjusted to 0
2019-12-17 10:35:27,603 - refund.py[line:184] - DEBUG: Order has been refunded or adjusted to 0
2019-12-17 10:35:27,603 - refund.py[line:184] - DEBUG: Order has been refunded or adjusted to 0
2019-12-17 10:35:27,603 - refund.py[line:184] - DEBUG: Order has been refunded or adjusted to 0
2019-12-17 10:35:27,603 - refund.py[line:184] - DEBUG: Order has been refunded or adjusted to 0
2019-12-17 10:35:27,603 - refund.py[line:184] - DEBUG: Order has been refunded or adjusted to 0
2019-12-17 10:35:27,603 - refund.py[line:184] - DEBUG: Order has been refunded or adjusted to 0
2019-12-17 10:35:27,603 - refund.py[line:184] - DEBUG: Order has been refunded or adjusted to 0
2019-12-17 10:35:27,603 - refund.py[line:184] - DEBUG: Order has been refunded or adjusted to 0
2019-12-17 10:35:27,603 - refund.py[line:184] - DEBUG: Order has been refunded or adjusted to 0
2019-12-17 10:35:27,603 - refund.py[line:184] - DEBUG: Order has been refunded or adjusted to 0
2019-12-17 10:35:27,603 - refund.py[line:184] - DEBUG: Order has been refunded or adjusted to 0
2019-12-17 10:35:27,603 - refund.py[line:184] - DEBUG: Order has been refunded or adjusted to 0
2019-12-17 10:35:27,603 - refund.py[line:184] - DEBUG: Order has been refunded or adjusted to 0
2019-12-17 10:35:27,603 - refund.py[line:184] - DEBUG: Order has been refunded or adjusted to 0
2019-12-17 10:35:27,604 - refund.py[line:184] - DEBUG: Order has been refunded or adjusted to 0
2019-12-17 10:35:27,604 - refund.py[line:184] - DEBUG: Order has been refunded or adjusted to 0
2019-12-17 10:35:27,604 - refund.py[line:184] - DEBUG: Order has been refunded or adjusted to 0
2019-12-17 10:35:27,604 - refund.py[line:184] - DEBUG: Order has been refunded or adjusted to 0
2019-12-17 10:35:27,604 - refund.py[line:184] - DEBUG: Order has been refunded or adjusted to 0
2019-12-17 10:35:27,604 - refund.py[line:189] - INFO: Refund 0 orders
2019-12-17 10:35:27,604 - refund.py[line:190] - INFO: Done!!!

2019-12-17 10:35:27,604 - refund.py[line:195] - INFO: user phone:15989104405
2019-12-17 10:35:27,605 - refund.py[line:53] - INFO: Login RUQIMobility
2019-12-17 10:35:27,605 - refund.py[line:59] - DEBUG: https://managetest.ruqimobility.com/management/v1/login/web
2019-12-17 10:35:27,865 - refund.py[line:62] - DEBUG: {"code":0,"message":"成功"}
2019-12-17 10:35:27,865 - refund.py[line:64] - INFO: Login success
2019-12-17 10:35:27,866 - refund.py[line:161] - INFO: Refund days:1
2019-12-17 10:35:27,866 - refund.py[line:71] - INFO: Get refund orders
2019-12-17 10:35:27,866 - refund.py[line:72] - DEBUG: Page 1
2019-12-17 10:35:27,866 - refund.py[line:89] - DEBUG: https://managetest.ruqimobility.com/management/v1/orderinfo/queryListByFilter
2019-12-17 10:35:28,133 - refund.py[line:92] - INFO: Success
2019-12-17 10:35:28,134 - refund.py[line:100] - DEBUG: 1575537911
2019-12-17 10:35:28,134 - refund.py[line:105] - DEBUG: Finish
2019-12-17 10:35:28,134 - refund.py[line:169] - INFO: Order_Numbers:10
2019-12-17 10:35:28,134 - refund.py[line:108] - DEBUG: Get order info
2019-12-17 10:35:28,134 - refund.py[line:110] - DEBUG: https://managetest.ruqimobility.com/management/v1/orderinfo/query/6771230476565741667?_=1576550127
2019-12-17 10:35:28,314 - refund.py[line:112] - DEBUG: {"code":0,"message":"成功","content":{"orderInfo":{"orderId":"6771230476565741667","productTypeId":"2","businessType":0,"carTypeId":"1","carTypeIds":"1","carTypeName":"经济型","source":0,"platform":3,"status":9,"statusRc":0,"statusMapSync":6,"statusForceEnd":0,"statusAbnormal":0,"statusDispatch":0,"flag":"0","userAccountId":"0","userId":"1682389398","userPhone":"15989104405","userName":"","userCompanyId":"0","userCompanyDeptId":"0","userFlightNumber":"","carId":"80801522","rentCompanyId":608,"carModel":"甲壳虫","carModelId":"0","carBrand":"广汽传褀2","carNumber":"粤A58118","carColor":1,"driverId":"6834282","driverPhone":"13250790293","driverName":"大师傅","dispatchTimeLength":0,"timeInit":"1576549950","timeDispatchStart":"0","timeDispatchDone":"1576549972","timeArrival":"1576549982","timeStart":"1576549985","timeEnd":"1576549989","timeConfirm":"1576549995","timeCancel":"0","timeRefund":"0","timeRefundCoupon":"0","couponId":"6771228332573786563","refundCouponId":"0","refundAmount":0.00,"timeAccept":"1576549968","expectStartTime":"1576554023","expectEndTime":"1576555763","startLatitude":23.1074,"startLongitude":113.33599,"startCity":"440100","startCityName":"广州市","startPosition":"广报中心-西北门","startAddress":"广报中心-西北门","startPoiid":"","endLatitude":22.988558425,"endLongitude":113.269322777,"endCity":"440100","endCityName":"广州","endPosition":"广州南站","endAddress":"广东省广州市番禺区石壁街","endPoiid":"5590598431056816962","cancelSource":0,"cancelReasonId":"0","cancelAmount":0.00,"otherCancelReason":"","cancelBeforeStatus":0,"realStartLatitude":23.10685031467014,"realStartLongitude":113.3362418619792,"realEndLatitude":23.10685031467014,"realEndLongitude":113.3362418619792,"discount":10.00,"driverHighwayAmount":0.00,"driverParkingAmount":10.00,"driverBridgeAmount":0.00,"driverTipAmount":0.00,"driverOtherAmount":0.00,"driverOtherAmountReason":"","driverInputDistance":0.00,"driverInputRuntime":"0","clientSystemDistance":0.00,"chargeTimeLength":0,"chargeDistance":0.07,"chargeLongDistance":0.00,"chargeTimeAmount":0.00,"chargeDistanceAmount":0.00,"chargeLongDistanceAmount":0.00,"chargeTotalAmount":10.05,"chargeOriginTotalAmount":10.05,"chargeDriverAmount":0.00,"chargeOriginDriverAmount":0.00,"payChannel":1,"payDoneAmount":10.00,"payLeftAmount":0.00,"invoiceAmount":0.00,"payMinAmount":0.00,"payPreMethod":1,"payPreChannel":1,"payPreAuthStatus":2,"payPreCredit":2.08,"payFirstTransactionId":"0","payFirstAmount":0.00,"payAllow":1,"statusPay":3,"statusRefund":0,"statusSettlement":0,"statusInvoice":0,"statusComment":0,"operator":"","createTime":"2019-12-17 10:32:37","updateTime":"2019-12-17 10:33:29","timePay":"1576550008","startAdCode":"440105","endAdCode":"440113","couponAmount":0.05,"discountAmount":0.00,"pointEndLatitude":23.107405,"pointEndLongitude":113.335987},"couponCheck":{"orderId":"6771230476565741667","couponId":"6771228332573786563"},"orderRefundRecords":[],"chargeSnapshot":{"orderId":"6771230476565741667","userType":1,"formula":null,"chargeData":{"bridgeAmount":"0","highwayAmount":"0","orderId":"6771230476565741667","city":"440100","cancelAmount":"0","fromLat":23.1074,"discount":"0","fromLng":113.33599,"createOrderTime":1576549950,"carTypeIds":[],"chargeDriverActionType":2,"startTime":1576549985,"productType":2,"orderSource":0,"tipAmount":"0","carTypeId":1,"addPrice":"0","payPreCreditAmount":"0","userId":"1682389398","carId":80801522,"parkingAmount":"10","otherAmount":"0","toLat":22.988558425,"estimateType":0,"limitAmount":"0","_class":"com.tencent.travel.charge.model.ChargeData","userType":1,"endTime":1576549989,"toLng":113.269322777},"couponData":null,"chargePrice":null,"chargeResult":{"startAmount":0.05,"feeMin":0.02,"feeMinFlag":2,"startDistance":5.0,"startTimeLength":10,"timeLength":0,"distance":0.07,"chargeTimeLength":0,"chargeDistance":0.00,"longDistance":0,"timeAmount":0.00,"distanceAmount":0.00,"longDistanceAmount":0,"highwayAmount":0.00,"parkingAmount":10.00,"bridgeAmount":0.00,"tipAmount":0.00,"otherAmount":0.00,"addPrice":0,"discount":10.00,"discountMaxFee":100.00,"basicAmount":0.05,"originTotalAmount":10.05,"couponAmount":0.05,"discountAmount":0.00,"totalAmount":10.00,"userTotalAmount":10.00,"beforeAdjustmentUserAmount":0,"payPreCreditAmount":0,"cancelAmount":0,"couponData":{"couponId":"6771228332573786563","couponRuleId":"456456809","couponBatchId":"6770865678420214211","couponName":"奖励劵--条件","couponType":2,"couponValue":100,"limitAmount":0.00,"limitField":"","limitDiscount":0.00,"status":1,"startTime":"1576080000","endTime":"1607788799"},"segPriceInfoMap":{"0-0":{"isSegment":true,"startTime":"0","endTime":"0","actualStartTime":"","actualEndTime":"","feePerMinute":0.05,"feePerKilometer":0.05,"timeLength":0,"distance":0,"timeAmount":0.00,"distanceAmount":0.00,"feeStart":0,"commonSegmentKey":"0-0","segmentName":"平峰"}},"longDistanceList":[],"addFeeStart":0,"distanceBeforeMakeUp":-3},"createTime":"576549989","updateTime":null,"chargePriceInfo":{"chargePkgId":"199","chargePriceId":"199","title":"模拟正式预约单-2","status":1,"city":"440100","userType":1,"productTypeId":2,"carTypeId":1,"feeStart":0.05,"feePerMinute":0.05,"feePerKilometer":0.05,"freeDistance":5.0,"freeTime":10,"orderId":"6771230476565741667","segPriceInfoMap":{"23:00-00:00":{"chargePriceId":199,"title":"夜间","isSegment":1,"segmentTimeStart":"23:00","segmentTimeEnd":"00:00","feePerMinute":0.05,"feePerKilometer":0.05,"discount":10.0,"discountMaxFee":40.0},"00:00-05:00":{"chargePriceId":199,"title":"夜间","isSegment":1,"segmentTimeStart":"00:00","segmentTimeEnd":"05:00","feePerMinute":0.05,"feePerKilometer":0.05,"discount":10.0,"discountMaxFee":40.0},"0-0":{"chargePriceId":199,"title":"平峰","isSegment":1,"feePerMinute":0.05,"feePerKilometer":0.05,"discount":10.0,"discountMaxFee":100.0}},"longDistanceList":[{"longDistancePriceId":"520","chargePkgId":"199","feeLongPerKilometer":0.05,"freeLongDistance":15.0,"status":1,"founder":"gactravel","modifier":"gactravel","createTime":"2019-12-16 15:35:13","updateTime":"2019-12-16 15:35:13"}],"discountInfoVoMap":{"23:00-00:00":{"discountId":"80","segmentId":"4","discountBasicId":"29","discount":10.0,"discountMaxFee":40.0,"founder":"gactravel","modifier":"gactravel","createTime":"2019-08-29 11:08:15","updateTime":"2019-11-27 12:51:17","segmentName":"夜间","segmentType":0,"cityName":"广州","cityCode":"440100","startTime":"23:00","endTime":"00:00"},"00:00-05:00":{"discountId":"80","segmentId":"4","discountBasicId":"29","discount":10.0,"discountMaxFee":40.0,"founder":"gactravel","modifier":"gactravel","createTime":"2019-08-29 11:08:15","updateTime":"2019-11-27 12:51:17","segmentName":"夜间","segmentType":0,"cityName":"广州","cityCode":"440100","startTime":"00:00","endTime":"05:00"},"07:00-10:00":{"discountId":"77","segmentId":"1","discountBasicId":"29","discount":10.0,"discountMaxFee":99.0,"founder":"gactravel","modifier":"gactravel","createTime":"2019-08-29 11:08:15","updateTime":"2019-11-27 12:51:17","segmentName":"早高峰7-10","segmentType":0,"cityName":"广州","cityCode":"440100","startTime":"07:00","endTime":"10:00"},"16:41-17:35":{"discountId":"82","segmentId":"3","discountBasicId":"29","discount":10.0,"discountMaxFee":40.0,"founder":"gactravel","modifier":"gactravel","createTime":"2019-08-29 11:08:15","updateTime":"2019-11-27 12:51:17","segmentName":"16-19（暂不使用）","segmentType":0,"cityName":"广州","cityCode":"440100","startTime":"16:41","endTime":"17:35"},"0-0":{"discountId":"76","segmentId":"5","discountBasicId":"29","discount":10.0,"discountMaxFee":100.0,"founder":"gactravel","modifier":"gactravel","createTime":"2019-08-29 11:08:15","updateTime":"2019-11-27 12:51:17","segmentName":"平峰","segmentType":0,"cityName":"广州","cityCode":"440100"},"11:25-14:00":{"discountId":"138","segmentId":"22","discountBasicId":"29","discount":10.0,"discountMaxFee":22.0,"founder":"gactravel","modifier":"gactravel","createTime":"2019-11-13 10:04:25","updateTime":"2019-11-27 12:51:17","segmentName":"恒大","segmentType":0,"cityName":"广州","cityCode":"440100","startTime":"11:25","endTime":"14:00"},"17:50-19:00":{"discountId":"78","segmentId":"16","discountBasicId":"29","discount":10.0,"discountMaxFee":20.0,"founder":"gactravel","modifier":"gactravel","createTime":"2019-08-29 11:08:15","updateTime":"2019-11-27 12:51:17","segmentName":"晚高峰16-19","segmentType":0,"cityName":"广州","cityCode":"440100","startTime":"17:50","endTime":"19:00"},"11:00-16:00":{"discountId":"139","segmentId":"32","discountBasicId":"29","discount":10.0,"discountMaxFee":22.0,"founder":"gactravel","modifier":"gactravel","createTime":"2019-11-13 10:04:25","updateTime":"2019-11-27 12:51:17","segmentName":"中午高峰期","segmentType":0,"cityName":"广州","cityCode":"440100","startTime":"11:00","endTime":"16:00"},"20:22-23:00":{"discountId":"79","segmentId":"2","discountBasicId":"29","discount":10.0,"discountMaxFee":40.0,"founder":"gactravel","modifier":"gactravel","createTime":"2019-08-29 11:08:15","updateTime":"2019-11-27 12:51:17","segmentName":"晚上","segmentType":0,"cityName":"广州","cityCode":"440100","startTime":"20:22","endTime":"23:00"},"05:00-06:00":{"discountId":"81","segmentId":"17","discountBasicId":"29","discount":10.0,"discountMaxFee":40.0,"founder":"gactravel","modifier":"gactravel","createTime":"2019-08-29 11:08:15","updateTime":"2019-11-27 12:51:17","segmentName":"5-6","segmentType":0,"cityName":"广州","cityCode":"440100","startTime":"05:00","endTime":"06:00"}}},"estimateSnapData":{"estimateId":"6771230505826189318","orderId":"6771230476565741667","createTime":"1576549957","estimateInfo":{"1":{"startAmount":0.05,"feeMin":0.02,"feeMinFlag":2,"startDistance":5.0,"startTimeLength":10,"timeLength":29,"distance":20.72,"chargeTimeLength":19,"chargeDistance":15.72,"longDistance":5.72,"timeAmount":0.95,"distanceAmount":0.79,"longDistanceAmount":0.29,"highwayAmount":0.0,"parkingAmount":0.0,"bridgeAmount":0.0,"tipAmount":0.0,"otherAmount":0.0,"addPrice":0,"discount":10.0,"discountMaxFee":100.0,"basicAmount":2.08,"originTotalAmount":2.08,"couponAmount":2.08,"discountAmount":0.0,"totalAmount":0.0,"userTotalAmount":0.0,"beforeAdjustmentUserAmount":0,"payPreCreditAmount":0,"cancelAmount":0,"couponData":{"couponId":"6771228332573786563","couponRuleId":"456456809","couponBatchId":"6770865678420214211","couponName":"奖励劵--条件","couponType":2,"couponValue":100,"limitAmount":0.0,"limitField":"","limitDiscount":0.0,"status":0,"startTime":"1576080000","endTime":"1607788799"},"segPriceInfoMap":{"0-0":{"isSegment":true,"startTime":"0","endTime":"0","actualStartTime":"","actualEndTime":"","feePerMinute":0.05,"feePerKilometer":0.05,"timeLength":19,"distance":15.72,"timeAmount":0.95,"distanceAmount":0.79,"feeStart":0.05,"commonSegmentKey":"0-0","segmentName":"平峰"}},"longDistanceList":[{"feeLongPerKilometer":0.05,"freeLongDistance":15.0,"actualLongDistance":5.72,"actualAmount":0.29}],"addFeeStart":0.05}}},"adjustmentTimes":0,"adjustmentLimitTimes":-1,"payPreCreditAmount":2.08},"orderInfoExt":{"createOrderPosition":"广州报业文化中心","createOrderAddress":"广东省广州市海珠区阅江西路","createOrderLongitude":113.3362749565972,"createOrderLatitude":23.10683403862847,"confirmLatitude":23.106867133246528,"confirmLongitude":113.33622612847222,"arriveLatitude":23.10682725694445,"arriveLongitude":113.3362784830729,"dispatchDriverIds":"","changeDriverReasonId":"0","adjustPassengerAmount":0.00,"adjustDriverAmount":0.00,"adjustPassengerReason":"","adjustDriverReason":"","adjustAmount":0.00,"estimateSnap":"{\"carModelId\":\"1\",\"custName\":\"\",\"deviceId\":\"3D3DE7CC-816A-4865-86C4-5A51C2E2ACA0\",\"deviceType\":\"iPhone8,2\",\"dispatchDuration\":false,\"estimatedKm\":\"0\",\"estimatedTime\":\"0\",\"expectStartTime\":1576554023,\"fromAdCode\":\"440105\",\"fromAddDtl\":\"广报中心-西北门\",\"fromAddress\":\"广报中心-西北门\",\"fromCityCode\":\"440100\",\"fromCityName\":\"广州市\",\"fromLat\":23.1074,\"fromLng\":113.33599,\"imei\":\"3D3DE7CC-816A-4865-86C4-5A51C2E2ACA0\",\"imsi\":\"46001\",\"mac\":\"3D3DE7CC-816A-4865-86C4-5A51C2E2ACA0\",\"orderSource\":0,\"platform\":\"iOS\",\"pointEndLatitude\":23.107405,\"pointEndLongitude\":113.335987,\"priorityContact\":0,\"prodType\":\"2\",\"submitAddDtl\":\"广东省广州市海珠区阅江西路\",\"submitAddress\":\"广州报业文化中心\",\"submitLat\":23.10683403862847,\"submitLng\":113.3362749565972,\"timestamp\":1576549949658,\"toAdCode\":\"440113\",\"toAddDtl\":\"广东省广州市番禺区石壁街\",\"toAddress\":\"广州南站\",\"toCityCode\":\"440100\",\"toCityName\":\"广州\",\"toLat\":22.988558425,\"toLng\":113.269322777,\"toPoiId\":\"5590598431056816962\",\"token\":\"AAAAEFBR9ayZj8d98Lp26PXvJElfPx6rEHQzSbXT4z7nfMYiz4gS7pVp9RaFupuSWDZOGfZ4TpMvSY3_1ddV_NKB6QTeoHc4O7NNLpltqo33-0QwcmBYcs4n0yLcoPmIXTGqV_2cSrL43BJZ7dg5x8QoioEtRWZ1vHSy9KSDCOtvvTRfsXxYexgqYnuvmeRi8C-syaYbTFsq9_BsAZ865Jyf8o1O5o2s6LY1fyBCzcmxpdSDKsExjReGUb8xDVz0f0p_55nNpDS-9D8QAn13y9y_qZZLtZlbe5zWTr_Q6yYIcLF7sNoor7EB9RNBXCmuw3ElXTvv76AksJ9DZOijQOQEpr3IpF3Wo5g=\",\"type\":\"0\",\"version\":\"200000180\"}","estimateBasicAmount":2.08,"estimateOriginTotalAmount":2.08,"estimateTotalAmount":0.00,"estimateDistance":20.72,"estimateCostTime":29,"estimateDriverAmount":0.00,"pickEstimateDistance":1.00,"pickEstimateCostTime":60},"showBalanceAmount":10.00,"showBaseAmount":0.00,"showExtraAmount":10.00,"payRecords":[{"payAmount":2.08,"payStatus":2,"channel":1,"recordTime":"1576549956"},{"payAmount":7.92,"payStatus":2,"channel":1,"recordTime":"1576550008"}]}}
2019-12-17 10:35:28,315 - refund.py[line:176] - DEBUG: OrderID：6771230476565741667
 payDoneAmount:10.0 refundBaseAmount:0.0 refundExtraAmount:10.0
2019-12-17 10:35:28,315 - refund.py[line:179] - INFO: OrderID：6771230476565741667
 payDoneAmount:10.0 refundBaseAmount:0.0 refundExtraAmount:10.0
2019-12-17 10:35:28,315 - refund.py[line:122] - INFO: Commit refund
2019-12-17 10:35:28,315 - refund.py[line:123] - INFO: refundBaseAmount:0.0,refundExtraAmount:10.0
2019-12-17 10:35:28,315 - refund.py[line:135] - DEBUG: https://managetest.ruqimobility.com/management/v1/orderinfo/refund
2019-12-17 10:35:28,455 - refund.py[line:137] - DEBUG: {"code":110019,"message":"退款失败：退款金额有误，当前可退金额为:支付记录1:7.92:支付记录2:2.08元"}
2019-12-17 10:35:28,456 - refund.py[line:146] - DEBUG: 7.92,2.08
2019-12-17 10:35:28,456 - refund.py[line:122] - INFO: Commit refund
2019-12-17 10:35:28,456 - refund.py[line:123] - INFO: refundBaseAmount:0.0,refundExtraAmount:7.92
2019-12-17 10:35:28,456 - refund.py[line:135] - DEBUG: https://managetest.ruqimobility.com/management/v1/orderinfo/refund
2019-12-17 10:35:29,918 - refund.py[line:137] - DEBUG: {"code":0,"message":"成功","content":{"orderId":"6771230476565741667","couponId":"6771228332573786563"}}
2019-12-17 10:35:29,918 - refund.py[line:142] - INFO: Refund Success!!!
2019-12-17 10:35:29,918 - refund.py[line:122] - INFO: Commit refund
2019-12-17 10:35:29,918 - refund.py[line:123] - INFO: refundBaseAmount:0,refundExtraAmount:2.08
2019-12-17 10:35:29,918 - refund.py[line:135] - DEBUG: https://managetest.ruqimobility.com/management/v1/orderinfo/refund
2019-12-17 10:35:31,108 - refund.py[line:137] - DEBUG: {"code":0,"message":"成功","content":{"orderId":"6771230476565741667","couponId":"6771228332573786563"}}
2019-12-17 10:35:31,108 - refund.py[line:142] - INFO: Refund Success!!!
2019-12-17 10:35:31,108 - refund.py[line:184] - DEBUG: Order has been refunded or adjusted to 0
2019-12-17 10:35:31,108 - refund.py[line:184] - DEBUG: Order has been refunded or adjusted to 0
2019-12-17 10:35:31,109 - refund.py[line:184] - DEBUG: Order has been refunded or adjusted to 0
2019-12-17 10:35:31,109 - refund.py[line:184] - DEBUG: Order has been refunded or adjusted to 0
2019-12-17 10:35:31,109 - refund.py[line:184] - DEBUG: Order has been refunded or adjusted to 0
2019-12-17 10:35:31,109 - refund.py[line:184] - DEBUG: Order has been refunded or adjusted to 0
2019-12-17 10:35:31,109 - refund.py[line:184] - DEBUG: Order has been refunded or adjusted to 0
2019-12-17 10:35:31,109 - refund.py[line:184] - DEBUG: Order has been refunded or adjusted to 0
2019-12-17 10:35:31,109 - refund.py[line:184] - DEBUG: Order has been refunded or adjusted to 0
2019-12-17 10:35:31,109 - refund.py[line:189] - INFO: Refund 2 orders
2019-12-17 10:35:31,109 - refund.py[line:190] - INFO: Done!!!

2019-12-17 14:47:01,042 - refund.py[line:226] - INFO: user phone:13250790293
2019-12-17 14:47:01,043 - refund.py[line:52] - INFO: Login RUQIMobility
2019-12-17 14:47:01,044 - refund.py[line:58] - DEBUG: https://managetest.ruqimobility.com/management/v1/login/web
2019-12-17 14:47:01,996 - refund.py[line:61] - DEBUG: {"code":0,"message":"成功"}
2019-12-17 14:47:01,996 - refund.py[line:63] - INFO: Login success
2019-12-17 14:47:01,997 - refund.py[line:165] - INFO: Refund days:1
2019-12-17 14:47:01,997 - refund.py[line:70] - INFO: Get refund orders
2019-12-17 14:47:01,997 - refund.py[line:71] - DEBUG: Page 1
2019-12-17 14:47:01,998 - refund.py[line:88] - DEBUG: https://managetest.ruqimobility.com/management/v1/orderinfo/queryListByFilter
2019-12-17 14:47:02,906 - refund.py[line:91] - INFO: Success
2019-12-17 14:47:02,918 - refund.py[line:99] - DEBUG: 1576486075
2019-12-17 14:47:02,919 - refund.py[line:101] - DEBUG: Get next page
2019-12-17 14:47:02,919 - refund.py[line:70] - INFO: Get refund orders
2019-12-17 14:47:02,919 - refund.py[line:71] - DEBUG: Page 2
2019-12-17 14:47:02,919 - refund.py[line:88] - DEBUG: https://managetest.ruqimobility.com/management/v1/orderinfo/queryListByFilter
2019-12-17 14:47:03,262 - refund.py[line:91] - INFO: Success
2019-12-17 14:47:03,264 - refund.py[line:99] - DEBUG: 1576252136
2019-12-17 14:47:03,264 - refund.py[line:104] - DEBUG: Finish
2019-12-17 14:47:03,265 - refund.py[line:173] - INFO: Order_Numbers:20
2019-12-17 14:47:03,265 - refund.py[line:215] - DEBUG: Order has been refunded or adjusted to 0
2019-12-17 14:47:03,266 - refund.py[line:215] - DEBUG: Order has been refunded or adjusted to 0
2019-12-17 14:47:03,266 - refund.py[line:215] - DEBUG: Order has been refunded or adjusted to 0
2019-12-17 14:47:03,266 - refund.py[line:215] - DEBUG: Order has been refunded or adjusted to 0
2019-12-17 14:47:03,266 - refund.py[line:215] - DEBUG: Order has been refunded or adjusted to 0
2019-12-17 14:47:03,266 - refund.py[line:215] - DEBUG: Order has been refunded or adjusted to 0
2019-12-17 14:47:03,266 - refund.py[line:215] - DEBUG: Order has been refunded or adjusted to 0
2019-12-17 14:47:03,266 - refund.py[line:215] - DEBUG: Order has been refunded or adjusted to 0
2019-12-17 14:47:03,266 - refund.py[line:215] - DEBUG: Order has been refunded or adjusted to 0
2019-12-17 14:47:03,267 - refund.py[line:215] - DEBUG: Order has been refunded or adjusted to 0
2019-12-17 14:47:03,267 - refund.py[line:215] - DEBUG: Order has been refunded or adjusted to 0
2019-12-17 14:47:03,267 - refund.py[line:215] - DEBUG: Order has been refunded or adjusted to 0
2019-12-17 14:47:03,267 - refund.py[line:215] - DEBUG: Order has been refunded or adjusted to 0
2019-12-17 14:47:03,267 - refund.py[line:215] - DEBUG: Order has been refunded or adjusted to 0
2019-12-17 14:47:03,267 - refund.py[line:215] - DEBUG: Order has been refunded or adjusted to 0
2019-12-17 14:47:03,268 - refund.py[line:215] - DEBUG: Order has been refunded or adjusted to 0
2019-12-17 14:47:03,268 - refund.py[line:215] - DEBUG: Order has been refunded or adjusted to 0
2019-12-17 14:47:03,268 - refund.py[line:215] - DEBUG: Order has been refunded or adjusted to 0
2019-12-17 14:47:03,269 - refund.py[line:215] - DEBUG: Order has been refunded or adjusted to 0
2019-12-17 14:47:03,269 - refund.py[line:215] - DEBUG: Order has been refunded or adjusted to 0
2019-12-17 14:47:03,269 - refund.py[line:220] - INFO: Refund 0 orders
2019-12-17 14:47:03,269 - refund.py[line:221] - INFO: Done!!!

2019-12-17 14:47:03,269 - refund.py[line:226] - INFO: user phone:15989104405
2019-12-17 14:47:03,274 - refund.py[line:52] - INFO: Login RUQIMobility
2019-12-17 14:47:03,275 - refund.py[line:58] - DEBUG: https://managetest.ruqimobility.com/management/v1/login/web
2019-12-17 14:47:03,480 - refund.py[line:61] - DEBUG: {"code":0,"message":"成功"}
2019-12-17 14:47:03,480 - refund.py[line:63] - INFO: Login success
2019-12-17 14:47:03,480 - refund.py[line:165] - INFO: Refund days:1
2019-12-17 14:47:03,481 - refund.py[line:70] - INFO: Get refund orders
2019-12-17 14:47:03,481 - refund.py[line:71] - DEBUG: Page 1
2019-12-17 14:47:03,481 - refund.py[line:88] - DEBUG: https://managetest.ruqimobility.com/management/v1/orderinfo/queryListByFilter
2019-12-17 14:47:04,045 - refund.py[line:91] - INFO: Success
2019-12-17 14:47:04,048 - refund.py[line:99] - DEBUG: 1576466249
2019-12-17 14:47:04,048 - refund.py[line:104] - DEBUG: Finish
2019-12-17 14:47:04,048 - refund.py[line:173] - INFO: Order_Numbers:10
2019-12-17 14:47:04,048 - refund.py[line:107] - DEBUG: Get order info
2019-12-17 14:47:04,049 - refund.py[line:109] - DEBUG: https://managetest.ruqimobility.com/management/v1/orderinfo/query/6771233083610890346?_=1576565223
2019-12-17 14:47:04,589 - refund.py[line:111] - DEBUG: {"code":0,"message":"成功","content":{"orderInfo":{"orderId":"6771233083610890346","productTypeId":"2","businessType":0,"carTypeId":"1","carTypeIds":"1","carTypeName":"经济型","source":0,"platform":3,"status":9,"statusRc":0,"statusMapSync":6,"statusForceEnd":0,"statusAbnormal":0,"statusDispatch":0,"flag":"0","userAccountId":"0","userId":"1682389398","userPhone":"15989104405","userName":"","userCompanyId":"0","userCompanyDeptId":"0","userFlightNumber":"","carId":"80801522","rentCompanyId":608,"carModel":"甲壳虫","carModelId":"0","carBrand":"广汽传褀2","carNumber":"粤A58118","carColor":1,"driverId":"6834282","driverPhone":"13250790293","driverName":"大师傅","dispatchTimeLength":0,"timeInit":"1576550557","timeDispatchStart":"0","timeDispatchDone":"1576550576","timeArrival":"1576550590","timeStart":"1576550592","timeEnd":"1576550596","timeConfirm":"1576550601","timeCancel":"0","timeRefund":"1576561569","timeRefundCoupon":"1576561576","couponId":"6771231678353310147","refundCouponId":"6771231678353310147","refundAmount":1.00,"timeAccept":"1576550573","expectStartTime":"1576554629","expectEndTime":"1576556309","startLatitude":23.1074,"startLongitude":113.33599,"startCity":"440100","startCityName":"广州市","startPosition":"广报中心-西北门","startAddress":"广报中心-西北门","startPoiid":"","endLatitude":22.988558425,"endLongitude":113.269322777,"endCity":"440100","endCityName":"广州","endPosition":"广州南站","endAddress":"广东省广州市番禺区石壁街","endPoiid":"5590598431056816962","cancelSource":0,"cancelReasonId":"0","cancelAmount":0.00,"otherCancelReason":"","cancelBeforeStatus":0,"realStartLatitude":23.10686550564236,"realStartLongitude":113.3362556966146,"realEndLatitude":23.10686550564236,"realEndLongitude":113.3362556966146,"discount":10.00,"driverHighwayAmount":0.00,"driverParkingAmount":10.00,"driverBridgeAmount":0.00,"driverTipAmount":0.00,"driverOtherAmount":0.00,"driverOtherAmountReason":"","driverInputDistance":0.00,"driverInputRuntime":"0","clientSystemDistance":0.00,"chargeTimeLength":0,"chargeDistance":0.00,"chargeLongDistance":0.00,"chargeTimeAmount":0.00,"chargeDistanceAmount":0.00,"chargeLongDistanceAmount":0.00,"chargeTotalAmount":10.05,"chargeOriginTotalAmount":10.05,"chargeDriverAmount":0.00,"chargeOriginDriverAmount":0.00,"payChannel":1,"payDoneAmount":10.00,"payLeftAmount":0.00,"invoiceAmount":0.00,"payMinAmount":0.00,"payPreMethod":1,"payPreChannel":1,"payPreAuthStatus":2,"payPreCredit":2.03,"payFirstTransactionId":"0","payFirstAmount":0.00,"payAllow":1,"statusPay":3,"statusRefund":4,"statusSettlement":0,"statusInvoice":0,"statusComment":0,"operator":"","createTime":"2019-12-17 10:42:49","updateTime":"2019-12-17 13:46:16","timePay":"1576550611","startAdCode":"440105","endAdCode":"440113","couponAmount":0.05,"discountAmount":0.00,"pointEndLatitude":23.107405,"pointEndLongitude":113.335987},"couponCheck":{"orderId":"6771233083610890346","couponId":"6771231678353310147"},"orderRefundRecords":[{"refundId":"1049","accountId":"200003539","orderId":"6771233083610890346","tradeNo":"2000035391576550602062","channel":1,"source":1,"refundAmount":100,"refundBaseAmount":0,"refundExtraAmount":100,"comment":"1","extra":"退款成功","refundSign":0,"operator":"gactravel1","createTime":"1576561569000","updateTime":"1576561569000"}],"chargeSnapshot":{"orderId":"6771233083610890346","userType":1,"formula":null,"chargeData":{"bridgeAmount":"0","highwayAmount":"0","orderId":"6771233083610890346","city":"440100","cancelAmount":"0","fromLat":23.1074,"discount":"0","fromLng":113.33599,"createOrderTime":1576550557,"carTypeIds":[],"chargeDriverActionType":2,"startTime":1576550592,"productType":2,"orderSource":0,"tipAmount":"0","carTypeId":1,"addPrice":"0","payPreCreditAmount":"0","userId":"1682389398","carId":80801522,"parkingAmount":"10","otherAmount":"0","toLat":22.988558425,"estimateType":0,"limitAmount":"0","_class":"com.tencent.travel.charge.model.ChargeData","userType":1,"endTime":1576550596,"toLng":113.269322777},"couponData":null,"chargePrice":null,"chargeResult":{"startAmount":0.05,"feeMin":0.02,"feeMinFlag":2,"startDistance":5.0,"startTimeLength":10,"timeLength":0,"distance":0.00,"chargeTimeLength":0,"chargeDistance":0.00,"longDistance":0,"timeAmount":0.00,"distanceAmount":0.00,"longDistanceAmount":0,"highwayAmount":0.00,"parkingAmount":10.00,"bridgeAmount":0.00,"tipAmount":0.00,"otherAmount":0.00,"addPrice":0,"discount":10.00,"discountMaxFee":100.00,"basicAmount":0.05,"originTotalAmount":10.05,"couponAmount":0.05,"discountAmount":0.00,"totalAmount":10.00,"userTotalAmount":10.00,"beforeAdjustmentUserAmount":0,"payPreCreditAmount":0,"cancelAmount":0,"couponData":{"couponId":"6771231678353310147","couponRuleId":"456456809","couponBatchId":"6770865678420214211","couponName":"奖励劵--条件","couponType":2,"couponValue":100,"limitAmount":0.00,"limitField":"","limitDiscount":0.00,"status":1,"startTime":"1576080000","endTime":"1607788799"},"segPriceInfoMap":{"0-0":{"isSegment":true,"startTime":"0","endTime":"0","actualStartTime":"","actualEndTime":"","feePerMinute":0.05,"feePerKilometer":0.05,"timeLength":0,"distance":0,"timeAmount":0.00,"distanceAmount":0.00,"feeStart":0,"commonSegmentKey":"0-0","segmentName":"平峰"}},"longDistanceList":[],"addFeeStart":0,"distanceBeforeMakeUp":-3},"createTime":"576550597","updateTime":null,"chargePriceInfo":{"chargePkgId":"199","chargePriceId":"199","title":"模拟正式预约单-2","status":1,"city":"440100","userType":1,"productTypeId":2,"carTypeId":1,"feeStart":0.05,"feePerMinute":0.05,"feePerKilometer":0.05,"freeDistance":5.0,"freeTime":10,"orderId":"6771233083610890346","segPriceInfoMap":{"23:00-00:00":{"chargePriceId":199,"title":"夜间","isSegment":1,"segmentTimeStart":"23:00","segmentTimeEnd":"00:00","feePerMinute":0.05,"feePerKilometer":0.05,"discount":10.0,"discountMaxFee":40.0},"00:00-05:00":{"chargePriceId":199,"title":"夜间","isSegment":1,"segmentTimeStart":"00:00","segmentTimeEnd":"05:00","feePerMinute":0.05,"feePerKilometer":0.05,"discount":10.0,"discountMaxFee":40.0},"0-0":{"chargePriceId":199,"title":"平峰","isSegment":1,"feePerMinute":0.05,"feePerKilometer":0.05,"discount":10.0,"discountMaxFee":100.0}},"longDistanceList":[{"longDistancePriceId":"520","chargePkgId":"199","feeLongPerKilometer":0.05,"freeLongDistance":15.0,"status":1,"founder":"gactravel","modifier":"gactravel","createTime":"2019-12-16 15:35:13","updateTime":"2019-12-16 15:35:13"}],"discountInfoVoMap":{"23:00-00:00":{"discountId":"80","segmentId":"4","discountBasicId":"29","discount":10.0,"discountMaxFee":40.0,"founder":"gactravel","modifier":"gactravel","createTime":"2019-08-29 11:08:15","updateTime":"2019-11-27 12:51:17","segmentName":"夜间","segmentType":0,"cityName":"广州","cityCode":"440100","startTime":"23:00","endTime":"00:00"},"00:00-05:00":{"discountId":"80","segmentId":"4","discountBasicId":"29","discount":10.0,"discountMaxFee":40.0,"founder":"gactravel","modifier":"gactravel","createTime":"2019-08-29 11:08:15","updateTime":"2019-11-27 12:51:17","segmentName":"夜间","segmentType":0,"cityName":"广州","cityCode":"440100","startTime":"00:00","endTime":"05:00"},"07:00-10:00":{"discountId":"77","segmentId":"1","discountBasicId":"29","discount":10.0,"discountMaxFee":99.0,"founder":"gactravel","modifier":"gactravel","createTime":"2019-08-29 11:08:15","updateTime":"2019-11-27 12:51:17","segmentName":"早高峰7-10","segmentType":0,"cityName":"广州","cityCode":"440100","startTime":"07:00","endTime":"10:00"},"16:41-17:35":{"discountId":"82","segmentId":"3","discountBasicId":"29","discount":10.0,"discountMaxFee":40.0,"founder":"gactravel","modifier":"gactravel","createTime":"2019-08-29 11:08:15","updateTime":"2019-11-27 12:51:17","segmentName":"16-19（暂不使用）","segmentType":0,"cityName":"广州","cityCode":"440100","startTime":"16:41","endTime":"17:35"},"0-0":{"discountId":"76","segmentId":"5","discountBasicId":"29","discount":10.0,"discountMaxFee":100.0,"founder":"gactravel","modifier":"gactravel","createTime":"2019-08-29 11:08:15","updateTime":"2019-11-27 12:51:17","segmentName":"平峰","segmentType":0,"cityName":"广州","cityCode":"440100"},"11:25-14:00":{"discountId":"138","segmentId":"22","discountBasicId":"29","discount":10.0,"discountMaxFee":22.0,"founder":"gactravel","modifier":"gactravel","createTime":"2019-11-13 10:04:25","updateTime":"2019-11-27 12:51:17","segmentName":"恒大","segmentType":0,"cityName":"广州","cityCode":"440100","startTime":"11:25","endTime":"14:00"},"17:50-19:00":{"discountId":"78","segmentId":"16","discountBasicId":"29","discount":10.0,"discountMaxFee":20.0,"founder":"gactravel","modifier":"gactravel","createTime":"2019-08-29 11:08:15","updateTime":"2019-11-27 12:51:17","segmentName":"晚高峰16-19","segmentType":0,"cityName":"广州","cityCode":"440100","startTime":"17:50","endTime":"19:00"},"11:00-16:00":{"discountId":"139","segmentId":"32","discountBasicId":"29","discount":10.0,"discountMaxFee":22.0,"founder":"gactravel","modifier":"gactravel","createTime":"2019-11-13 10:04:25","updateTime":"2019-11-27 12:51:17","segmentName":"中午高峰期","segmentType":0,"cityName":"广州","cityCode":"440100","startTime":"11:00","endTime":"16:00"},"20:22-23:00":{"discountId":"79","segmentId":"2","discountBasicId":"29","discount":10.0,"discountMaxFee":40.0,"founder":"gactravel","modifier":"gactravel","createTime":"2019-08-29 11:08:15","updateTime":"2019-11-27 12:51:17","segmentName":"晚上","segmentType":0,"cityName":"广州","cityCode":"440100","startTime":"20:22","endTime":"23:00"},"05:00-06:00":{"discountId":"81","segmentId":"17","discountBasicId":"29","discount":10.0,"discountMaxFee":40.0,"founder":"gactravel","modifier":"gactravel","createTime":"2019-08-29 11:08:15","updateTime":"2019-11-27 12:51:17","segmentName":"5-6","segmentType":0,"cityName":"广州","cityCode":"440100","startTime":"05:00","endTime":"06:00"}}},"estimateSnapData":{"estimateId":"6771233134346174472","orderId":"6771233083610890346","createTime":"1576550569","estimateInfo":{"1":{"startAmount":0.05,"feeMin":0.02,"feeMinFlag":2,"startDistance":5.0,"startTimeLength":10,"timeLength":28,"distance":20.72,"chargeTimeLength":18,"chargeDistance":15.71,"longDistance":5.72,"timeAmount":0.9,"distanceAmount":0.79,"longDistanceAmount":0.29,"highwayAmount":0.0,"parkingAmount":0.0,"bridgeAmount":0.0,"tipAmount":0.0,"otherAmount":0.0,"addPrice":0,"discount":10.0,"discountMaxFee":100.0,"basicAmount":2.03,"originTotalAmount":2.03,"couponAmount":2.03,"discountAmount":0.0,"totalAmount":0.0,"userTotalAmount":0.0,"beforeAdjustmentUserAmount":0,"payPreCreditAmount":0,"cancelAmount":0,"couponData":{"couponId":"6771231678353310147","couponRuleId":"456456809","couponBatchId":"6770865678420214211","couponName":"奖励劵--条件","couponType":2,"couponValue":100,"limitAmount":0.0,"limitField":"","limitDiscount":0.0,"status":0,"startTime":"1576080000","endTime":"1607788799"},"segPriceInfoMap":{"0-0":{"isSegment":true,"startTime":"0","endTime":"0","actualStartTime":"","actualEndTime":"","feePerMinute":0.05,"feePerKilometer":0.05,"timeLength":18,"distance":15.71,"timeAmount":0.9,"distanceAmount":0.79,"feeStart":0.05,"commonSegmentKey":"0-0","segmentName":"平峰"}},"longDistanceList":[{"feeLongPerKilometer":0.05,"freeLongDistance":15.0,"actualLongDistance":5.72,"actualAmount":0.29}],"addFeeStart":0.05}}},"adjustmentTimes":0,"adjustmentLimitTimes":-1,"payPreCreditAmount":2.03},"orderInfoExt":{"createOrderPosition":"广州报业文化中心","createOrderAddress":"广东省广州市海珠区阅江西路","createOrderLongitude":113.3362556966146,"createOrderLatitude":23.10686550564236,"confirmLatitude":23.10686550564236,"confirmLongitude":113.3362556966146,"arriveLatitude":23.10686550564236,"arriveLongitude":113.3362556966146,"dispatchDriverIds":"","changeDriverReasonId":"0","adjustPassengerAmount":0.00,"adjustDriverAmount":0.00,"adjustPassengerReason":"","adjustDriverReason":"","adjustAmount":0.00,"estimateSnap":"{\"carModelId\":\"1\",\"custName\":\"\",\"deviceId\":\"3D3DE7CC-816A-4865-86C4-5A51C2E2ACA0\",\"deviceType\":\"iPhone8,2\",\"dispatchDuration\":false,\"estimatedKm\":\"0\",\"estimatedTime\":\"0\",\"expectStartTime\":1576554629,\"fromAdCode\":\"440105\",\"fromAddDtl\":\"广报中心-西北门\",\"fromAddress\":\"广报中心-西北门\",\"fromCityCode\":\"440100\",\"fromCityName\":\"广州市\",\"fromLat\":23.1074,\"fromLng\":113.33599,\"imei\":\"3D3DE7CC-816A-4865-86C4-5A51C2E2ACA0\",\"imsi\":\"46001\",\"mac\":\"3D3DE7CC-816A-4865-86C4-5A51C2E2ACA0\",\"orderSource\":0,\"platform\":\"iOS\",\"pointEndLatitude\":23.107405,\"pointEndLongitude\":113.335987,\"priorityContact\":0,\"prodType\":\"2\",\"submitAddDtl\":\"广东省广州市海珠区阅江西路\",\"submitAddress\":\"广州报业文化中心\",\"submitLat\":23.10686550564236,\"submitLng\":113.3362556966146,\"timestamp\":1576550555920,\"toAdCode\":\"440113\",\"toAddDtl\":\"广东省广州市番禺区石壁街\",\"toAddress\":\"广州南站\",\"toCityCode\":\"440100\",\"toCityName\":\"广州\",\"toLat\":22.988558425,\"toLng\":113.269322777,\"toPoiId\":\"5590598431056816962\",\"token\":\"AAAAEFBR9ayZj8d98Lp26PXvJElfPx6rEHQzSbXT4z7nfMYiz4gS7pVp9RaFupuSWDZOGfZ4TpMvSY3_1ddV_NKB6QTeoHc4O7NNLpltqo33-0QwcmBYcs4n0yLcoPmIXTGqV_2cSrL43BJZ7dg5x8QoioEtRWZ1vHSy9KSDCOtvvTRfsXxYexgqYnuvmeRi8C-syaYbTFsq9_BsAZ865Jyf8o1O5o2s6LY1fyBCzcmxpdSDKsExjReGUb8xDVz0f0p_55nNpDS-9D8QAn13y9y_qZZLtZlbe5zWTr_Q6yYIcLF7sNoor7EB9RNBXCmuw3ElXTvv76AksJ9DZOijQOQEpr3IpF3Wo5g=\",\"type\":\"0\",\"version\":\"200000180\"}","estimateBasicAmount":2.03,"estimateOriginTotalAmount":2.03,"estimateTotalAmount":0.00,"estimateDistance":20.72,"estimateCostTime":28,"estimateDriverAmount":0.00,"pickEstimateDistance":1.00,"pickEstimateCostTime":60},"showBalanceAmount":9.00,"showBaseAmount":0.00,"showExtraAmount":9.00,"payRecords":[{"payAmount":2.03,"payStatus":2,"channel":1,"recordTime":"1576550568"},{"payAmount":7.97,"payStatus":2,"channel":1,"recordTime":"1576550611"},{"payAmount":1.0,"payStatus":3,"channel":1,"recordTime":"1576561569"}]}}
2019-12-17 14:47:04,595 - refund.py[line:180] - DEBUG: OrderID：6771233083610890346
 payDoneAmount:10.0 refundBaseAmount:0.0 refundExtraAmount:9.0
2019-12-17 14:47:04,596 - refund.py[line:122] - INFO: Commit refund
2019-12-17 14:47:04,596 - refund.py[line:123] - INFO: refundBaseAmount:0.0,refundExtraAmount:6.97
2019-12-17 14:47:04,597 - refund.py[line:135] - DEBUG: https://managetest.ruqimobility.com/management/v1/orderinfo/refund
2019-12-17 14:47:05,960 - refund.py[line:137] - INFO: {"code":0,"message":"成功","content":{"orderId":"6771233083610890346","couponId":"6771231678353310147"}}
2019-12-17 14:47:05,960 - refund.py[line:142] - INFO: Refund Success!!!
2019-12-17 14:47:05,961 - refund.py[line:122] - INFO: Commit refund
2019-12-17 14:47:05,961 - refund.py[line:123] - INFO: refundBaseAmount:0,refundExtraAmount:2.03
2019-12-17 14:47:05,961 - refund.py[line:135] - DEBUG: https://managetest.ruqimobility.com/management/v1/orderinfo/refund
2019-12-17 14:47:07,788 - refund.py[line:137] - INFO: {"code":0,"message":"成功","content":{"orderId":"6771233083610890346","couponId":"6771231678353310147"}}
2019-12-17 14:47:07,788 - refund.py[line:142] - INFO: Refund Success!!!
2019-12-17 14:47:07,789 - refund.py[line:215] - DEBUG: Order has been refunded or adjusted to 0
2019-12-17 14:47:07,789 - refund.py[line:215] - DEBUG: Order has been refunded or adjusted to 0
2019-12-17 14:47:07,789 - refund.py[line:215] - DEBUG: Order has been refunded or adjusted to 0
2019-12-17 14:47:07,790 - refund.py[line:215] - DEBUG: Order has been refunded or adjusted to 0
2019-12-17 14:47:07,790 - refund.py[line:215] - DEBUG: Order has been refunded or adjusted to 0
2019-12-17 14:47:07,790 - refund.py[line:215] - DEBUG: Order has been refunded or adjusted to 0
2019-12-17 14:47:07,791 - refund.py[line:215] - DEBUG: Order has been refunded or adjusted to 0
2019-12-17 14:47:07,791 - refund.py[line:215] - DEBUG: Order has been refunded or adjusted to 0
2019-12-17 14:47:07,791 - refund.py[line:215] - DEBUG: Order has been refunded or adjusted to 0
2019-12-17 14:47:07,791 - refund.py[line:220] - INFO: Refund 2 orders
2019-12-17 14:47:07,791 - refund.py[line:221] - INFO: Done!!!

2019-12-17 15:11:08,299 - refund.py[line:232] - INFO: user phone:13250790293
2019-12-17 15:11:08,300 - refund.py[line:52] - INFO: Login RUQIMobility
2019-12-17 15:11:08,300 - refund.py[line:58] - DEBUG: https://managetest.ruqimobility.com/management/v1/login/web
2019-12-17 15:11:08,822 - refund.py[line:61] - DEBUG: {"code":0,"message":"成功"}
2019-12-17 15:11:08,822 - refund.py[line:63] - INFO: Login success
2019-12-17 15:11:08,823 - refund.py[line:165] - INFO: Refund days:1
2019-12-17 15:11:08,824 - refund.py[line:70] - INFO: Get refund orders
2019-12-17 15:11:08,824 - refund.py[line:71] - DEBUG: Page 1
2019-12-17 15:11:08,825 - refund.py[line:88] - DEBUG: https://managetest.ruqimobility.com/management/v1/orderinfo/queryListByFilter
2019-12-17 15:11:09,105 - refund.py[line:91] - INFO: Success
2019-12-17 15:11:09,115 - refund.py[line:99] - DEBUG: 1576486075
2019-12-17 15:11:09,115 - refund.py[line:101] - DEBUG: Get next page
2019-12-17 15:11:09,115 - refund.py[line:70] - INFO: Get refund orders
2019-12-17 15:11:09,115 - refund.py[line:71] - DEBUG: Page 2
2019-12-17 15:11:09,116 - refund.py[line:88] - DEBUG: https://managetest.ruqimobility.com/management/v1/orderinfo/queryListByFilter
2019-12-17 15:11:09,393 - refund.py[line:91] - INFO: Success
2019-12-17 15:11:09,396 - refund.py[line:99] - DEBUG: 1576252136
2019-12-17 15:11:09,396 - refund.py[line:104] - DEBUG: Finish
2019-12-17 15:11:09,397 - refund.py[line:173] - INFO: Order_Numbers:20
2019-12-17 15:11:09,397 - refund.py[line:221] - DEBUG: Order has been refunded or adjusted to 0
2019-12-17 15:11:09,397 - refund.py[line:221] - DEBUG: Order has been refunded or adjusted to 0
2019-12-17 15:11:09,398 - refund.py[line:221] - DEBUG: Order has been refunded or adjusted to 0
2019-12-17 15:11:09,398 - refund.py[line:221] - DEBUG: Order has been refunded or adjusted to 0
2019-12-17 15:11:09,398 - refund.py[line:221] - DEBUG: Order has been refunded or adjusted to 0
2019-12-17 15:11:09,398 - refund.py[line:221] - DEBUG: Order has been refunded or adjusted to 0
2019-12-17 15:11:09,399 - refund.py[line:221] - DEBUG: Order has been refunded or adjusted to 0
2019-12-17 15:11:09,399 - refund.py[line:221] - DEBUG: Order has been refunded or adjusted to 0
2019-12-17 15:11:09,399 - refund.py[line:221] - DEBUG: Order has been refunded or adjusted to 0
2019-12-17 15:11:09,399 - refund.py[line:221] - DEBUG: Order has been refunded or adjusted to 0
2019-12-17 15:11:09,399 - refund.py[line:221] - DEBUG: Order has been refunded or adjusted to 0
2019-12-17 15:11:09,400 - refund.py[line:221] - DEBUG: Order has been refunded or adjusted to 0
2019-12-17 15:11:09,400 - refund.py[line:221] - DEBUG: Order has been refunded or adjusted to 0
2019-12-17 15:11:09,400 - refund.py[line:221] - DEBUG: Order has been refunded or adjusted to 0
2019-12-17 15:11:09,401 - refund.py[line:221] - DEBUG: Order has been refunded or adjusted to 0
2019-12-17 15:11:09,401 - refund.py[line:221] - DEBUG: Order has been refunded or adjusted to 0
2019-12-17 15:11:09,401 - refund.py[line:221] - DEBUG: Order has been refunded or adjusted to 0
2019-12-17 15:11:09,401 - refund.py[line:221] - DEBUG: Order has been refunded or adjusted to 0
2019-12-17 15:11:09,401 - refund.py[line:221] - DEBUG: Order has been refunded or adjusted to 0
2019-12-17 15:11:09,402 - refund.py[line:221] - DEBUG: Order has been refunded or adjusted to 0
2019-12-17 15:11:09,402 - refund.py[line:226] - INFO: Refund 0 orders
2019-12-17 15:11:09,402 - refund.py[line:227] - INFO: Done!!!

2019-12-17 15:11:09,402 - refund.py[line:232] - INFO: user phone:15989104405
2019-12-17 15:11:09,407 - refund.py[line:52] - INFO: Login RUQIMobility
2019-12-17 15:11:09,407 - refund.py[line:58] - DEBUG: https://managetest.ruqimobility.com/management/v1/login/web
2019-12-17 15:11:09,684 - refund.py[line:61] - DEBUG: {"code":0,"message":"成功"}
2019-12-17 15:11:09,685 - refund.py[line:63] - INFO: Login success
2019-12-17 15:11:09,685 - refund.py[line:165] - INFO: Refund days:1
2019-12-17 15:11:09,686 - refund.py[line:70] - INFO: Get refund orders
2019-12-17 15:11:09,686 - refund.py[line:71] - DEBUG: Page 1
2019-12-17 15:11:09,687 - refund.py[line:88] - DEBUG: https://managetest.ruqimobility.com/management/v1/orderinfo/queryListByFilter
2019-12-17 15:11:10,089 - refund.py[line:91] - INFO: Success
2019-12-17 15:11:10,092 - refund.py[line:99] - DEBUG: 1576466249
2019-12-17 15:11:10,092 - refund.py[line:104] - DEBUG: Finish
2019-12-17 15:11:10,092 - refund.py[line:173] - INFO: Order_Numbers:10
2019-12-17 15:11:10,093 - refund.py[line:221] - DEBUG: Order has been refunded or adjusted to 0
2019-12-17 15:11:10,093 - refund.py[line:221] - DEBUG: Order has been refunded or adjusted to 0
2019-12-17 15:11:10,093 - refund.py[line:221] - DEBUG: Order has been refunded or adjusted to 0
2019-12-17 15:11:10,093 - refund.py[line:221] - DEBUG: Order has been refunded or adjusted to 0
2019-12-17 15:11:10,093 - refund.py[line:221] - DEBUG: Order has been refunded or adjusted to 0
2019-12-17 15:11:10,094 - refund.py[line:221] - DEBUG: Order has been refunded or adjusted to 0
2019-12-17 15:11:10,094 - refund.py[line:221] - DEBUG: Order has been refunded or adjusted to 0
2019-12-17 15:11:10,094 - refund.py[line:221] - DEBUG: Order has been refunded or adjusted to 0
2019-12-17 15:11:10,094 - refund.py[line:221] - DEBUG: Order has been refunded or adjusted to 0
2019-12-17 15:11:10,095 - refund.py[line:221] - DEBUG: Order has been refunded or adjusted to 0
2019-12-17 15:11:10,095 - refund.py[line:226] - INFO: Refund 0 orders
2019-12-17 15:11:10,095 - refund.py[line:227] - INFO: Done!!!

