2020-01-14 09:12:53,875 - refund.py[line:165] - INFO: user phone:13250790293
2020-01-14 09:12:53,875 - refund.py[line:59] - INFO: Login RUQIMobility
2020-01-14 09:12:53,875 - refund.py[line:65] - DEBUG: https://managetest.ruqimobility.com/management/v1/login/web
2020-01-14 09:12:54,155 - refund.py[line:68] - DEBUG: {"code":0,"message":"成功"}
2020-01-14 09:12:54,155 - refund.py[line:70] - INFO: Login success
2020-01-14 09:12:54,155 - refund.py[line:167] - INFO: Refund days:1
2020-01-14 09:12:54,155 - refund.py[line:77] - INFO: Get refund orders
2020-01-14 09:12:54,155 - refund.py[line:78] - DEBUG: Page 1
2020-01-14 09:12:54,155 - refund.py[line:95] - DEBUG: https://managetest.ruqimobility.com/management/v1/orderinfo/queryListByFilter
2020-01-14 09:12:54,227 - refund.py[line:98] - INFO: Success
2020-01-14 09:12:54,230 - refund.py[line:106] - DEBUG: 1578880757
2020-01-14 09:12:54,230 - refund.py[line:108] - DEBUG: Get next page
2020-01-14 09:12:54,231 - refund.py[line:77] - INFO: Get refund orders
2020-01-14 09:12:54,231 - refund.py[line:78] - DEBUG: Page 2
2020-01-14 09:12:54,231 - refund.py[line:95] - DEBUG: https://managetest.ruqimobility.com/management/v1/orderinfo/queryListByFilter
2020-01-14 09:12:54,316 - refund.py[line:98] - INFO: Success
2020-01-14 09:12:54,317 - refund.py[line:106] - DEBUG: 1578756339
2020-01-14 09:12:54,317 - refund.py[line:111] - DEBUG: Finish
2020-01-14 09:12:54,317 - refund.py[line:175] - INFO: Order_Numbers:20
2020-01-14 09:12:54,317 - refund.py[line:223] - DEBUG: Order has been refunded or adjusted to 0
2020-01-14 09:12:54,317 - refund.py[line:223] - DEBUG: Order has been refunded or adjusted to 0
2020-01-14 09:12:54,317 - refund.py[line:223] - DEBUG: Order has been refunded or adjusted to 0
2020-01-14 09:12:54,317 - refund.py[line:223] - DEBUG: Order has been refunded or adjusted to 0
2020-01-14 09:12:54,317 - refund.py[line:223] - DEBUG: Order has been refunded or adjusted to 0
2020-01-14 09:12:54,317 - refund.py[line:223] - DEBUG: Order has been refunded or adjusted to 0
2020-01-14 09:12:54,317 - refund.py[line:223] - DEBUG: Order has been refunded or adjusted to 0
2020-01-14 09:12:54,317 - refund.py[line:223] - DEBUG: Order has been refunded or adjusted to 0
2020-01-14 09:12:54,317 - refund.py[line:223] - DEBUG: Order has been refunded or adjusted to 0
2020-01-14 09:12:54,317 - refund.py[line:223] - DEBUG: Order has been refunded or adjusted to 0
2020-01-14 09:12:54,318 - refund.py[line:223] - DEBUG: Order has been refunded or adjusted to 0
2020-01-14 09:12:54,318 - refund.py[line:223] - DEBUG: Order has been refunded or adjusted to 0
2020-01-14 09:12:54,318 - refund.py[line:223] - DEBUG: Order has been refunded or adjusted to 0
2020-01-14 09:12:54,318 - refund.py[line:223] - DEBUG: Order has been refunded or adjusted to 0
2020-01-14 09:12:54,318 - refund.py[line:223] - DEBUG: Order has been refunded or adjusted to 0
2020-01-14 09:12:54,318 - refund.py[line:223] - DEBUG: Order has been refunded or adjusted to 0
2020-01-14 09:12:54,318 - refund.py[line:223] - DEBUG: Order has been refunded or adjusted to 0
2020-01-14 09:12:54,318 - refund.py[line:223] - DEBUG: Order has been refunded or adjusted to 0
2020-01-14 09:12:54,318 - refund.py[line:223] - DEBUG: Order has been refunded or adjusted to 0
2020-01-14 09:12:54,318 - refund.py[line:223] - DEBUG: Order has been refunded or adjusted to 0
2020-01-14 09:12:54,318 - refund.py[line:230] - INFO: Database commit
2020-01-14 09:12:54,323 - refund.py[line:237] - INFO: Refund 0 orders
2020-01-14 09:12:54,323 - refund.py[line:238] - INFO: Done!!!

2020-01-14 09:12:54,347 - refund.py[line:165] - INFO: user phone:15989104405
2020-01-14 09:12:54,348 - refund.py[line:59] - INFO: Login RUQIMobility
2020-01-14 09:12:54,348 - refund.py[line:65] - DEBUG: https://managetest.ruqimobility.com/management/v1/login/web
2020-01-14 09:12:54,468 - refund.py[line:68] - DEBUG: {"code":0,"message":"成功"}
2020-01-14 09:12:54,468 - refund.py[line:70] - INFO: Login success
2020-01-14 09:12:54,468 - refund.py[line:167] - INFO: Refund days:1
2020-01-14 09:12:54,468 - refund.py[line:77] - INFO: Get refund orders
2020-01-14 09:12:54,469 - refund.py[line:78] - DEBUG: Page 1
2020-01-14 09:12:54,469 - refund.py[line:95] - DEBUG: https://managetest.ruqimobility.com/management/v1/orderinfo/queryListByFilter
2020-01-14 09:12:54,527 - refund.py[line:98] - INFO: Success
2020-01-14 09:12:54,528 - refund.py[line:106] - DEBUG: 1577344780
2020-01-14 09:12:54,528 - refund.py[line:111] - DEBUG: Finish
2020-01-14 09:12:54,528 - refund.py[line:175] - INFO: Order_Numbers:10
2020-01-14 09:12:54,528 - refund.py[line:223] - DEBUG: Order has been refunded or adjusted to 0
2020-01-14 09:12:54,528 - refund.py[line:223] - DEBUG: Order has been refunded or adjusted to 0
2020-01-14 09:12:54,528 - refund.py[line:223] - DEBUG: Order has been refunded or adjusted to 0
2020-01-14 09:12:54,529 - refund.py[line:223] - DEBUG: Order has been refunded or adjusted to 0
2020-01-14 09:12:54,529 - refund.py[line:223] - DEBUG: Order has been refunded or adjusted to 0
2020-01-14 09:12:54,529 - refund.py[line:223] - DEBUG: Order has been refunded or adjusted to 0
2020-01-14 09:12:54,529 - refund.py[line:223] - DEBUG: Order has been refunded or adjusted to 0
2020-01-14 09:12:54,529 - refund.py[line:223] - DEBUG: Order has been refunded or adjusted to 0
2020-01-14 09:12:54,529 - refund.py[line:223] - DEBUG: Order has been refunded or adjusted to 0
2020-01-14 09:12:54,529 - refund.py[line:223] - DEBUG: Order has been refunded or adjusted to 0
2020-01-14 09:12:54,529 - refund.py[line:230] - INFO: Database commit
2020-01-14 09:12:54,534 - refund.py[line:237] - INFO: Refund 0 orders
2020-01-14 09:12:54,534 - refund.py[line:238] - INFO: Done!!!

2020-01-14 09:12:54,534 - refund.py[line:250] - INFO: Cost time:0.68s
2020-01-14 14:54:56,357 - refund.py[line:165] - INFO: user phone:13250790293
2020-01-14 14:54:56,358 - refund.py[line:59] - INFO: Login RUQIMobility
2020-01-14 14:54:56,360 - refund.py[line:65] - DEBUG: https://managetest.ruqimobility.com/management/v1/login/web
2020-01-14 14:54:56,574 - refund.py[line:68] - DEBUG: {"code":0,"message":"成功"}
2020-01-14 14:54:56,575 - refund.py[line:70] - INFO: Login success
2020-01-14 14:54:56,575 - refund.py[line:167] - INFO: Refund days:1
2020-01-14 14:54:56,576 - refund.py[line:77] - INFO: Get refund orders
2020-01-14 14:54:56,577 - refund.py[line:78] - DEBUG: Page 1
2020-01-14 14:54:56,577 - refund.py[line:95] - DEBUG: https://managetest.ruqimobility.com/management/v1/orderinfo/queryListByFilter
2020-01-14 14:54:56,949 - refund.py[line:98] - INFO: Success
2020-01-14 14:54:56,960 - refund.py[line:106] - DEBUG: 1578894940
2020-01-14 14:54:56,960 - refund.py[line:111] - DEBUG: Finish
2020-01-14 14:54:56,961 - refund.py[line:175] - INFO: Order_Numbers:10
2020-01-14 14:54:56,961 - refund.py[line:114] - DEBUG: Get order info
2020-01-14 14:54:56,961 - refund.py[line:116] - DEBUG: https://managetest.ruqimobility.com/management/v1/orderinfo/query/6781686905160335460?_=1578984896
2020-01-14 14:54:57,094 - refund.py[line:182] - DEBUG: OrderID：6781686905160335460
 payDoneAmount:0.09 refundBaseAmount:0.09 refundExtraAmount:0.0
2020-01-14 14:54:57,095 - refund.py[line:183] - DEBUG: [{'payAmount': 0.09, 'payStatus': 2, 'channel': 1, 'recordTime': '1578984888'}]
2020-01-14 14:54:57,095 - refund.py[line:189] - DEBUG: 2
2020-01-14 14:54:57,095 - refund.py[line:190] - DEBUG: 0.09
2020-01-14 14:54:57,095 - refund.py[line:197] - DEBUG: pay_times: 1
2020-01-14 14:54:57,095 - refund.py[line:198] - DEBUG: 0
2020-01-14 14:54:57,096 - refund.py[line:201] - INFO: OrderID:6781686905160335460
 payDoneAmount:0.09 refundBaseAmount:0.09 refundExtraAmount:0.0
2020-01-14 14:54:57,098 - refund.py[line:128] - INFO: Commit refund
2020-01-14 14:54:57,098 - refund.py[line:129] - INFO: refundBaseAmount:0.09,refundExtraAmount:0.0
2020-01-14 14:54:57,098 - refund.py[line:141] - DEBUG: https://managetest.ruqimobility.com/management/v1/orderinfo/refund
2020-01-14 14:54:58,932 - refund.py[line:143] - INFO: {"code":0,"message":"成功"}
2020-01-14 14:54:58,933 - refund.py[line:149] - INFO: Refund Success!!!
2020-01-14 14:54:58,936 - refund.py[line:155] - INFO: Insert database
2020-01-14 14:54:58,947 - refund.py[line:223] - DEBUG: Order has been refunded or adjusted to 0
2020-01-14 14:54:58,947 - refund.py[line:114] - DEBUG: Get order info
2020-01-14 14:54:58,948 - refund.py[line:116] - DEBUG: https://managetest.ruqimobility.com/management/v1/orderinfo/query/6781678491319402576?_=1578984896
2020-01-14 14:54:59,179 - refund.py[line:182] - DEBUG: OrderID：6781678491319402576
 payDoneAmount:0.09 refundBaseAmount:0.09 refundExtraAmount:0.0
2020-01-14 14:54:59,179 - refund.py[line:183] - DEBUG: [{'payAmount': 0.01, 'payStatus': 2, 'channel': 1, 'recordTime': '1578983393'}]
2020-01-14 14:54:59,180 - refund.py[line:189] - DEBUG: 2
2020-01-14 14:54:59,180 - refund.py[line:190] - DEBUG: 0.01
2020-01-14 14:54:59,180 - refund.py[line:197] - DEBUG: pay_times: 1
2020-01-14 14:54:59,181 - refund.py[line:198] - DEBUG: 0
2020-01-14 14:54:59,181 - refund.py[line:201] - INFO: OrderID:6781678491319402576
 payDoneAmount:0.09 refundBaseAmount:0.09 refundExtraAmount:0.0
2020-01-14 14:54:59,182 - refund.py[line:128] - INFO: Commit refund
2020-01-14 14:54:59,183 - refund.py[line:129] - INFO: refundBaseAmount:0.09,refundExtraAmount:0.0
2020-01-14 14:54:59,184 - refund.py[line:141] - DEBUG: https://managetest.ruqimobility.com/management/v1/orderinfo/refund
2020-01-14 14:54:59,393 - refund.py[line:143] - INFO: {"code":110019,"message":"退款失败：退款金额有误，当前可退金额为:支付记录1:0.01元"}
2020-01-14 14:54:59,395 - refund.py[line:152] - ERROR: 退款失败：退款金额有误，当前可退金额为:支付记录1:0.01元
2020-01-14 14:54:59,405 - refund.py[line:155] - INFO: Insert database
2020-01-14 14:54:59,413 - refund.py[line:161] - ERROR: Insert Fail
2020-01-14 14:54:59,414 - refund.py[line:223] - DEBUG: Order has been refunded or adjusted to 0
2020-01-14 14:54:59,414 - refund.py[line:223] - DEBUG: Order has been refunded or adjusted to 0
2020-01-14 14:54:59,414 - refund.py[line:223] - DEBUG: Order has been refunded or adjusted to 0
2020-01-14 14:54:59,414 - refund.py[line:223] - DEBUG: Order has been refunded or adjusted to 0
2020-01-14 14:54:59,414 - refund.py[line:223] - DEBUG: Order has been refunded or adjusted to 0
2020-01-14 14:54:59,415 - refund.py[line:223] - DEBUG: Order has been refunded or adjusted to 0
2020-01-14 14:54:59,415 - refund.py[line:223] - DEBUG: Order has been refunded or adjusted to 0
2020-01-14 14:54:59,415 - refund.py[line:230] - INFO: Database commit
2020-01-14 14:54:59,473 - refund.py[line:237] - INFO: Refund 1 orders
2020-01-14 14:54:59,473 - refund.py[line:238] - INFO: Done!!!

2020-01-14 14:54:59,631 - refund.py[line:165] - INFO: user phone:15989104405
2020-01-14 14:54:59,632 - refund.py[line:59] - INFO: Login RUQIMobility
2020-01-14 14:54:59,633 - refund.py[line:65] - DEBUG: https://managetest.ruqimobility.com/management/v1/login/web
2020-01-14 14:54:59,785 - refund.py[line:68] - DEBUG: {"code":0,"message":"成功"}
2020-01-14 14:54:59,786 - refund.py[line:70] - INFO: Login success
2020-01-14 14:54:59,786 - refund.py[line:167] - INFO: Refund days:1
2020-01-14 14:54:59,791 - refund.py[line:77] - INFO: Get refund orders
2020-01-14 14:54:59,793 - refund.py[line:78] - DEBUG: Page 1
2020-01-14 14:54:59,793 - refund.py[line:95] - DEBUG: https://managetest.ruqimobility.com/management/v1/orderinfo/queryListByFilter
2020-01-14 14:54:59,904 - refund.py[line:98] - INFO: Success
2020-01-14 14:54:59,908 - refund.py[line:106] - DEBUG: 1577344780
2020-01-14 14:54:59,908 - refund.py[line:111] - DEBUG: Finish
2020-01-14 14:54:59,910 - refund.py[line:175] - INFO: Order_Numbers:10
2020-01-14 14:54:59,913 - refund.py[line:223] - DEBUG: Order has been refunded or adjusted to 0
2020-01-14 14:54:59,913 - refund.py[line:223] - DEBUG: Order has been refunded or adjusted to 0
2020-01-14 14:54:59,913 - refund.py[line:223] - DEBUG: Order has been refunded or adjusted to 0
2020-01-14 14:54:59,915 - refund.py[line:223] - DEBUG: Order has been refunded or adjusted to 0
2020-01-14 14:54:59,915 - refund.py[line:223] - DEBUG: Order has been refunded or adjusted to 0
2020-01-14 14:54:59,915 - refund.py[line:223] - DEBUG: Order has been refunded or adjusted to 0
2020-01-14 14:54:59,915 - refund.py[line:223] - DEBUG: Order has been refunded or adjusted to 0
2020-01-14 14:54:59,916 - refund.py[line:223] - DEBUG: Order has been refunded or adjusted to 0
2020-01-14 14:54:59,916 - refund.py[line:223] - DEBUG: Order has been refunded or adjusted to 0
2020-01-14 14:54:59,916 - refund.py[line:223] - DEBUG: Order has been refunded or adjusted to 0
2020-01-14 14:54:59,916 - refund.py[line:230] - INFO: Database commit
2020-01-14 14:54:59,925 - refund.py[line:237] - INFO: Refund 0 orders
2020-01-14 14:54:59,926 - refund.py[line:238] - INFO: Done!!!

2020-01-14 14:54:59,931 - refund.py[line:250] - INFO: Cost time:3.64s
