2020-01-07 17:09:52,085 - refund.py[line:146] - INFO: user phone:13250790293
2020-01-07 17:09:52,085 - refund.py[line:51] - INFO: Login RUQIMobility
2020-01-07 17:09:52,086 - refund.py[line:57] - DEBUG: https://managetest.ruqimobility.com/management/v1/login/web
2020-01-07 17:09:52,283 - refund.py[line:60] - DEBUG: {"code":0,"message":"成功"}
2020-01-07 17:09:52,283 - refund.py[line:62] - INFO: Login success
2020-01-07 17:09:52,283 - refund.py[line:148] - INFO: Refund days:1
2020-01-07 17:09:52,283 - refund.py[line:69] - INFO: Get refund orders
2020-01-07 17:09:52,283 - refund.py[line:70] - DEBUG: Page 1
2020-01-07 17:09:52,283 - refund.py[line:87] - DEBUG: https://managetest.ruqimobility.com/management/v1/orderinfo/queryListByFilter
2020-01-07 17:09:52,453 - refund.py[line:90] - INFO: Success
2020-01-07 17:09:52,455 - refund.py[line:98] - DEBUG: 1577687197
2020-01-07 17:09:52,455 - refund.py[line:103] - DEBUG: Finish
2020-01-07 17:09:52,455 - refund.py[line:156] - INFO: Order_Numbers:10
2020-01-07 17:09:52,455 - refund.py[line:204] - DEBUG: Order has been refunded or adjusted to 0
2020-01-07 17:09:52,455 - refund.py[line:204] - DEBUG: Order has been refunded or adjusted to 0
2020-01-07 17:09:52,456 - refund.py[line:204] - DEBUG: Order has been refunded or adjusted to 0
2020-01-07 17:09:52,456 - refund.py[line:204] - DEBUG: Order has been refunded or adjusted to 0
2020-01-07 17:09:52,456 - refund.py[line:204] - DEBUG: Order has been refunded or adjusted to 0
2020-01-07 17:09:52,456 - refund.py[line:204] - DEBUG: Order has been refunded or adjusted to 0
2020-01-07 17:09:52,456 - refund.py[line:204] - DEBUG: Order has been refunded or adjusted to 0
2020-01-07 17:09:52,456 - refund.py[line:204] - DEBUG: Order has been refunded or adjusted to 0
2020-01-07 17:09:52,456 - refund.py[line:204] - DEBUG: Order has been refunded or adjusted to 0
2020-01-07 17:09:52,456 - refund.py[line:204] - DEBUG: Order has been refunded or adjusted to 0
2020-01-07 17:09:52,456 - refund.py[line:210] - INFO: Refund 0 orders
2020-01-07 17:09:52,456 - refund.py[line:211] - INFO: Done!!!

2020-01-07 17:09:52,457 - refund.py[line:146] - INFO: user phone:15989104405
2020-01-07 17:09:52,457 - refund.py[line:51] - INFO: Login RUQIMobility
2020-01-07 17:09:52,457 - refund.py[line:57] - DEBUG: https://managetest.ruqimobility.com/management/v1/login/web
2020-01-07 17:09:52,560 - refund.py[line:60] - DEBUG: {"code":0,"message":"成功"}
2020-01-07 17:09:52,560 - refund.py[line:62] - INFO: Login success
2020-01-07 17:09:52,560 - refund.py[line:148] - INFO: Refund days:1
2020-01-07 17:09:52,560 - refund.py[line:69] - INFO: Get refund orders
2020-01-07 17:09:52,560 - refund.py[line:70] - DEBUG: Page 1
2020-01-07 17:09:52,560 - refund.py[line:87] - DEBUG: https://managetest.ruqimobility.com/management/v1/orderinfo/queryListByFilter
2020-01-07 17:09:52,627 - refund.py[line:90] - INFO: Success
2020-01-07 17:09:52,627 - refund.py[line:98] - DEBUG: 1577341239
2020-01-07 17:09:52,627 - refund.py[line:103] - DEBUG: Finish
2020-01-07 17:09:52,627 - refund.py[line:156] - INFO: Order_Numbers:10
2020-01-07 17:09:52,628 - refund.py[line:204] - DEBUG: Order has been refunded or adjusted to 0
2020-01-07 17:09:52,628 - refund.py[line:204] - DEBUG: Order has been refunded or adjusted to 0
2020-01-07 17:09:52,628 - refund.py[line:204] - DEBUG: Order has been refunded or adjusted to 0
2020-01-07 17:09:52,628 - refund.py[line:204] - DEBUG: Order has been refunded or adjusted to 0
2020-01-07 17:09:52,628 - refund.py[line:204] - DEBUG: Order has been refunded or adjusted to 0
2020-01-07 17:09:52,628 - refund.py[line:204] - DEBUG: Order has been refunded or adjusted to 0
2020-01-07 17:09:52,628 - refund.py[line:204] - DEBUG: Order has been refunded or adjusted to 0
2020-01-07 17:09:52,628 - refund.py[line:204] - DEBUG: Order has been refunded or adjusted to 0
2020-01-07 17:09:52,628 - refund.py[line:204] - DEBUG: Order has been refunded or adjusted to 0
2020-01-07 17:09:52,628 - refund.py[line:204] - DEBUG: Order has been refunded or adjusted to 0
2020-01-07 17:09:52,628 - refund.py[line:210] - INFO: Refund 0 orders
2020-01-07 17:09:52,628 - refund.py[line:211] - INFO: Done!!!

2020-01-07 17:09:52,628 - refund.py[line:223] - INFO: Cost time:0.54s
2020-01-07 17:11:43,096 - refund.py[line:146] - INFO: user phone:13250790293
2020-01-07 17:11:43,096 - refund.py[line:51] - INFO: Login RUQIMobility
2020-01-07 17:11:43,096 - refund.py[line:57] - DEBUG: https://managetest.ruqimobility.com/management/v1/login/web
2020-01-07 17:11:43,218 - refund.py[line:60] - DEBUG: {"code":0,"message":"成功"}
2020-01-07 17:11:43,218 - refund.py[line:62] - INFO: Login success
2020-01-07 17:11:43,218 - refund.py[line:148] - INFO: Refund days:1
2020-01-07 17:11:43,218 - refund.py[line:69] - INFO: Get refund orders
2020-01-07 17:11:43,218 - refund.py[line:70] - DEBUG: Page 1
2020-01-07 17:11:43,218 - refund.py[line:87] - DEBUG: https://managetest.ruqimobility.com/management/v1/orderinfo/queryListByFilter
2020-01-07 17:11:43,325 - refund.py[line:90] - INFO: Success
2020-01-07 17:11:43,328 - refund.py[line:98] - DEBUG: 1577687483
2020-01-07 17:11:43,328 - refund.py[line:103] - DEBUG: Finish
2020-01-07 17:11:43,328 - refund.py[line:156] - INFO: Order_Numbers:10
2020-01-07 17:11:43,328 - refund.py[line:106] - DEBUG: Get order info
2020-01-07 17:11:43,328 - refund.py[line:108] - DEBUG: https://managetest.ruqimobility.com/management/v1/orderinfo/query/6779125975075520716?_=1578388303
2020-01-07 17:11:43,663 - refund.py[line:163] - DEBUG: OrderID：6779125975075520716
 payDoneAmount:0.11 refundBaseAmount:0.11 refundExtraAmount:0.0
2020-01-07 17:11:43,663 - refund.py[line:164] - DEBUG: [{'payAmount': 0.11, 'payStatus': 2, 'channel': 1, 'recordTime': '1578388296'}]
2020-01-07 17:11:43,663 - refund.py[line:170] - DEBUG: 2
2020-01-07 17:11:43,663 - refund.py[line:171] - DEBUG: 0.11
2020-01-07 17:11:43,663 - refund.py[line:178] - DEBUG: pay_times: 1
2020-01-07 17:11:43,663 - refund.py[line:179] - DEBUG: 0
2020-01-07 17:11:43,663 - refund.py[line:182] - INFO: OrderID：6779125975075520716
 payDoneAmount:0.11 refundBaseAmount:0.11 refundExtraAmount:0.0
2020-01-07 17:11:43,664 - refund.py[line:120] - INFO: Commit refund
2020-01-07 17:11:43,664 - refund.py[line:121] - INFO: refundBaseAmount:0.11,refundExtraAmount:0.0
2020-01-07 17:11:43,664 - refund.py[line:133] - DEBUG: https://managetest.ruqimobility.com/management/v1/orderinfo/refund
2020-01-07 17:11:44,751 - refund.py[line:135] - INFO: {"code":0,"message":"成功"}
2020-01-07 17:11:44,751 - refund.py[line:140] - INFO: Refund Success!!!
2020-01-07 17:11:44,751 - refund.py[line:204] - DEBUG: Order has been refunded or adjusted to 0
2020-01-07 17:11:44,751 - refund.py[line:204] - DEBUG: Order has been refunded or adjusted to 0
2020-01-07 17:11:44,751 - refund.py[line:204] - DEBUG: Order has been refunded or adjusted to 0
2020-01-07 17:11:44,751 - refund.py[line:204] - DEBUG: Order has been refunded or adjusted to 0
2020-01-07 17:11:44,751 - refund.py[line:204] - DEBUG: Order has been refunded or adjusted to 0
2020-01-07 17:11:44,751 - refund.py[line:204] - DEBUG: Order has been refunded or adjusted to 0
2020-01-07 17:11:44,751 - refund.py[line:204] - DEBUG: Order has been refunded or adjusted to 0
2020-01-07 17:11:44,751 - refund.py[line:204] - DEBUG: Order has been refunded or adjusted to 0
2020-01-07 17:11:44,751 - refund.py[line:204] - DEBUG: Order has been refunded or adjusted to 0
2020-01-07 17:11:44,751 - refund.py[line:210] - INFO: Refund 1 orders
2020-01-07 17:11:44,751 - refund.py[line:211] - INFO: Done!!!

2020-01-07 17:11:44,753 - refund.py[line:146] - INFO: user phone:15989104405
2020-01-07 17:11:44,753 - refund.py[line:51] - INFO: Login RUQIMobility
2020-01-07 17:11:44,753 - refund.py[line:57] - DEBUG: https://managetest.ruqimobility.com/management/v1/login/web
2020-01-07 17:11:45,015 - refund.py[line:60] - DEBUG: {"code":0,"message":"成功"}
2020-01-07 17:11:45,016 - refund.py[line:62] - INFO: Login success
2020-01-07 17:11:45,016 - refund.py[line:148] - INFO: Refund days:1
2020-01-07 17:11:45,016 - refund.py[line:69] - INFO: Get refund orders
2020-01-07 17:11:45,016 - refund.py[line:70] - DEBUG: Page 1
2020-01-07 17:11:45,016 - refund.py[line:87] - DEBUG: https://managetest.ruqimobility.com/management/v1/orderinfo/queryListByFilter
2020-01-07 17:11:45,076 - refund.py[line:90] - INFO: Success
2020-01-07 17:11:45,077 - refund.py[line:98] - DEBUG: 1577341239
2020-01-07 17:11:45,077 - refund.py[line:103] - DEBUG: Finish
2020-01-07 17:11:45,077 - refund.py[line:156] - INFO: Order_Numbers:10
2020-01-07 17:11:45,077 - refund.py[line:204] - DEBUG: Order has been refunded or adjusted to 0
2020-01-07 17:11:45,077 - refund.py[line:204] - DEBUG: Order has been refunded or adjusted to 0
2020-01-07 17:11:45,077 - refund.py[line:204] - DEBUG: Order has been refunded or adjusted to 0
2020-01-07 17:11:45,077 - refund.py[line:204] - DEBUG: Order has been refunded or adjusted to 0
2020-01-07 17:11:45,077 - refund.py[line:204] - DEBUG: Order has been refunded or adjusted to 0
2020-01-07 17:11:45,077 - refund.py[line:204] - DEBUG: Order has been refunded or adjusted to 0
2020-01-07 17:11:45,077 - refund.py[line:204] - DEBUG: Order has been refunded or adjusted to 0
2020-01-07 17:11:45,077 - refund.py[line:204] - DEBUG: Order has been refunded or adjusted to 0
2020-01-07 17:11:45,077 - refund.py[line:204] - DEBUG: Order has been refunded or adjusted to 0
2020-01-07 17:11:45,077 - refund.py[line:204] - DEBUG: Order has been refunded or adjusted to 0
2020-01-07 17:11:45,077 - refund.py[line:210] - INFO: Refund 0 orders
2020-01-07 17:11:45,077 - refund.py[line:211] - INFO: Done!!!

2020-01-07 17:11:45,077 - refund.py[line:223] - INFO: Cost time:1.98s
2020-01-07 17:25:38,601 - refund.py[line:163] - INFO: user phone:13250790293
2020-01-07 17:25:38,601 - refund.py[line:65] - INFO: Login RUQIMobility
2020-01-07 17:25:38,601 - refund.py[line:71] - DEBUG: https://managetest.ruqimobility.com/management/v1/login/web
2020-01-07 17:25:38,744 - refund.py[line:74] - DEBUG: {"code":0,"message":"成功"}
2020-01-07 17:25:38,744 - refund.py[line:76] - INFO: Login success
2020-01-07 17:25:38,744 - refund.py[line:165] - INFO: Refund days:1
2020-01-07 17:25:38,744 - refund.py[line:83] - INFO: Get refund orders
2020-01-07 17:25:38,744 - refund.py[line:84] - DEBUG: Page 1
2020-01-07 17:25:38,744 - refund.py[line:101] - DEBUG: https://managetest.ruqimobility.com/management/v1/orderinfo/queryListByFilter
2020-01-07 17:25:38,972 - refund.py[line:104] - INFO: Success
2020-01-07 17:25:38,974 - refund.py[line:112] - DEBUG: 1577687483
2020-01-07 17:25:38,974 - refund.py[line:117] - DEBUG: Finish
2020-01-07 17:25:38,974 - refund.py[line:173] - INFO: Order_Numbers:10
2020-01-07 17:25:38,974 - refund.py[line:221] - DEBUG: Order has been refunded or adjusted to 0
2020-01-07 17:25:38,975 - refund.py[line:221] - DEBUG: Order has been refunded or adjusted to 0
2020-01-07 17:25:38,975 - refund.py[line:221] - DEBUG: Order has been refunded or adjusted to 0
2020-01-07 17:25:38,975 - refund.py[line:221] - DEBUG: Order has been refunded or adjusted to 0
2020-01-07 17:25:38,975 - refund.py[line:221] - DEBUG: Order has been refunded or adjusted to 0
2020-01-07 17:25:38,975 - refund.py[line:221] - DEBUG: Order has been refunded or adjusted to 0
2020-01-07 17:25:38,975 - refund.py[line:221] - DEBUG: Order has been refunded or adjusted to 0
2020-01-07 17:25:38,975 - refund.py[line:221] - DEBUG: Order has been refunded or adjusted to 0
2020-01-07 17:25:38,975 - refund.py[line:221] - DEBUG: Order has been refunded or adjusted to 0
2020-01-07 17:25:38,975 - refund.py[line:221] - DEBUG: Order has been refunded or adjusted to 0
2020-01-07 17:25:38,975 - refund.py[line:227] - INFO: Refund 0 orders
2020-01-07 17:25:38,975 - refund.py[line:228] - INFO: Done!!!

2020-01-07 17:25:38,977 - refund.py[line:163] - INFO: user phone:15989104405
2020-01-07 17:25:38,977 - refund.py[line:65] - INFO: Login RUQIMobility
2020-01-07 17:25:38,977 - refund.py[line:71] - DEBUG: https://managetest.ruqimobility.com/management/v1/login/web
2020-01-07 17:25:39,078 - refund.py[line:74] - DEBUG: {"code":0,"message":"成功"}
2020-01-07 17:25:39,078 - refund.py[line:76] - INFO: Login success
2020-01-07 17:25:39,078 - refund.py[line:165] - INFO: Refund days:1
2020-01-07 17:25:39,078 - refund.py[line:83] - INFO: Get refund orders
2020-01-07 17:25:39,078 - refund.py[line:84] - DEBUG: Page 1
2020-01-07 17:25:39,078 - refund.py[line:101] - DEBUG: https://managetest.ruqimobility.com/management/v1/orderinfo/queryListByFilter
2020-01-07 17:25:39,135 - refund.py[line:104] - INFO: Success
2020-01-07 17:25:39,136 - refund.py[line:112] - DEBUG: 1577341239
2020-01-07 17:25:39,136 - refund.py[line:117] - DEBUG: Finish
2020-01-07 17:25:39,136 - refund.py[line:173] - INFO: Order_Numbers:10
2020-01-07 17:25:39,136 - refund.py[line:221] - DEBUG: Order has been refunded or adjusted to 0
2020-01-07 17:25:39,136 - refund.py[line:221] - DEBUG: Order has been refunded or adjusted to 0
2020-01-07 17:25:39,136 - refund.py[line:221] - DEBUG: Order has been refunded or adjusted to 0
2020-01-07 17:25:39,136 - refund.py[line:221] - DEBUG: Order has been refunded or adjusted to 0
2020-01-07 17:25:39,136 - refund.py[line:221] - DEBUG: Order has been refunded or adjusted to 0
2020-01-07 17:25:39,136 - refund.py[line:221] - DEBUG: Order has been refunded or adjusted to 0
2020-01-07 17:25:39,136 - refund.py[line:221] - DEBUG: Order has been refunded or adjusted to 0
2020-01-07 17:25:39,136 - refund.py[line:221] - DEBUG: Order has been refunded or adjusted to 0
2020-01-07 17:25:39,136 - refund.py[line:221] - DEBUG: Order has been refunded or adjusted to 0
2020-01-07 17:25:39,136 - refund.py[line:221] - DEBUG: Order has been refunded or adjusted to 0
2020-01-07 17:25:39,136 - refund.py[line:227] - INFO: Refund 0 orders
2020-01-07 17:25:39,136 - refund.py[line:228] - INFO: Done!!!

2020-01-07 17:25:39,136 - refund.py[line:240] - INFO: Cost time:0.54s
2020-01-07 17:28:23,916 - refund.py[line:163] - INFO: user phone:13250790293
2020-01-07 17:28:23,916 - refund.py[line:65] - INFO: Login RUQIMobility
2020-01-07 17:28:23,916 - refund.py[line:71] - DEBUG: https://managetest.ruqimobility.com/management/v1/login/web
2020-01-07 17:28:24,120 - refund.py[line:74] - DEBUG: {"code":0,"message":"成功"}
2020-01-07 17:28:24,121 - refund.py[line:76] - INFO: Login success
2020-01-07 17:28:24,121 - refund.py[line:165] - INFO: Refund days:1
2020-01-07 17:28:24,121 - refund.py[line:83] - INFO: Get refund orders
2020-01-07 17:28:24,121 - refund.py[line:84] - DEBUG: Page 1
2020-01-07 17:28:24,121 - refund.py[line:101] - DEBUG: https://managetest.ruqimobility.com/management/v1/orderinfo/queryListByFilter
2020-01-07 17:28:24,206 - refund.py[line:104] - INFO: Success
2020-01-07 17:28:24,208 - refund.py[line:112] - DEBUG: 1577687646
2020-01-07 17:28:24,208 - refund.py[line:117] - DEBUG: Finish
2020-01-07 17:28:24,208 - refund.py[line:173] - INFO: Order_Numbers:10
2020-01-07 17:28:24,208 - refund.py[line:120] - DEBUG: Get order info
2020-01-07 17:28:24,208 - refund.py[line:122] - DEBUG: https://managetest.ruqimobility.com/management/v1/orderinfo/query/6779129797596414165?_=1578389303
2020-01-07 17:28:24,458 - refund.py[line:180] - DEBUG: OrderID：6779129797596414165
 payDoneAmount:0.11 refundBaseAmount:0.11 refundExtraAmount:0.0
2020-01-07 17:28:24,458 - refund.py[line:181] - DEBUG: [{'payAmount': 0.11, 'payStatus': 2, 'channel': 1, 'recordTime': '1578389178'}]
2020-01-07 17:28:24,458 - refund.py[line:187] - DEBUG: 2
2020-01-07 17:28:24,458 - refund.py[line:188] - DEBUG: 0.11
2020-01-07 17:28:24,458 - refund.py[line:195] - DEBUG: pay_times: 1
2020-01-07 17:28:24,458 - refund.py[line:196] - DEBUG: 0
2020-01-07 17:28:24,459 - refund.py[line:199] - INFO: OrderID：6779129797596414165
 payDoneAmount:0.11 refundBaseAmount:0.11 refundExtraAmount:0.0
2020-01-07 17:28:24,459 - refund.py[line:134] - INFO: Commit refund
2020-01-07 17:28:24,459 - refund.py[line:135] - INFO: refundBaseAmount:0.11,refundExtraAmount:0.0
2020-01-07 17:28:24,459 - refund.py[line:147] - DEBUG: https://managetest.ruqimobility.com/management/v1/orderinfo/refund
2020-01-07 17:28:25,577 - refund.py[line:149] - INFO: {"code":0,"message":"成功"}
2020-01-07 17:28:25,578 - refund.py[line:155] - INFO: Refund Success!!!
2020-01-07 17:28:25,584 - refund.py[line:163] - INFO: user phone:15989104405
2020-01-07 17:28:25,584 - refund.py[line:65] - INFO: Login RUQIMobility
2020-01-07 17:28:25,584 - refund.py[line:71] - DEBUG: https://managetest.ruqimobility.com/management/v1/login/web
2020-01-07 17:28:25,682 - refund.py[line:74] - DEBUG: {"code":0,"message":"成功"}
2020-01-07 17:28:25,683 - refund.py[line:76] - INFO: Login success
2020-01-07 17:28:25,683 - refund.py[line:165] - INFO: Refund days:1
2020-01-07 17:28:25,683 - refund.py[line:83] - INFO: Get refund orders
2020-01-07 17:28:25,683 - refund.py[line:84] - DEBUG: Page 1
2020-01-07 17:28:25,683 - refund.py[line:101] - DEBUG: https://managetest.ruqimobility.com/management/v1/orderinfo/queryListByFilter
2020-01-07 17:28:25,759 - refund.py[line:104] - INFO: Success
2020-01-07 17:28:25,760 - refund.py[line:112] - DEBUG: 1577341239
2020-01-07 17:28:25,760 - refund.py[line:117] - DEBUG: Finish
2020-01-07 17:28:25,760 - refund.py[line:173] - INFO: Order_Numbers:10
2020-01-07 17:28:25,760 - refund.py[line:221] - DEBUG: Order has been refunded or adjusted to 0
2020-01-07 17:28:25,760 - refund.py[line:221] - DEBUG: Order has been refunded or adjusted to 0
2020-01-07 17:28:25,760 - refund.py[line:221] - DEBUG: Order has been refunded or adjusted to 0
2020-01-07 17:28:25,760 - refund.py[line:221] - DEBUG: Order has been refunded or adjusted to 0
2020-01-07 17:28:25,760 - refund.py[line:221] - DEBUG: Order has been refunded or adjusted to 0
2020-01-07 17:28:25,760 - refund.py[line:221] - DEBUG: Order has been refunded or adjusted to 0
2020-01-07 17:28:25,760 - refund.py[line:221] - DEBUG: Order has been refunded or adjusted to 0
2020-01-07 17:28:25,760 - refund.py[line:221] - DEBUG: Order has been refunded or adjusted to 0
2020-01-07 17:28:25,760 - refund.py[line:221] - DEBUG: Order has been refunded or adjusted to 0
2020-01-07 17:28:25,760 - refund.py[line:221] - DEBUG: Order has been refunded or adjusted to 0
2020-01-07 17:28:25,760 - refund.py[line:227] - INFO: Refund 0 orders
2020-01-07 17:28:25,760 - refund.py[line:228] - INFO: Done!!!

2020-01-07 17:28:25,760 - refund.py[line:240] - INFO: Cost time:1.84s
2020-01-07 17:29:13,018 - refund.py[line:163] - INFO: user phone:13250790293
2020-01-07 17:29:13,018 - refund.py[line:65] - INFO: Login RUQIMobility
2020-01-07 17:29:13,018 - refund.py[line:71] - DEBUG: https://managetest.ruqimobility.com/management/v1/login/web
2020-01-07 17:29:13,120 - refund.py[line:74] - DEBUG: {"code":0,"message":"成功"}
2020-01-07 17:29:13,120 - refund.py[line:76] - INFO: Login success
2020-01-07 17:29:13,121 - refund.py[line:165] - INFO: Refund days:1
2020-01-07 17:29:13,121 - refund.py[line:83] - INFO: Get refund orders
2020-01-07 17:29:13,121 - refund.py[line:84] - DEBUG: Page 1
2020-01-07 17:29:13,121 - refund.py[line:101] - DEBUG: https://managetest.ruqimobility.com/management/v1/orderinfo/queryListByFilter
2020-01-07 17:29:13,172 - refund.py[line:104] - INFO: Success
2020-01-07 17:29:13,175 - refund.py[line:112] - DEBUG: 1577687646
2020-01-07 17:29:13,175 - refund.py[line:117] - DEBUG: Finish
2020-01-07 17:29:13,175 - refund.py[line:173] - INFO: Order_Numbers:10
2020-01-07 17:29:13,175 - refund.py[line:221] - DEBUG: Order has been refunded or adjusted to 0
2020-01-07 17:29:13,175 - refund.py[line:221] - DEBUG: Order has been refunded or adjusted to 0
2020-01-07 17:29:13,175 - refund.py[line:221] - DEBUG: Order has been refunded or adjusted to 0
2020-01-07 17:29:13,175 - refund.py[line:221] - DEBUG: Order has been refunded or adjusted to 0
2020-01-07 17:29:13,175 - refund.py[line:221] - DEBUG: Order has been refunded or adjusted to 0
2020-01-07 17:29:13,175 - refund.py[line:221] - DEBUG: Order has been refunded or adjusted to 0
2020-01-07 17:29:13,175 - refund.py[line:221] - DEBUG: Order has been refunded or adjusted to 0
2020-01-07 17:29:13,175 - refund.py[line:221] - DEBUG: Order has been refunded or adjusted to 0
2020-01-07 17:29:13,175 - refund.py[line:221] - DEBUG: Order has been refunded or adjusted to 0
2020-01-07 17:29:13,176 - refund.py[line:221] - DEBUG: Order has been refunded or adjusted to 0
2020-01-07 17:29:13,176 - refund.py[line:227] - INFO: Refund 0 orders
2020-01-07 17:29:13,176 - refund.py[line:228] - INFO: Done!!!

2020-01-07 17:29:13,178 - refund.py[line:163] - INFO: user phone:15989104405
2020-01-07 17:29:13,178 - refund.py[line:65] - INFO: Login RUQIMobility
2020-01-07 17:29:13,178 - refund.py[line:71] - DEBUG: https://managetest.ruqimobility.com/management/v1/login/web
2020-01-07 17:29:13,276 - refund.py[line:74] - DEBUG: {"code":0,"message":"成功"}
2020-01-07 17:29:13,276 - refund.py[line:76] - INFO: Login success
2020-01-07 17:29:13,276 - refund.py[line:165] - INFO: Refund days:1
2020-01-07 17:29:13,276 - refund.py[line:83] - INFO: Get refund orders
2020-01-07 17:29:13,276 - refund.py[line:84] - DEBUG: Page 1
2020-01-07 17:29:13,276 - refund.py[line:101] - DEBUG: https://managetest.ruqimobility.com/management/v1/orderinfo/queryListByFilter
2020-01-07 17:29:13,337 - refund.py[line:104] - INFO: Success
2020-01-07 17:29:13,337 - refund.py[line:112] - DEBUG: 1577341239
2020-01-07 17:29:13,337 - refund.py[line:117] - DEBUG: Finish
2020-01-07 17:29:13,337 - refund.py[line:173] - INFO: Order_Numbers:10
2020-01-07 17:29:13,338 - refund.py[line:221] - DEBUG: Order has been refunded or adjusted to 0
2020-01-07 17:29:13,338 - refund.py[line:221] - DEBUG: Order has been refunded or adjusted to 0
2020-01-07 17:29:13,338 - refund.py[line:221] - DEBUG: Order has been refunded or adjusted to 0
2020-01-07 17:29:13,338 - refund.py[line:221] - DEBUG: Order has been refunded or adjusted to 0
2020-01-07 17:29:13,338 - refund.py[line:221] - DEBUG: Order has been refunded or adjusted to 0
2020-01-07 17:29:13,338 - refund.py[line:221] - DEBUG: Order has been refunded or adjusted to 0
2020-01-07 17:29:13,338 - refund.py[line:221] - DEBUG: Order has been refunded or adjusted to 0
2020-01-07 17:29:13,338 - refund.py[line:221] - DEBUG: Order has been refunded or adjusted to 0
2020-01-07 17:29:13,338 - refund.py[line:221] - DEBUG: Order has been refunded or adjusted to 0
2020-01-07 17:29:13,338 - refund.py[line:221] - DEBUG: Order has been refunded or adjusted to 0
2020-01-07 17:29:13,338 - refund.py[line:227] - INFO: Refund 0 orders
2020-01-07 17:29:13,338 - refund.py[line:228] - INFO: Done!!!

2020-01-07 17:29:13,338 - refund.py[line:240] - INFO: Cost time:0.32s
2020-01-07 17:30:00,360 - refund.py[line:163] - INFO: user phone:13250790293
2020-01-07 17:30:00,360 - refund.py[line:65] - INFO: Login RUQIMobility
2020-01-07 17:30:00,360 - refund.py[line:71] - DEBUG: https://managetest.ruqimobility.com/management/v1/login/web
2020-01-07 17:30:00,541 - refund.py[line:74] - DEBUG: {"code":0,"message":"成功"}
2020-01-07 17:30:00,541 - refund.py[line:76] - INFO: Login success
2020-01-07 17:30:00,541 - refund.py[line:165] - INFO: Refund days:1
2020-01-07 17:30:00,541 - refund.py[line:83] - INFO: Get refund orders
2020-01-07 17:30:00,541 - refund.py[line:84] - DEBUG: Page 1
2020-01-07 17:30:00,541 - refund.py[line:101] - DEBUG: https://managetest.ruqimobility.com/management/v1/orderinfo/queryListByFilter
2020-01-07 17:30:00,623 - refund.py[line:104] - INFO: Success
2020-01-07 17:30:00,626 - refund.py[line:112] - DEBUG: 1577696091
2020-01-07 17:30:00,626 - refund.py[line:117] - DEBUG: Finish
2020-01-07 17:30:00,626 - refund.py[line:173] - INFO: Order_Numbers:10
2020-01-07 17:30:00,626 - refund.py[line:120] - DEBUG: Get order info
2020-01-07 17:30:00,626 - refund.py[line:122] - DEBUG: https://managetest.ruqimobility.com/management/v1/orderinfo/query/6779130699539546326?_=1578389400
2020-01-07 17:30:00,875 - refund.py[line:180] - DEBUG: OrderID：6779130699539546326
 payDoneAmount:0.11 refundBaseAmount:0.11 refundExtraAmount:0.0
2020-01-07 17:30:00,875 - refund.py[line:181] - DEBUG: [{'payAmount': 0.11, 'payStatus': 2, 'channel': 1, 'recordTime': '1578389389'}]
2020-01-07 17:30:00,875 - refund.py[line:187] - DEBUG: 2
2020-01-07 17:30:00,875 - refund.py[line:188] - DEBUG: 0.11
2020-01-07 17:30:00,875 - refund.py[line:195] - DEBUG: pay_times: 1
2020-01-07 17:30:00,875 - refund.py[line:196] - DEBUG: 0
2020-01-07 17:30:00,875 - refund.py[line:199] - INFO: OrderID：6779130699539546326
 payDoneAmount:0.11 refundBaseAmount:0.11 refundExtraAmount:0.0
2020-01-07 17:30:00,875 - refund.py[line:134] - INFO: Commit refund
2020-01-07 17:30:00,876 - refund.py[line:135] - INFO: refundBaseAmount:0.11,refundExtraAmount:0.0
2020-01-07 17:30:00,876 - refund.py[line:147] - DEBUG: https://managetest.ruqimobility.com/management/v1/orderinfo/refund
2020-01-07 17:30:02,091 - refund.py[line:149] - INFO: {"code":0,"message":"成功"}
2020-01-07 17:30:02,091 - refund.py[line:155] - INFO: Refund Success!!!
2020-01-07 17:37:44,833 - refund.py[line:166] - INFO: user phone:13250790293
2020-01-07 17:37:44,833 - refund.py[line:65] - INFO: Login RUQIMobility
2020-01-07 17:37:44,833 - refund.py[line:71] - DEBUG: https://managetest.ruqimobility.com/management/v1/login/web
2020-01-07 17:37:45,048 - refund.py[line:74] - DEBUG: {"code":0,"message":"成功"}
2020-01-07 17:37:45,049 - refund.py[line:76] - INFO: Login success
2020-01-07 17:37:45,049 - refund.py[line:168] - INFO: Refund days:1
2020-01-07 17:37:45,049 - refund.py[line:83] - INFO: Get refund orders
2020-01-07 17:37:45,049 - refund.py[line:84] - DEBUG: Page 1
2020-01-07 17:37:45,049 - refund.py[line:101] - DEBUG: https://managetest.ruqimobility.com/management/v1/orderinfo/queryListByFilter
2020-01-07 17:37:45,138 - refund.py[line:104] - INFO: Success
2020-01-07 17:37:45,140 - refund.py[line:112] - DEBUG: 1577696091
2020-01-07 17:37:45,140 - refund.py[line:117] - DEBUG: Finish
2020-01-07 17:37:45,140 - refund.py[line:176] - INFO: Order_Numbers:10
2020-01-07 17:37:45,140 - refund.py[line:224] - DEBUG: Order has been refunded or adjusted to 0
2020-01-07 17:37:45,140 - refund.py[line:224] - DEBUG: Order has been refunded or adjusted to 0
2020-01-07 17:37:45,141 - refund.py[line:224] - DEBUG: Order has been refunded or adjusted to 0
2020-01-07 17:37:45,141 - refund.py[line:224] - DEBUG: Order has been refunded or adjusted to 0
2020-01-07 17:37:45,141 - refund.py[line:224] - DEBUG: Order has been refunded or adjusted to 0
2020-01-07 17:37:45,141 - refund.py[line:224] - DEBUG: Order has been refunded or adjusted to 0
2020-01-07 17:37:45,141 - refund.py[line:224] - DEBUG: Order has been refunded or adjusted to 0
2020-01-07 17:37:45,141 - refund.py[line:224] - DEBUG: Order has been refunded or adjusted to 0
2020-01-07 17:37:45,141 - refund.py[line:224] - DEBUG: Order has been refunded or adjusted to 0
2020-01-07 17:37:45,141 - refund.py[line:224] - DEBUG: Order has been refunded or adjusted to 0
2020-01-07 17:37:45,141 - refund.py[line:230] - INFO: Refund 0 orders
2020-01-07 17:37:45,141 - refund.py[line:231] - INFO: Done!!!

2020-01-07 17:37:45,142 - refund.py[line:166] - INFO: user phone:15989104405
2020-01-07 17:37:45,142 - refund.py[line:65] - INFO: Login RUQIMobility
2020-01-07 17:37:45,142 - refund.py[line:71] - DEBUG: https://managetest.ruqimobility.com/management/v1/login/web
2020-01-07 17:37:45,243 - refund.py[line:74] - DEBUG: {"code":0,"message":"成功"}
2020-01-07 17:37:45,243 - refund.py[line:76] - INFO: Login success
2020-01-07 17:37:45,243 - refund.py[line:168] - INFO: Refund days:1
2020-01-07 17:37:45,243 - refund.py[line:83] - INFO: Get refund orders
2020-01-07 17:37:45,243 - refund.py[line:84] - DEBUG: Page 1
2020-01-07 17:37:45,243 - refund.py[line:101] - DEBUG: https://managetest.ruqimobility.com/management/v1/orderinfo/queryListByFilter
2020-01-07 17:37:45,339 - refund.py[line:104] - INFO: Success
2020-01-07 17:37:45,339 - refund.py[line:112] - DEBUG: 1577341239
2020-01-07 17:37:45,339 - refund.py[line:117] - DEBUG: Finish
2020-01-07 17:37:45,339 - refund.py[line:176] - INFO: Order_Numbers:10
2020-01-07 17:37:45,339 - refund.py[line:224] - DEBUG: Order has been refunded or adjusted to 0
2020-01-07 17:37:45,340 - refund.py[line:224] - DEBUG: Order has been refunded or adjusted to 0
2020-01-07 17:37:45,340 - refund.py[line:224] - DEBUG: Order has been refunded or adjusted to 0
2020-01-07 17:37:45,340 - refund.py[line:224] - DEBUG: Order has been refunded or adjusted to 0
2020-01-07 17:37:45,340 - refund.py[line:224] - DEBUG: Order has been refunded or adjusted to 0
2020-01-07 17:37:45,340 - refund.py[line:224] - DEBUG: Order has been refunded or adjusted to 0
2020-01-07 17:37:45,340 - refund.py[line:224] - DEBUG: Order has been refunded or adjusted to 0
2020-01-07 17:37:45,340 - refund.py[line:224] - DEBUG: Order has been refunded or adjusted to 0
2020-01-07 17:37:45,340 - refund.py[line:224] - DEBUG: Order has been refunded or adjusted to 0
2020-01-07 17:37:45,340 - refund.py[line:224] - DEBUG: Order has been refunded or adjusted to 0
2020-01-07 17:37:45,340 - refund.py[line:230] - INFO: Refund 0 orders
2020-01-07 17:37:45,340 - refund.py[line:231] - INFO: Done!!!

2020-01-07 17:37:45,340 - refund.py[line:243] - INFO: Cost time:0.51s
2020-01-07 17:48:24,569 - refund.py[line:166] - INFO: user phone:13250790293
2020-01-07 17:48:24,569 - refund.py[line:60] - INFO: Login RUQIMobility
2020-01-07 17:48:24,569 - refund.py[line:66] - DEBUG: https://managetest.ruqimobility.com/management/v1/login/web
2020-01-07 17:48:24,777 - refund.py[line:69] - DEBUG: {"code":0,"message":"成功"}
2020-01-07 17:48:24,777 - refund.py[line:71] - INFO: Login success
2020-01-07 17:48:24,777 - refund.py[line:168] - INFO: Refund days:1
2020-01-07 17:48:24,777 - refund.py[line:78] - INFO: Get refund orders
2020-01-07 17:48:24,777 - refund.py[line:79] - DEBUG: Page 1
2020-01-07 17:48:24,777 - refund.py[line:96] - DEBUG: https://managetest.ruqimobility.com/management/v1/orderinfo/queryListByFilter
2020-01-07 17:48:24,964 - refund.py[line:99] - INFO: Success
2020-01-07 17:48:24,966 - refund.py[line:107] - DEBUG: 1577696091
2020-01-07 17:48:24,966 - refund.py[line:112] - DEBUG: Finish
2020-01-07 17:48:24,966 - refund.py[line:176] - INFO: Order_Numbers:10
2020-01-07 17:48:24,966 - refund.py[line:224] - DEBUG: Order has been refunded or adjusted to 0
2020-01-07 17:48:24,966 - refund.py[line:224] - DEBUG: Order has been refunded or adjusted to 0
2020-01-07 17:48:24,966 - refund.py[line:224] - DEBUG: Order has been refunded or adjusted to 0
2020-01-07 17:48:24,966 - refund.py[line:224] - DEBUG: Order has been refunded or adjusted to 0
2020-01-07 17:48:24,966 - refund.py[line:224] - DEBUG: Order has been refunded or adjusted to 0
2020-01-07 17:48:24,967 - refund.py[line:224] - DEBUG: Order has been refunded or adjusted to 0
2020-01-07 17:48:24,967 - refund.py[line:224] - DEBUG: Order has been refunded or adjusted to 0
2020-01-07 17:48:24,967 - refund.py[line:224] - DEBUG: Order has been refunded or adjusted to 0
2020-01-07 17:48:24,967 - refund.py[line:224] - DEBUG: Order has been refunded or adjusted to 0
2020-01-07 17:48:24,967 - refund.py[line:224] - DEBUG: Order has been refunded or adjusted to 0
2020-01-07 17:48:24,967 - refund.py[line:230] - INFO: Refund 0 orders
2020-01-07 17:48:24,967 - refund.py[line:231] - INFO: Done!!!

2020-01-07 17:48:24,968 - refund.py[line:166] - INFO: user phone:15989104405
2020-01-07 17:48:24,968 - refund.py[line:60] - INFO: Login RUQIMobility
2020-01-07 17:48:24,968 - refund.py[line:66] - DEBUG: https://managetest.ruqimobility.com/management/v1/login/web
2020-01-07 17:48:25,082 - refund.py[line:69] - DEBUG: {"code":0,"message":"成功"}
2020-01-07 17:48:25,082 - refund.py[line:71] - INFO: Login success
2020-01-07 17:48:25,082 - refund.py[line:168] - INFO: Refund days:1
2020-01-07 17:48:25,082 - refund.py[line:78] - INFO: Get refund orders
2020-01-07 17:48:25,082 - refund.py[line:79] - DEBUG: Page 1
2020-01-07 17:48:25,082 - refund.py[line:96] - DEBUG: https://managetest.ruqimobility.com/management/v1/orderinfo/queryListByFilter
2020-01-07 17:48:25,180 - refund.py[line:99] - INFO: Success
2020-01-07 17:48:25,180 - refund.py[line:107] - DEBUG: 1577341752
2020-01-07 17:48:25,180 - refund.py[line:112] - DEBUG: Finish
2020-01-07 17:48:25,180 - refund.py[line:176] - INFO: Order_Numbers:10
2020-01-07 17:48:25,180 - refund.py[line:115] - DEBUG: Get order info
2020-01-07 17:48:25,181 - refund.py[line:117] - DEBUG: https://managetest.ruqimobility.com/management/v1/orderinfo/query/6779135316629389531?_=1578390504
2020-01-07 17:48:25,776 - refund.py[line:183] - DEBUG: OrderID：6779135316629389531
 payDoneAmount:0.09 refundBaseAmount:0.09 refundExtraAmount:0.0
2020-01-07 17:48:25,776 - refund.py[line:184] - DEBUG: [{'payAmount': 0.09, 'payStatus': 2, 'channel': 1, 'recordTime': '1578390473'}]
2020-01-07 17:48:25,776 - refund.py[line:190] - DEBUG: 2
2020-01-07 17:48:25,776 - refund.py[line:191] - DEBUG: 0.09
2020-01-07 17:48:25,776 - refund.py[line:198] - DEBUG: pay_times: 1
2020-01-07 17:48:25,776 - refund.py[line:199] - DEBUG: 0
2020-01-07 17:48:25,776 - refund.py[line:202] - INFO: OrderID：6779135316629389531
 payDoneAmount:0.09 refundBaseAmount:0.09 refundExtraAmount:0.0
2020-01-07 17:52:22,420 - refund.py[line:174] - INFO: user phone:13250790293
2020-01-07 17:52:22,420 - refund.py[line:60] - INFO: Login RUQIMobility
2020-01-07 17:52:22,420 - refund.py[line:66] - DEBUG: https://managetest.ruqimobility.com/management/v1/login/web
2020-01-07 17:52:22,560 - refund.py[line:69] - DEBUG: {"code":0,"message":"成功"}
2020-01-07 17:52:22,560 - refund.py[line:71] - INFO: Login success
2020-01-07 17:52:22,560 - refund.py[line:176] - INFO: Refund days:1
2020-01-07 17:52:22,560 - refund.py[line:78] - INFO: Get refund orders
2020-01-07 17:52:22,560 - refund.py[line:79] - DEBUG: Page 1
2020-01-07 17:52:22,560 - refund.py[line:96] - DEBUG: https://managetest.ruqimobility.com/management/v1/orderinfo/queryListByFilter
2020-01-07 17:52:22,629 - refund.py[line:99] - INFO: Success
2020-01-07 17:52:22,634 - refund.py[line:107] - DEBUG: 1577696091
2020-01-07 17:52:22,634 - refund.py[line:112] - DEBUG: Finish
2020-01-07 17:52:22,634 - refund.py[line:184] - INFO: Order_Numbers:10
2020-01-07 17:52:22,634 - refund.py[line:232] - DEBUG: Order has been refunded or adjusted to 0
2020-01-07 17:52:22,634 - refund.py[line:232] - DEBUG: Order has been refunded or adjusted to 0
2020-01-07 17:52:22,634 - refund.py[line:232] - DEBUG: Order has been refunded or adjusted to 0
2020-01-07 17:52:22,634 - refund.py[line:232] - DEBUG: Order has been refunded or adjusted to 0
2020-01-07 17:52:22,634 - refund.py[line:232] - DEBUG: Order has been refunded or adjusted to 0
2020-01-07 17:52:22,634 - refund.py[line:232] - DEBUG: Order has been refunded or adjusted to 0
2020-01-07 17:52:22,634 - refund.py[line:232] - DEBUG: Order has been refunded or adjusted to 0
2020-01-07 17:52:22,634 - refund.py[line:232] - DEBUG: Order has been refunded or adjusted to 0
2020-01-07 17:52:22,634 - refund.py[line:232] - DEBUG: Order has been refunded or adjusted to 0
2020-01-07 17:52:22,634 - refund.py[line:232] - DEBUG: Order has been refunded or adjusted to 0
2020-01-07 17:52:22,634 - refund.py[line:238] - INFO: Refund 0 orders
2020-01-07 17:52:22,635 - refund.py[line:239] - INFO: Done!!!

2020-01-07 17:52:22,636 - refund.py[line:174] - INFO: user phone:15989104405
2020-01-07 17:52:22,636 - refund.py[line:60] - INFO: Login RUQIMobility
2020-01-07 17:52:22,636 - refund.py[line:66] - DEBUG: https://managetest.ruqimobility.com/management/v1/login/web
2020-01-07 17:52:22,736 - refund.py[line:69] - DEBUG: {"code":0,"message":"成功"}
2020-01-07 17:52:22,736 - refund.py[line:71] - INFO: Login success
2020-01-07 17:52:22,736 - refund.py[line:176] - INFO: Refund days:1
2020-01-07 17:52:22,736 - refund.py[line:78] - INFO: Get refund orders
2020-01-07 17:52:22,736 - refund.py[line:79] - DEBUG: Page 1
2020-01-07 17:52:22,736 - refund.py[line:96] - DEBUG: https://managetest.ruqimobility.com/management/v1/orderinfo/queryListByFilter
2020-01-07 17:52:22,822 - refund.py[line:99] - INFO: Success
2020-01-07 17:52:22,822 - refund.py[line:107] - DEBUG: 1577341752
2020-01-07 17:52:22,823 - refund.py[line:112] - DEBUG: Finish
2020-01-07 17:52:22,823 - refund.py[line:184] - INFO: Order_Numbers:10
2020-01-07 17:52:22,823 - refund.py[line:115] - DEBUG: Get order info
2020-01-07 17:52:22,823 - refund.py[line:117] - DEBUG: https://managetest.ruqimobility.com/management/v1/orderinfo/query/6779135316629389531?_=1578390742
2020-01-07 17:52:23,014 - refund.py[line:191] - DEBUG: OrderID：6779135316629389531
 payDoneAmount:0.09 refundBaseAmount:0.09 refundExtraAmount:0.0
2020-01-07 17:52:23,015 - refund.py[line:192] - DEBUG: [{'payAmount': 0.09, 'payStatus': 2, 'channel': 1, 'recordTime': '1578390473'}]
2020-01-07 17:52:23,015 - refund.py[line:198] - DEBUG: 2
2020-01-07 17:52:23,015 - refund.py[line:199] - DEBUG: 0.09
2020-01-07 17:52:23,015 - refund.py[line:206] - DEBUG: pay_times: 1
2020-01-07 17:52:23,015 - refund.py[line:207] - DEBUG: 0
2020-01-07 17:52:23,015 - refund.py[line:210] - INFO: OrderID：6779135316629389531
 payDoneAmount:0.09 refundBaseAmount:0.09 refundExtraAmount:0.0
2020-01-07 17:54:04,638 - refund.py[line:174] - INFO: user phone:13250790293
2020-01-07 17:54:04,638 - refund.py[line:60] - INFO: Login RUQIMobility
2020-01-07 17:54:04,638 - refund.py[line:66] - DEBUG: https://managetest.ruqimobility.com/management/v1/login/web
2020-01-07 17:54:04,915 - refund.py[line:69] - DEBUG: {"code":0,"message":"成功"}
2020-01-07 17:54:04,915 - refund.py[line:71] - INFO: Login success
2020-01-07 17:54:04,915 - refund.py[line:176] - INFO: Refund days:1
2020-01-07 17:54:04,915 - refund.py[line:78] - INFO: Get refund orders
2020-01-07 17:54:04,915 - refund.py[line:79] - DEBUG: Page 1
2020-01-07 17:54:04,915 - refund.py[line:96] - DEBUG: https://managetest.ruqimobility.com/management/v1/orderinfo/queryListByFilter
2020-01-07 17:54:04,992 - refund.py[line:99] - INFO: Success
2020-01-07 17:54:04,994 - refund.py[line:107] - DEBUG: 1577696091
2020-01-07 17:54:04,994 - refund.py[line:112] - DEBUG: Finish
2020-01-07 17:54:04,995 - refund.py[line:184] - INFO: Order_Numbers:10
2020-01-07 17:54:04,995 - refund.py[line:232] - DEBUG: Order has been refunded or adjusted to 0
2020-01-07 17:54:04,995 - refund.py[line:232] - DEBUG: Order has been refunded or adjusted to 0
2020-01-07 17:54:04,995 - refund.py[line:232] - DEBUG: Order has been refunded or adjusted to 0
2020-01-07 17:54:04,995 - refund.py[line:232] - DEBUG: Order has been refunded or adjusted to 0
2020-01-07 17:54:04,995 - refund.py[line:232] - DEBUG: Order has been refunded or adjusted to 0
2020-01-07 17:54:04,995 - refund.py[line:232] - DEBUG: Order has been refunded or adjusted to 0
2020-01-07 17:54:04,995 - refund.py[line:232] - DEBUG: Order has been refunded or adjusted to 0
2020-01-07 17:54:04,995 - refund.py[line:232] - DEBUG: Order has been refunded or adjusted to 0
2020-01-07 17:54:04,995 - refund.py[line:232] - DEBUG: Order has been refunded or adjusted to 0
2020-01-07 17:54:04,995 - refund.py[line:232] - DEBUG: Order has been refunded or adjusted to 0
2020-01-07 17:54:04,995 - refund.py[line:238] - INFO: Refund 0 orders
2020-01-07 17:54:04,995 - refund.py[line:239] - INFO: Done!!!

2020-01-07 17:54:04,996 - refund.py[line:174] - INFO: user phone:15989104405
2020-01-07 17:54:04,996 - refund.py[line:60] - INFO: Login RUQIMobility
2020-01-07 17:54:04,996 - refund.py[line:66] - DEBUG: https://managetest.ruqimobility.com/management/v1/login/web
2020-01-07 17:54:05,117 - refund.py[line:69] - DEBUG: {"code":0,"message":"成功"}
2020-01-07 17:54:05,118 - refund.py[line:71] - INFO: Login success
2020-01-07 17:54:05,118 - refund.py[line:176] - INFO: Refund days:1
2020-01-07 17:54:05,118 - refund.py[line:78] - INFO: Get refund orders
2020-01-07 17:54:05,118 - refund.py[line:79] - DEBUG: Page 1
2020-01-07 17:54:05,118 - refund.py[line:96] - DEBUG: https://managetest.ruqimobility.com/management/v1/orderinfo/queryListByFilter
2020-01-07 17:54:05,170 - refund.py[line:99] - INFO: Success
2020-01-07 17:54:05,171 - refund.py[line:107] - DEBUG: 1577341752
2020-01-07 17:54:05,171 - refund.py[line:112] - DEBUG: Finish
2020-01-07 17:54:05,171 - refund.py[line:184] - INFO: Order_Numbers:10
2020-01-07 17:54:05,171 - refund.py[line:115] - DEBUG: Get order info
2020-01-07 17:54:05,171 - refund.py[line:117] - DEBUG: https://managetest.ruqimobility.com/management/v1/orderinfo/query/6779135316629389531?_=1578390844
2020-01-07 17:54:05,425 - refund.py[line:191] - DEBUG: OrderID：6779135316629389531
 payDoneAmount:0.09 refundBaseAmount:0.09 refundExtraAmount:0.0
2020-01-07 17:54:05,425 - refund.py[line:192] - DEBUG: [{'payAmount': 0.09, 'payStatus': 2, 'channel': 1, 'recordTime': '1578390473'}]
2020-01-07 17:54:05,425 - refund.py[line:198] - DEBUG: 2
2020-01-07 17:54:05,425 - refund.py[line:199] - DEBUG: 0.09
2020-01-07 17:54:05,425 - refund.py[line:206] - DEBUG: pay_times: 1
2020-01-07 17:54:05,425 - refund.py[line:207] - DEBUG: 0
2020-01-07 17:54:05,425 - refund.py[line:210] - INFO: OrderID：6779135316629389531
 payDoneAmount:0.09 refundBaseAmount:0.09 refundExtraAmount:0.0
2020-01-07 18:25:03,359 - refund.py[line:174] - INFO: user phone:13250790293
2020-01-07 18:25:03,359 - refund.py[line:60] - INFO: Login RUQIMobility
2020-01-07 18:25:03,359 - refund.py[line:66] - DEBUG: https://managetest.ruqimobility.com/management/v1/login/web
2020-01-07 18:25:03,533 - refund.py[line:69] - DEBUG: {"code":0,"message":"成功"}
2020-01-07 18:25:03,533 - refund.py[line:71] - INFO: Login success
2020-01-07 18:25:03,533 - refund.py[line:176] - INFO: Refund days:1
2020-01-07 18:25:03,533 - refund.py[line:78] - INFO: Get refund orders
2020-01-07 18:25:03,533 - refund.py[line:79] - DEBUG: Page 1
2020-01-07 18:25:03,533 - refund.py[line:96] - DEBUG: https://managetest.ruqimobility.com/management/v1/orderinfo/queryListByFilter
2020-01-07 18:25:03,596 - refund.py[line:99] - INFO: Success
2020-01-07 18:25:03,598 - refund.py[line:107] - DEBUG: 1577696091
2020-01-07 18:25:03,599 - refund.py[line:112] - DEBUG: Finish
2020-01-07 18:25:03,599 - refund.py[line:184] - INFO: Order_Numbers:10
2020-01-07 18:25:03,599 - refund.py[line:232] - DEBUG: Order has been refunded or adjusted to 0
2020-01-07 18:25:03,599 - refund.py[line:232] - DEBUG: Order has been refunded or adjusted to 0
2020-01-07 18:25:03,599 - refund.py[line:232] - DEBUG: Order has been refunded or adjusted to 0
2020-01-07 18:25:03,599 - refund.py[line:232] - DEBUG: Order has been refunded or adjusted to 0
2020-01-07 18:25:03,599 - refund.py[line:232] - DEBUG: Order has been refunded or adjusted to 0
2020-01-07 18:25:03,599 - refund.py[line:232] - DEBUG: Order has been refunded or adjusted to 0
2020-01-07 18:25:03,599 - refund.py[line:232] - DEBUG: Order has been refunded or adjusted to 0
2020-01-07 18:25:03,599 - refund.py[line:232] - DEBUG: Order has been refunded or adjusted to 0
2020-01-07 18:25:03,599 - refund.py[line:232] - DEBUG: Order has been refunded or adjusted to 0
2020-01-07 18:25:03,599 - refund.py[line:232] - DEBUG: Order has been refunded or adjusted to 0
2020-01-07 18:25:03,599 - refund.py[line:238] - INFO: Refund 0 orders
2020-01-07 18:25:03,599 - refund.py[line:239] - INFO: Done!!!

2020-01-07 18:25:03,601 - refund.py[line:174] - INFO: user phone:15989104405
2020-01-07 18:25:03,601 - refund.py[line:60] - INFO: Login RUQIMobility
2020-01-07 18:25:03,601 - refund.py[line:66] - DEBUG: https://managetest.ruqimobility.com/management/v1/login/web
2020-01-07 18:25:03,691 - refund.py[line:69] - DEBUG: {"code":0,"message":"成功"}
2020-01-07 18:25:03,691 - refund.py[line:71] - INFO: Login success
2020-01-07 18:25:03,691 - refund.py[line:176] - INFO: Refund days:1
2020-01-07 18:25:03,691 - refund.py[line:78] - INFO: Get refund orders
2020-01-07 18:25:03,691 - refund.py[line:79] - DEBUG: Page 1
2020-01-07 18:25:03,691 - refund.py[line:96] - DEBUG: https://managetest.ruqimobility.com/management/v1/orderinfo/queryListByFilter
2020-01-07 18:25:03,752 - refund.py[line:99] - INFO: Success
2020-01-07 18:25:03,753 - refund.py[line:107] - DEBUG: 1577341752
2020-01-07 18:25:03,753 - refund.py[line:112] - DEBUG: Finish
2020-01-07 18:25:03,753 - refund.py[line:184] - INFO: Order_Numbers:10
2020-01-07 18:25:03,753 - refund.py[line:232] - DEBUG: Order has been refunded or adjusted to 0
2020-01-07 18:25:03,753 - refund.py[line:232] - DEBUG: Order has been refunded or adjusted to 0
2020-01-07 18:25:03,753 - refund.py[line:232] - DEBUG: Order has been refunded or adjusted to 0
2020-01-07 18:25:03,753 - refund.py[line:232] - DEBUG: Order has been refunded or adjusted to 0
2020-01-07 18:25:03,753 - refund.py[line:232] - DEBUG: Order has been refunded or adjusted to 0
2020-01-07 18:25:03,753 - refund.py[line:232] - DEBUG: Order has been refunded or adjusted to 0
2020-01-07 18:25:03,753 - refund.py[line:232] - DEBUG: Order has been refunded or adjusted to 0
2020-01-07 18:25:03,753 - refund.py[line:232] - DEBUG: Order has been refunded or adjusted to 0
2020-01-07 18:25:03,753 - refund.py[line:232] - DEBUG: Order has been refunded or adjusted to 0
2020-01-07 18:25:03,753 - refund.py[line:232] - DEBUG: Order has been refunded or adjusted to 0
2020-01-07 18:25:03,753 - refund.py[line:238] - INFO: Refund 0 orders
2020-01-07 18:25:03,753 - refund.py[line:239] - INFO: Done!!!

2020-01-07 18:25:03,754 - refund.py[line:251] - INFO: Cost time:0.39s
2020-01-07 18:27:51,465 - refund.py[line:174] - INFO: user phone:13250790293
2020-01-07 18:27:51,465 - refund.py[line:60] - INFO: Login RUQIMobility
2020-01-07 18:27:51,465 - refund.py[line:66] - DEBUG: https://managetest.ruqimobility.com/management/v1/login/web
2020-01-07 18:27:51,988 - refund.py[line:69] - DEBUG: {"code":0,"message":"成功"}
2020-01-07 18:27:51,988 - refund.py[line:71] - INFO: Login success
2020-01-07 18:27:51,988 - refund.py[line:176] - INFO: Refund days:1
2020-01-07 18:27:51,988 - refund.py[line:78] - INFO: Get refund orders
2020-01-07 18:27:51,988 - refund.py[line:79] - DEBUG: Page 1
2020-01-07 18:27:51,988 - refund.py[line:96] - DEBUG: https://managetest.ruqimobility.com/management/v1/orderinfo/queryListByFilter
2020-01-07 18:27:52,086 - refund.py[line:99] - INFO: Success
2020-01-07 18:27:52,088 - refund.py[line:107] - DEBUG: 1577704355
2020-01-07 18:27:52,088 - refund.py[line:112] - DEBUG: Finish
2020-01-07 18:27:52,088 - refund.py[line:184] - INFO: Order_Numbers:10
2020-01-07 18:27:52,088 - refund.py[line:115] - DEBUG: Get order info
2020-01-07 18:27:52,088 - refund.py[line:117] - DEBUG: https://managetest.ruqimobility.com/management/v1/orderinfo/query/6779145573011292394?_=1578392871
2020-01-07 18:27:52,301 - refund.py[line:191] - DEBUG: OrderID：6779145573011292394
 payDoneAmount:0.11 refundBaseAmount:0.11 refundExtraAmount:0.0
2020-01-07 18:27:52,301 - refund.py[line:192] - DEBUG: [{'payAmount': 0.11, 'payStatus': 2, 'channel': 1, 'recordTime': '1578392857'}]
2020-01-07 18:27:52,301 - refund.py[line:198] - DEBUG: 2
2020-01-07 18:27:52,301 - refund.py[line:199] - DEBUG: 0.11
2020-01-07 18:27:52,301 - refund.py[line:206] - DEBUG: pay_times: 1
2020-01-07 18:27:52,301 - refund.py[line:207] - DEBUG: 0
2020-01-07 18:27:52,301 - refund.py[line:210] - INFO: OrderID：6779145573011292394
 payDoneAmount:0.11 refundBaseAmount:0.11 refundExtraAmount:0.0
2020-01-07 18:29:03,305 - refund.py[line:174] - INFO: user phone:13250790293
2020-01-07 18:29:03,306 - refund.py[line:60] - INFO: Login RUQIMobility
2020-01-07 18:29:03,306 - refund.py[line:66] - DEBUG: https://managetest.ruqimobility.com/management/v1/login/web
2020-01-07 18:29:03,512 - refund.py[line:69] - DEBUG: {"code":0,"message":"成功"}
2020-01-07 18:29:03,512 - refund.py[line:71] - INFO: Login success
2020-01-07 18:29:03,512 - refund.py[line:176] - INFO: Refund days:1
2020-01-07 18:29:03,512 - refund.py[line:78] - INFO: Get refund orders
2020-01-07 18:29:03,513 - refund.py[line:79] - DEBUG: Page 1
2020-01-07 18:29:03,513 - refund.py[line:96] - DEBUG: https://managetest.ruqimobility.com/management/v1/orderinfo/queryListByFilter
2020-01-07 18:29:03,754 - refund.py[line:99] - INFO: Success
2020-01-07 18:29:03,756 - refund.py[line:107] - DEBUG: 1577704355
2020-01-07 18:29:03,757 - refund.py[line:112] - DEBUG: Finish
2020-01-07 18:29:03,757 - refund.py[line:184] - INFO: Order_Numbers:10
2020-01-07 18:29:03,757 - refund.py[line:115] - DEBUG: Get order info
2020-01-07 18:29:03,757 - refund.py[line:117] - DEBUG: https://managetest.ruqimobility.com/management/v1/orderinfo/query/6779145573011292394?_=1578392943
2020-01-07 18:29:04,183 - refund.py[line:191] - DEBUG: OrderID：6779145573011292394
 payDoneAmount:0.11 refundBaseAmount:0.11 refundExtraAmount:0.0
2020-01-07 18:29:04,183 - refund.py[line:192] - DEBUG: [{'payAmount': 0.11, 'payStatus': 2, 'channel': 1, 'recordTime': '1578392857'}]
2020-01-07 18:29:04,184 - refund.py[line:198] - DEBUG: 2
2020-01-07 18:29:04,184 - refund.py[line:199] - DEBUG: 0.11
2020-01-07 18:29:04,184 - refund.py[line:206] - DEBUG: pay_times: 1
2020-01-07 18:29:04,184 - refund.py[line:207] - DEBUG: 0
2020-01-07 18:29:04,184 - refund.py[line:210] - INFO: OrderID：6779145573011292394
 payDoneAmount:0.11 refundBaseAmount:0.11 refundExtraAmount:0.0
2020-01-07 18:32:04,092 - refund.py[line:174] - INFO: user phone:13250790293
2020-01-07 18:32:04,092 - refund.py[line:60] - INFO: Login RUQIMobility
2020-01-07 18:32:04,092 - refund.py[line:66] - DEBUG: https://managetest.ruqimobility.com/management/v1/login/web
2020-01-07 18:32:04,287 - refund.py[line:69] - DEBUG: {"code":0,"message":"成功"}
2020-01-07 18:32:04,287 - refund.py[line:71] - INFO: Login success
2020-01-07 18:32:04,287 - refund.py[line:176] - INFO: Refund days:1
2020-01-07 18:32:04,287 - refund.py[line:78] - INFO: Get refund orders
2020-01-07 18:32:04,287 - refund.py[line:79] - DEBUG: Page 1
2020-01-07 18:32:04,287 - refund.py[line:96] - DEBUG: https://managetest.ruqimobility.com/management/v1/orderinfo/queryListByFilter
2020-01-07 18:32:04,369 - refund.py[line:99] - INFO: Success
2020-01-07 18:32:04,371 - refund.py[line:107] - DEBUG: 1577704355
2020-01-07 18:32:04,372 - refund.py[line:112] - DEBUG: Finish
2020-01-07 18:32:04,372 - refund.py[line:184] - INFO: Order_Numbers:10
2020-01-07 18:32:04,372 - refund.py[line:115] - DEBUG: Get order info
2020-01-07 18:32:04,372 - refund.py[line:117] - DEBUG: https://managetest.ruqimobility.com/management/v1/orderinfo/query/6779145573011292394?_=1578393124
2020-01-07 18:32:04,619 - refund.py[line:191] - DEBUG: OrderID：6779145573011292394
 payDoneAmount:0.11 refundBaseAmount:0.11 refundExtraAmount:0.0
2020-01-07 18:32:04,620 - refund.py[line:192] - DEBUG: [{'payAmount': 0.11, 'payStatus': 2, 'channel': 1, 'recordTime': '1578392857'}]
2020-01-07 18:32:04,620 - refund.py[line:198] - DEBUG: 2
2020-01-07 18:32:04,620 - refund.py[line:199] - DEBUG: 0.11
2020-01-07 18:32:04,620 - refund.py[line:206] - DEBUG: pay_times: 1
2020-01-07 18:32:04,620 - refund.py[line:207] - DEBUG: 0
2020-01-07 18:32:04,620 - refund.py[line:210] - INFO: OrderID：6779145573011292394
 payDoneAmount:0.11 refundBaseAmount:0.11 refundExtraAmount:0.0
2020-01-07 18:38:11,738 - refund.py[line:174] - INFO: user phone:13250790293
2020-01-07 18:38:11,739 - refund.py[line:60] - INFO: Login RUQIMobility
2020-01-07 18:38:11,739 - refund.py[line:66] - DEBUG: https://managetest.ruqimobility.com/management/v1/login/web
2020-01-07 18:38:11,955 - refund.py[line:69] - DEBUG: {"code":0,"message":"成功"}
2020-01-07 18:38:11,955 - refund.py[line:71] - INFO: Login success
2020-01-07 18:38:11,955 - refund.py[line:176] - INFO: Refund days:1
2020-01-07 18:38:11,956 - refund.py[line:78] - INFO: Get refund orders
2020-01-07 18:38:11,956 - refund.py[line:79] - DEBUG: Page 1
2020-01-07 18:38:11,956 - refund.py[line:96] - DEBUG: https://managetest.ruqimobility.com/management/v1/orderinfo/queryListByFilter
2020-01-07 18:38:12,018 - refund.py[line:99] - INFO: Success
2020-01-07 18:38:12,021 - refund.py[line:107] - DEBUG: 1577704355
2020-01-07 18:38:12,021 - refund.py[line:112] - DEBUG: Finish
2020-01-07 18:38:12,021 - refund.py[line:184] - INFO: Order_Numbers:10
2020-01-07 18:38:12,021 - refund.py[line:115] - DEBUG: Get order info
2020-01-07 18:38:12,021 - refund.py[line:117] - DEBUG: https://managetest.ruqimobility.com/management/v1/orderinfo/query/6779145573011292394?_=1578393491
2020-01-07 18:38:12,192 - refund.py[line:191] - DEBUG: OrderID：6779145573011292394
 payDoneAmount:0.11 refundBaseAmount:0.11 refundExtraAmount:0.0
2020-01-07 18:38:12,192 - refund.py[line:192] - DEBUG: [{'payAmount': 0.11, 'payStatus': 2, 'channel': 1, 'recordTime': '1578392857'}]
2020-01-07 18:38:12,192 - refund.py[line:198] - DEBUG: 2
2020-01-07 18:38:12,192 - refund.py[line:199] - DEBUG: 0.11
2020-01-07 18:38:12,192 - refund.py[line:206] - DEBUG: pay_times: 1
2020-01-07 18:38:12,192 - refund.py[line:207] - DEBUG: 0
2020-01-07 18:38:12,192 - refund.py[line:210] - INFO: OrderID：6779145573011292394
 payDoneAmount:0.11 refundBaseAmount:0.11 refundExtraAmount:0.0
2020-01-07 18:39:24,949 - refund.py[line:175] - INFO: user phone:13250790293
2020-01-07 18:39:24,949 - refund.py[line:60] - INFO: Login RUQIMobility
2020-01-07 18:39:24,949 - refund.py[line:66] - DEBUG: https://managetest.ruqimobility.com/management/v1/login/web
2020-01-07 18:39:25,161 - refund.py[line:69] - DEBUG: {"code":0,"message":"成功"}
2020-01-07 18:39:25,162 - refund.py[line:71] - INFO: Login success
2020-01-07 18:39:25,162 - refund.py[line:177] - INFO: Refund days:1
2020-01-07 18:39:25,162 - refund.py[line:78] - INFO: Get refund orders
2020-01-07 18:39:25,162 - refund.py[line:79] - DEBUG: Page 1
2020-01-07 18:39:25,162 - refund.py[line:96] - DEBUG: https://managetest.ruqimobility.com/management/v1/orderinfo/queryListByFilter
2020-01-07 18:39:25,235 - refund.py[line:99] - INFO: Success
2020-01-07 18:39:25,238 - refund.py[line:107] - DEBUG: 1577704355
2020-01-07 18:39:25,238 - refund.py[line:112] - DEBUG: Finish
2020-01-07 18:39:25,238 - refund.py[line:185] - INFO: Order_Numbers:10
2020-01-07 18:39:25,238 - refund.py[line:115] - DEBUG: Get order info
2020-01-07 18:39:25,238 - refund.py[line:117] - DEBUG: https://managetest.ruqimobility.com/management/v1/orderinfo/query/6779145573011292394?_=1578393564
2020-01-07 18:39:25,483 - refund.py[line:192] - DEBUG: OrderID：6779145573011292394
 payDoneAmount:0.11 refundBaseAmount:0.11 refundExtraAmount:0.0
2020-01-07 18:39:25,484 - refund.py[line:193] - DEBUG: [{'payAmount': 0.11, 'payStatus': 2, 'channel': 1, 'recordTime': '1578392857'}]
2020-01-07 18:39:25,484 - refund.py[line:199] - DEBUG: 2
2020-01-07 18:39:25,484 - refund.py[line:200] - DEBUG: 0.11
2020-01-07 18:39:25,484 - refund.py[line:207] - DEBUG: pay_times: 1
2020-01-07 18:39:25,484 - refund.py[line:208] - DEBUG: 0
2020-01-07 18:39:25,484 - refund.py[line:211] - INFO: OrderID：6779145573011292394
 payDoneAmount:0.11 refundBaseAmount:0.11 refundExtraAmount:0.0
2020-01-07 18:40:11,629 - refund.py[line:176] - INFO: user phone:13250790293
2020-01-07 18:40:11,630 - refund.py[line:60] - INFO: Login RUQIMobility
2020-01-07 18:40:11,630 - refund.py[line:66] - DEBUG: https://managetest.ruqimobility.com/management/v1/login/web
2020-01-07 18:40:11,846 - refund.py[line:69] - DEBUG: {"code":0,"message":"成功"}
2020-01-07 18:40:11,846 - refund.py[line:71] - INFO: Login success
2020-01-07 18:40:11,846 - refund.py[line:178] - INFO: Refund days:1
2020-01-07 18:40:11,846 - refund.py[line:78] - INFO: Get refund orders
2020-01-07 18:40:11,847 - refund.py[line:79] - DEBUG: Page 1
2020-01-07 18:40:11,847 - refund.py[line:96] - DEBUG: https://managetest.ruqimobility.com/management/v1/orderinfo/queryListByFilter
2020-01-07 18:40:11,918 - refund.py[line:99] - INFO: Success
2020-01-07 18:40:11,920 - refund.py[line:107] - DEBUG: 1577704355
2020-01-07 18:40:11,920 - refund.py[line:112] - DEBUG: Finish
2020-01-07 18:40:11,920 - refund.py[line:186] - INFO: Order_Numbers:10
2020-01-07 18:40:11,920 - refund.py[line:115] - DEBUG: Get order info
2020-01-07 18:40:11,920 - refund.py[line:117] - DEBUG: https://managetest.ruqimobility.com/management/v1/orderinfo/query/6779145573011292394?_=1578393611
2020-01-07 18:40:12,124 - refund.py[line:193] - DEBUG: OrderID：6779145573011292394
 payDoneAmount:0.11 refundBaseAmount:0.11 refundExtraAmount:0.0
2020-01-07 18:40:12,124 - refund.py[line:194] - DEBUG: [{'payAmount': 0.11, 'payStatus': 2, 'channel': 1, 'recordTime': '1578392857'}]
2020-01-07 18:40:12,124 - refund.py[line:200] - DEBUG: 2
2020-01-07 18:40:12,124 - refund.py[line:201] - DEBUG: 0.11
2020-01-07 18:40:12,124 - refund.py[line:208] - DEBUG: pay_times: 1
2020-01-07 18:40:12,124 - refund.py[line:209] - DEBUG: 0
2020-01-07 18:40:12,124 - refund.py[line:212] - INFO: OrderID：6779145573011292394
 payDoneAmount:0.11 refundBaseAmount:0.11 refundExtraAmount:0.0
2020-01-07 18:45:46,536 - refund.py[line:164] - INFO: user phone:13250790293
2020-01-07 18:45:46,536 - refund.py[line:60] - INFO: Login RUQIMobility
2020-01-07 18:45:46,536 - refund.py[line:66] - DEBUG: https://managetest.ruqimobility.com/management/v1/login/web
2020-01-07 18:45:46,731 - refund.py[line:69] - DEBUG: {"code":0,"message":"成功"}
2020-01-07 18:45:46,732 - refund.py[line:71] - INFO: Login success
2020-01-07 18:45:46,732 - refund.py[line:166] - INFO: Refund days:1
2020-01-07 18:45:46,732 - refund.py[line:78] - INFO: Get refund orders
2020-01-07 18:45:46,732 - refund.py[line:79] - DEBUG: Page 1
2020-01-07 18:45:46,732 - refund.py[line:96] - DEBUG: https://managetest.ruqimobility.com/management/v1/orderinfo/queryListByFilter
2020-01-07 18:45:46,805 - refund.py[line:99] - INFO: Success
2020-01-07 18:45:46,808 - refund.py[line:107] - DEBUG: 1577704355
2020-01-07 18:45:46,808 - refund.py[line:112] - DEBUG: Finish
2020-01-07 18:45:46,808 - refund.py[line:174] - INFO: Order_Numbers:10
2020-01-07 18:45:46,808 - refund.py[line:115] - DEBUG: Get order info
2020-01-07 18:45:46,808 - refund.py[line:117] - DEBUG: https://managetest.ruqimobility.com/management/v1/orderinfo/query/6779145573011292394?_=1578393946
2020-01-07 18:45:46,966 - refund.py[line:181] - DEBUG: OrderID：6779145573011292394
 payDoneAmount:0.11 refundBaseAmount:0.11 refundExtraAmount:0.0
2020-01-07 18:45:46,966 - refund.py[line:182] - DEBUG: [{'payAmount': 0.11, 'payStatus': 2, 'channel': 1, 'recordTime': '1578392857'}]
2020-01-07 18:45:46,966 - refund.py[line:188] - DEBUG: 2
2020-01-07 18:45:46,966 - refund.py[line:189] - DEBUG: 0.11
2020-01-07 18:45:46,966 - refund.py[line:196] - DEBUG: pay_times: 1
2020-01-07 18:45:46,966 - refund.py[line:197] - DEBUG: 0
2020-01-07 18:45:46,966 - refund.py[line:200] - INFO: OrderID：6779145573011292394
 payDoneAmount:0.11 refundBaseAmount:0.11 refundExtraAmount:0.0
2020-01-07 18:46:40,338 - refund.py[line:167] - INFO: user phone:13250790293
2020-01-07 18:46:40,338 - refund.py[line:61] - INFO: Login RUQIMobility
2020-01-07 18:46:40,338 - refund.py[line:67] - DEBUG: https://managetest.ruqimobility.com/management/v1/login/web
2020-01-07 18:46:40,453 - refund.py[line:70] - DEBUG: {"code":0,"message":"成功"}
2020-01-07 18:46:40,453 - refund.py[line:72] - INFO: Login success
2020-01-07 18:46:40,453 - refund.py[line:169] - INFO: Refund days:1
2020-01-07 18:46:40,453 - refund.py[line:79] - INFO: Get refund orders
2020-01-07 18:46:40,453 - refund.py[line:80] - DEBUG: Page 1
2020-01-07 18:46:40,454 - refund.py[line:97] - DEBUG: https://managetest.ruqimobility.com/management/v1/orderinfo/queryListByFilter
2020-01-07 18:46:40,517 - refund.py[line:100] - INFO: Success
2020-01-07 18:46:40,520 - refund.py[line:108] - DEBUG: 1577704355
2020-01-07 18:46:40,520 - refund.py[line:113] - DEBUG: Finish
2020-01-07 18:46:40,520 - refund.py[line:177] - INFO: Order_Numbers:10
2020-01-07 18:46:40,520 - refund.py[line:116] - DEBUG: Get order info
2020-01-07 18:46:40,521 - refund.py[line:118] - DEBUG: https://managetest.ruqimobility.com/management/v1/orderinfo/query/6779145573011292394?_=1578394000
2020-01-07 18:46:40,778 - refund.py[line:184] - DEBUG: OrderID：6779145573011292394
 payDoneAmount:0.11 refundBaseAmount:0.11 refundExtraAmount:0.0
2020-01-07 18:46:40,779 - refund.py[line:185] - DEBUG: [{'payAmount': 0.11, 'payStatus': 2, 'channel': 1, 'recordTime': '1578392857'}]
2020-01-07 18:46:40,779 - refund.py[line:191] - DEBUG: 2
2020-01-07 18:46:40,779 - refund.py[line:192] - DEBUG: 0.11
2020-01-07 18:46:40,779 - refund.py[line:199] - DEBUG: pay_times: 1
2020-01-07 18:46:40,779 - refund.py[line:200] - DEBUG: 0
2020-01-07 18:46:40,779 - refund.py[line:203] - INFO: OrderID：6779145573011292394
 payDoneAmount:0.11 refundBaseAmount:0.11 refundExtraAmount:0.0
2020-01-07 18:48:00,572 - refund.py[line:164] - INFO: user phone:13250790293
2020-01-07 18:48:00,572 - refund.py[line:60] - INFO: Login RUQIMobility
2020-01-07 18:48:00,572 - refund.py[line:66] - DEBUG: https://managetest.ruqimobility.com/management/v1/login/web
2020-01-07 18:48:00,698 - refund.py[line:69] - DEBUG: {"code":0,"message":"成功"}
2020-01-07 18:48:00,698 - refund.py[line:71] - INFO: Login success
2020-01-07 18:48:00,699 - refund.py[line:166] - INFO: Refund days:1
2020-01-07 18:48:00,699 - refund.py[line:78] - INFO: Get refund orders
2020-01-07 18:48:00,699 - refund.py[line:79] - DEBUG: Page 1
2020-01-07 18:48:00,699 - refund.py[line:96] - DEBUG: https://managetest.ruqimobility.com/management/v1/orderinfo/queryListByFilter
2020-01-07 18:48:00,772 - refund.py[line:99] - INFO: Success
2020-01-07 18:48:00,774 - refund.py[line:107] - DEBUG: 1577704355
2020-01-07 18:48:00,775 - refund.py[line:112] - DEBUG: Finish
2020-01-07 18:48:00,775 - refund.py[line:174] - INFO: Order_Numbers:10
2020-01-07 18:48:00,775 - refund.py[line:115] - DEBUG: Get order info
2020-01-07 18:48:00,775 - refund.py[line:117] - DEBUG: https://managetest.ruqimobility.com/management/v1/orderinfo/query/6779145573011292394?_=1578394080
2020-01-07 18:48:00,970 - refund.py[line:181] - DEBUG: OrderID：6779145573011292394
 payDoneAmount:0.11 refundBaseAmount:0.11 refundExtraAmount:0.0
2020-01-07 18:48:00,970 - refund.py[line:182] - DEBUG: [{'payAmount': 0.11, 'payStatus': 2, 'channel': 1, 'recordTime': '1578392857'}]
2020-01-07 18:48:00,970 - refund.py[line:188] - DEBUG: 2
2020-01-07 18:48:00,970 - refund.py[line:189] - DEBUG: 0.11
2020-01-07 18:48:00,970 - refund.py[line:196] - DEBUG: pay_times: 1
2020-01-07 18:48:00,970 - refund.py[line:197] - DEBUG: 0
2020-01-07 18:48:00,970 - refund.py[line:200] - INFO: OrderID：6779145573011292394
 payDoneAmount:0.11 refundBaseAmount:0.11 refundExtraAmount:0.0
2020-01-07 18:48:00,989 - refund.py[line:131] - INFO: Commit refund
2020-01-07 18:48:00,989 - refund.py[line:132] - INFO: refundBaseAmount:0.11,refundExtraAmount:0.0
2020-01-07 18:48:00,990 - refund.py[line:144] - DEBUG: https://managetest.ruqimobility.com/management/v1/orderinfo/refund
2020-01-07 18:48:02,611 - refund.py[line:146] - INFO: {"code":0,"message":"成功"}
2020-01-07 18:48:02,612 - refund.py[line:152] - INFO: Refund Success!!!
2020-01-07 18:48:02,612 - refund.py[line:222] - DEBUG: Order has been refunded or adjusted to 0
2020-01-07 18:48:02,612 - refund.py[line:222] - DEBUG: Order has been refunded or adjusted to 0
2020-01-07 18:48:02,612 - refund.py[line:222] - DEBUG: Order has been refunded or adjusted to 0
2020-01-07 18:48:02,612 - refund.py[line:222] - DEBUG: Order has been refunded or adjusted to 0
2020-01-07 18:48:02,612 - refund.py[line:222] - DEBUG: Order has been refunded or adjusted to 0
2020-01-07 18:48:02,612 - refund.py[line:222] - DEBUG: Order has been refunded or adjusted to 0
2020-01-07 18:48:02,612 - refund.py[line:222] - DEBUG: Order has been refunded or adjusted to 0
2020-01-07 18:48:02,612 - refund.py[line:222] - DEBUG: Order has been refunded or adjusted to 0
2020-01-07 18:48:02,612 - refund.py[line:222] - DEBUG: Order has been refunded or adjusted to 0
2020-01-07 18:48:02,612 - refund.py[line:228] - INFO: Refund 1 orders
2020-01-07 18:48:02,612 - refund.py[line:229] - INFO: Done!!!

2020-01-07 18:48:02,613 - refund.py[line:164] - INFO: user phone:15989104405
2020-01-07 18:48:02,614 - refund.py[line:60] - INFO: Login RUQIMobility
2020-01-07 18:48:02,614 - refund.py[line:66] - DEBUG: https://managetest.ruqimobility.com/management/v1/login/web
2020-01-07 18:48:02,785 - refund.py[line:69] - DEBUG: {"code":0,"message":"成功"}
2020-01-07 18:48:02,785 - refund.py[line:71] - INFO: Login success
2020-01-07 18:48:02,785 - refund.py[line:166] - INFO: Refund days:1
2020-01-07 18:48:02,785 - refund.py[line:78] - INFO: Get refund orders
2020-01-07 18:48:02,785 - refund.py[line:79] - DEBUG: Page 1
2020-01-07 18:48:02,785 - refund.py[line:96] - DEBUG: https://managetest.ruqimobility.com/management/v1/orderinfo/queryListByFilter
2020-01-07 18:48:02,882 - refund.py[line:99] - INFO: Success
2020-01-07 18:48:02,882 - refund.py[line:107] - DEBUG: 1577341752
2020-01-07 18:48:02,882 - refund.py[line:112] - DEBUG: Finish
2020-01-07 18:48:02,882 - refund.py[line:174] - INFO: Order_Numbers:10
2020-01-07 18:48:02,882 - refund.py[line:222] - DEBUG: Order has been refunded or adjusted to 0
2020-01-07 18:48:02,882 - refund.py[line:222] - DEBUG: Order has been refunded or adjusted to 0
2020-01-07 18:48:02,882 - refund.py[line:222] - DEBUG: Order has been refunded or adjusted to 0
2020-01-07 18:48:02,883 - refund.py[line:222] - DEBUG: Order has been refunded or adjusted to 0
2020-01-07 18:48:02,883 - refund.py[line:222] - DEBUG: Order has been refunded or adjusted to 0
2020-01-07 18:48:02,883 - refund.py[line:222] - DEBUG: Order has been refunded or adjusted to 0
2020-01-07 18:48:02,883 - refund.py[line:222] - DEBUG: Order has been refunded or adjusted to 0
2020-01-07 18:48:02,883 - refund.py[line:222] - DEBUG: Order has been refunded or adjusted to 0
2020-01-07 18:48:02,883 - refund.py[line:222] - DEBUG: Order has been refunded or adjusted to 0
2020-01-07 18:48:02,883 - refund.py[line:222] - DEBUG: Order has been refunded or adjusted to 0
2020-01-07 18:48:02,883 - refund.py[line:228] - INFO: Refund 0 orders
2020-01-07 18:48:02,883 - refund.py[line:229] - INFO: Done!!!

2020-01-07 18:48:02,883 - refund.py[line:241] - INFO: Cost time:2.31s
2020-01-07 18:51:09,001 - refund.py[line:164] - INFO: user phone:13250790293
2020-01-07 18:51:09,001 - refund.py[line:60] - INFO: Login RUQIMobility
2020-01-07 18:51:09,001 - refund.py[line:66] - DEBUG: https://managetest.ruqimobility.com/management/v1/login/web
2020-01-07 18:51:09,142 - refund.py[line:69] - DEBUG: {"code":0,"message":"成功"}
2020-01-07 18:51:09,142 - refund.py[line:71] - INFO: Login success
2020-01-07 18:51:09,142 - refund.py[line:166] - INFO: Refund days:1
2020-01-07 18:51:09,142 - refund.py[line:78] - INFO: Get refund orders
2020-01-07 18:51:09,142 - refund.py[line:79] - DEBUG: Page 1
2020-01-07 18:51:09,143 - refund.py[line:96] - DEBUG: https://managetest.ruqimobility.com/management/v1/orderinfo/queryListByFilter
2020-01-07 18:51:09,232 - refund.py[line:99] - INFO: Success
2020-01-07 18:51:09,235 - refund.py[line:107] - DEBUG: 1577774568
2020-01-07 18:51:09,235 - refund.py[line:112] - DEBUG: Finish
2020-01-07 18:51:09,235 - refund.py[line:174] - INFO: Order_Numbers:10
2020-01-07 18:51:09,235 - refund.py[line:115] - DEBUG: Get order info
2020-01-07 18:51:09,235 - refund.py[line:117] - DEBUG: https://managetest.ruqimobility.com/management/v1/orderinfo/query/6779151633210147060?_=1578394269
2020-01-07 18:51:09,426 - refund.py[line:181] - DEBUG: OrderID：6779151633210147060
 payDoneAmount:0.11 refundBaseAmount:0.11 refundExtraAmount:0.0
2020-01-07 18:51:09,426 - refund.py[line:182] - DEBUG: [{'payAmount': 0.11, 'payStatus': 2, 'channel': 1, 'recordTime': '1578394261'}]
2020-01-07 18:51:09,426 - refund.py[line:188] - DEBUG: 2
2020-01-07 18:51:09,426 - refund.py[line:189] - DEBUG: 0.11
2020-01-07 18:51:09,426 - refund.py[line:196] - DEBUG: pay_times: 1
2020-01-07 18:51:09,426 - refund.py[line:197] - DEBUG: 0
2020-01-07 18:51:09,426 - refund.py[line:200] - INFO: OrderID：6779151633210147060
 payDoneAmount:0.11 refundBaseAmount:0.11 refundExtraAmount:0.0
2020-01-07 18:53:47,189 - refund.py[line:164] - INFO: user phone:13250790293
2020-01-07 18:53:47,190 - refund.py[line:60] - INFO: Login RUQIMobility
2020-01-07 18:53:47,190 - refund.py[line:66] - DEBUG: https://managetest.ruqimobility.com/management/v1/login/web
2020-01-07 18:53:47,399 - refund.py[line:69] - DEBUG: {"code":0,"message":"成功"}
2020-01-07 18:53:47,399 - refund.py[line:71] - INFO: Login success
2020-01-07 18:53:47,399 - refund.py[line:166] - INFO: Refund days:1
2020-01-07 18:53:47,399 - refund.py[line:78] - INFO: Get refund orders
2020-01-07 18:53:47,399 - refund.py[line:79] - DEBUG: Page 1
2020-01-07 18:53:47,399 - refund.py[line:96] - DEBUG: https://managetest.ruqimobility.com/management/v1/orderinfo/queryListByFilter
2020-01-07 18:53:47,457 - refund.py[line:99] - INFO: Success
2020-01-07 18:53:47,460 - refund.py[line:107] - DEBUG: 1577774568
2020-01-07 18:53:47,460 - refund.py[line:112] - DEBUG: Finish
2020-01-07 18:53:47,460 - refund.py[line:174] - INFO: Order_Numbers:10
2020-01-07 18:53:47,460 - refund.py[line:115] - DEBUG: Get order info
2020-01-07 18:53:47,460 - refund.py[line:117] - DEBUG: https://managetest.ruqimobility.com/management/v1/orderinfo/query/6779151633210147060?_=1578394427
2020-01-07 18:53:47,618 - refund.py[line:181] - DEBUG: OrderID：6779151633210147060
 payDoneAmount:0.11 refundBaseAmount:0.11 refundExtraAmount:0.0
2020-01-07 18:53:47,619 - refund.py[line:182] - DEBUG: [{'payAmount': 0.11, 'payStatus': 2, 'channel': 1, 'recordTime': '1578394261'}]
2020-01-07 18:53:47,619 - refund.py[line:188] - DEBUG: 2
2020-01-07 18:53:47,619 - refund.py[line:189] - DEBUG: 0.11
2020-01-07 18:53:47,619 - refund.py[line:196] - DEBUG: pay_times: 1
2020-01-07 18:53:47,619 - refund.py[line:197] - DEBUG: 0
2020-01-07 18:53:47,619 - refund.py[line:200] - INFO: OrderID：6779151633210147060
 payDoneAmount:0.11 refundBaseAmount:0.11 refundExtraAmount:0.0
2020-01-07 18:57:58,600 - refund.py[line:164] - INFO: user phone:13250790293
2020-01-07 18:57:58,601 - refund.py[line:60] - INFO: Login RUQIMobility
2020-01-07 18:57:58,601 - refund.py[line:66] - DEBUG: https://managetest.ruqimobility.com/management/v1/login/web
2020-01-07 18:57:58,768 - refund.py[line:69] - DEBUG: {"code":0,"message":"成功"}
2020-01-07 18:57:58,768 - refund.py[line:71] - INFO: Login success
2020-01-07 18:57:58,768 - refund.py[line:166] - INFO: Refund days:1
2020-01-07 18:57:58,768 - refund.py[line:78] - INFO: Get refund orders
2020-01-07 18:57:58,768 - refund.py[line:79] - DEBUG: Page 1
2020-01-07 18:57:58,768 - refund.py[line:96] - DEBUG: https://managetest.ruqimobility.com/management/v1/orderinfo/queryListByFilter
2020-01-07 18:57:58,881 - refund.py[line:99] - INFO: Success
2020-01-07 18:57:58,883 - refund.py[line:107] - DEBUG: 1577774568
2020-01-07 18:57:58,883 - refund.py[line:112] - DEBUG: Finish
2020-01-07 18:57:58,884 - refund.py[line:174] - INFO: Order_Numbers:10
2020-01-07 18:57:58,884 - refund.py[line:115] - DEBUG: Get order info
2020-01-07 18:57:58,884 - refund.py[line:117] - DEBUG: https://managetest.ruqimobility.com/management/v1/orderinfo/query/6779151633210147060?_=1578394678
2020-01-07 18:57:59,088 - refund.py[line:181] - DEBUG: OrderID：6779151633210147060
 payDoneAmount:0.11 refundBaseAmount:0.11 refundExtraAmount:0.0
2020-01-07 18:57:59,088 - refund.py[line:182] - DEBUG: [{'payAmount': 0.11, 'payStatus': 2, 'channel': 1, 'recordTime': '1578394261'}]
2020-01-07 18:57:59,088 - refund.py[line:188] - DEBUG: 2
2020-01-07 18:57:59,088 - refund.py[line:189] - DEBUG: 0.11
2020-01-07 18:57:59,088 - refund.py[line:196] - DEBUG: pay_times: 1
2020-01-07 18:57:59,088 - refund.py[line:197] - DEBUG: 0
2020-01-07 18:57:59,088 - refund.py[line:200] - INFO: OrderID：6779151633210147060
 payDoneAmount:0.11 refundBaseAmount:0.11 refundExtraAmount:0.0
2020-01-07 18:58:40,074 - refund.py[line:164] - INFO: user phone:13250790293
2020-01-07 18:58:40,075 - refund.py[line:60] - INFO: Login RUQIMobility
2020-01-07 18:58:40,075 - refund.py[line:66] - DEBUG: https://managetest.ruqimobility.com/management/v1/login/web
2020-01-07 18:58:40,230 - refund.py[line:69] - DEBUG: {"code":0,"message":"成功"}
2020-01-07 18:58:40,230 - refund.py[line:71] - INFO: Login success
2020-01-07 18:58:40,230 - refund.py[line:166] - INFO: Refund days:1
2020-01-07 18:58:40,230 - refund.py[line:78] - INFO: Get refund orders
2020-01-07 18:58:40,230 - refund.py[line:79] - DEBUG: Page 1
2020-01-07 18:58:40,230 - refund.py[line:96] - DEBUG: https://managetest.ruqimobility.com/management/v1/orderinfo/queryListByFilter
2020-01-07 18:58:40,319 - refund.py[line:99] - INFO: Success
2020-01-07 18:58:40,321 - refund.py[line:107] - DEBUG: 1577774568
2020-01-07 18:58:40,321 - refund.py[line:112] - DEBUG: Finish
2020-01-07 18:58:40,321 - refund.py[line:174] - INFO: Order_Numbers:10
2020-01-07 18:58:40,321 - refund.py[line:115] - DEBUG: Get order info
2020-01-07 18:58:40,321 - refund.py[line:117] - DEBUG: https://managetest.ruqimobility.com/management/v1/orderinfo/query/6779151633210147060?_=1578394720
2020-01-07 18:58:40,601 - refund.py[line:181] - DEBUG: OrderID：6779151633210147060
 payDoneAmount:0.11 refundBaseAmount:0.11 refundExtraAmount:0.0
2020-01-07 18:58:40,601 - refund.py[line:182] - DEBUG: [{'payAmount': 0.11, 'payStatus': 2, 'channel': 1, 'recordTime': '1578394261'}]
2020-01-07 18:58:40,601 - refund.py[line:188] - DEBUG: 2
2020-01-07 18:58:40,601 - refund.py[line:189] - DEBUG: 0.11
2020-01-07 18:58:40,601 - refund.py[line:196] - DEBUG: pay_times: 1
2020-01-07 18:58:40,601 - refund.py[line:197] - DEBUG: 0
2020-01-07 18:58:40,601 - refund.py[line:200] - INFO: OrderID：6779151633210147060
 payDoneAmount:0.11 refundBaseAmount:0.11 refundExtraAmount:0.0
2020-01-07 19:00:02,783 - refund.py[line:164] - INFO: user phone:13250790293
2020-01-07 19:00:02,783 - refund.py[line:60] - INFO: Login RUQIMobility
2020-01-07 19:00:02,784 - refund.py[line:66] - DEBUG: https://managetest.ruqimobility.com/management/v1/login/web
2020-01-07 19:00:02,950 - refund.py[line:69] - DEBUG: {"code":0,"message":"成功"}
2020-01-07 19:00:02,950 - refund.py[line:71] - INFO: Login success
2020-01-07 19:00:02,950 - refund.py[line:166] - INFO: Refund days:1
2020-01-07 19:00:02,950 - refund.py[line:78] - INFO: Get refund orders
2020-01-07 19:00:02,950 - refund.py[line:79] - DEBUG: Page 1
2020-01-07 19:00:02,950 - refund.py[line:96] - DEBUG: https://managetest.ruqimobility.com/management/v1/orderinfo/queryListByFilter
2020-01-07 19:00:03,017 - refund.py[line:99] - INFO: Success
2020-01-07 19:00:03,020 - refund.py[line:107] - DEBUG: 1577774568
2020-01-07 19:00:03,020 - refund.py[line:112] - DEBUG: Finish
2020-01-07 19:00:03,020 - refund.py[line:174] - INFO: Order_Numbers:10
2020-01-07 19:00:03,020 - refund.py[line:115] - DEBUG: Get order info
2020-01-07 19:00:03,020 - refund.py[line:117] - DEBUG: https://managetest.ruqimobility.com/management/v1/orderinfo/query/6779151633210147060?_=1578394802
2020-01-07 19:00:03,196 - refund.py[line:181] - DEBUG: OrderID：6779151633210147060
 payDoneAmount:0.11 refundBaseAmount:0.11 refundExtraAmount:0.0
2020-01-07 19:00:03,196 - refund.py[line:182] - DEBUG: [{'payAmount': 0.11, 'payStatus': 2, 'channel': 1, 'recordTime': '1578394261'}]
2020-01-07 19:00:03,196 - refund.py[line:188] - DEBUG: 2
2020-01-07 19:00:03,196 - refund.py[line:189] - DEBUG: 0.11
2020-01-07 19:00:03,197 - refund.py[line:196] - DEBUG: pay_times: 1
2020-01-07 19:00:03,197 - refund.py[line:197] - DEBUG: 0
2020-01-07 19:00:03,197 - refund.py[line:200] - INFO: OrderID：6779151633210147060
 payDoneAmount:0.11 refundBaseAmount:0.11 refundExtraAmount:0.0
2020-01-07 19:00:55,744 - refund.py[line:165] - INFO: user phone:13250790293
2020-01-07 19:00:55,745 - refund.py[line:60] - INFO: Login RUQIMobility
2020-01-07 19:00:55,745 - refund.py[line:66] - DEBUG: https://managetest.ruqimobility.com/management/v1/login/web
2020-01-07 19:00:55,932 - refund.py[line:69] - DEBUG: {"code":0,"message":"成功"}
2020-01-07 19:00:55,932 - refund.py[line:71] - INFO: Login success
2020-01-07 19:00:55,932 - refund.py[line:167] - INFO: Refund days:1
2020-01-07 19:00:55,932 - refund.py[line:78] - INFO: Get refund orders
2020-01-07 19:00:55,932 - refund.py[line:79] - DEBUG: Page 1
2020-01-07 19:00:55,932 - refund.py[line:96] - DEBUG: https://managetest.ruqimobility.com/management/v1/orderinfo/queryListByFilter
2020-01-07 19:00:56,002 - refund.py[line:99] - INFO: Success
2020-01-07 19:00:56,004 - refund.py[line:107] - DEBUG: 1577774568
2020-01-07 19:00:56,004 - refund.py[line:112] - DEBUG: Finish
2020-01-07 19:00:56,004 - refund.py[line:175] - INFO: Order_Numbers:10
2020-01-07 19:00:56,004 - refund.py[line:115] - DEBUG: Get order info
2020-01-07 19:00:56,004 - refund.py[line:117] - DEBUG: https://managetest.ruqimobility.com/management/v1/orderinfo/query/6779151633210147060?_=1578394855
2020-01-07 19:00:56,260 - refund.py[line:182] - DEBUG: OrderID：6779151633210147060
 payDoneAmount:0.11 refundBaseAmount:0.11 refundExtraAmount:0.0
2020-01-07 19:00:56,260 - refund.py[line:183] - DEBUG: [{'payAmount': 0.11, 'payStatus': 2, 'channel': 1, 'recordTime': '1578394261'}]
2020-01-07 19:00:56,260 - refund.py[line:189] - DEBUG: 2
2020-01-07 19:00:56,260 - refund.py[line:190] - DEBUG: 0.11
2020-01-07 19:00:56,260 - refund.py[line:197] - DEBUG: pay_times: 1
2020-01-07 19:00:56,261 - refund.py[line:198] - DEBUG: 0
2020-01-07 19:00:56,261 - refund.py[line:201] - INFO: OrderID：6779151633210147060
 payDoneAmount:0.11 refundBaseAmount:0.11 refundExtraAmount:0.0
2020-01-07 19:01:16,213 - refund.py[line:164] - INFO: user phone:13250790293
2020-01-07 19:01:16,214 - refund.py[line:60] - INFO: Login RUQIMobility
2020-01-07 19:01:16,214 - refund.py[line:66] - DEBUG: https://managetest.ruqimobility.com/management/v1/login/web
2020-01-07 19:01:16,418 - refund.py[line:69] - DEBUG: {"code":0,"message":"成功"}
2020-01-07 19:01:16,418 - refund.py[line:71] - INFO: Login success
2020-01-07 19:01:16,418 - refund.py[line:166] - INFO: Refund days:1
2020-01-07 19:01:16,418 - refund.py[line:78] - INFO: Get refund orders
2020-01-07 19:01:16,418 - refund.py[line:79] - DEBUG: Page 1
2020-01-07 19:01:16,418 - refund.py[line:96] - DEBUG: https://managetest.ruqimobility.com/management/v1/orderinfo/queryListByFilter
2020-01-07 19:01:16,486 - refund.py[line:99] - INFO: Success
2020-01-07 19:01:16,489 - refund.py[line:107] - DEBUG: 1577774568
2020-01-07 19:01:16,489 - refund.py[line:112] - DEBUG: Finish
2020-01-07 19:01:16,489 - refund.py[line:174] - INFO: Order_Numbers:10
2020-01-07 19:01:16,489 - refund.py[line:115] - DEBUG: Get order info
2020-01-07 19:01:16,489 - refund.py[line:117] - DEBUG: https://managetest.ruqimobility.com/management/v1/orderinfo/query/6779151633210147060?_=1578394876
2020-01-07 19:01:16,874 - refund.py[line:181] - DEBUG: OrderID：6779151633210147060
 payDoneAmount:0.11 refundBaseAmount:0.11 refundExtraAmount:0.0
2020-01-07 19:01:16,874 - refund.py[line:182] - DEBUG: [{'payAmount': 0.11, 'payStatus': 2, 'channel': 1, 'recordTime': '1578394261'}]
2020-01-07 19:01:16,874 - refund.py[line:188] - DEBUG: 2
2020-01-07 19:01:16,874 - refund.py[line:189] - DEBUG: 0.11
2020-01-07 19:01:16,874 - refund.py[line:196] - DEBUG: pay_times: 1
2020-01-07 19:01:16,875 - refund.py[line:197] - DEBUG: 0
2020-01-07 19:01:16,875 - refund.py[line:200] - INFO: OrderID：6779151633210147060
 payDoneAmount:0.11 refundBaseAmount:0.11 refundExtraAmount:0.0
2020-01-07 19:03:02,899 - refund.py[line:164] - INFO: user phone:13250790293
2020-01-07 19:03:02,899 - refund.py[line:60] - INFO: Login RUQIMobility
2020-01-07 19:03:02,899 - refund.py[line:66] - DEBUG: https://managetest.ruqimobility.com/management/v1/login/web
2020-01-07 19:03:03,044 - refund.py[line:69] - DEBUG: {"code":0,"message":"成功"}
2020-01-07 19:03:03,044 - refund.py[line:71] - INFO: Login success
2020-01-07 19:03:03,044 - refund.py[line:166] - INFO: Refund days:1
2020-01-07 19:03:03,044 - refund.py[line:78] - INFO: Get refund orders
2020-01-07 19:03:03,044 - refund.py[line:79] - DEBUG: Page 1
2020-01-07 19:03:03,044 - refund.py[line:96] - DEBUG: https://managetest.ruqimobility.com/management/v1/orderinfo/queryListByFilter
2020-01-07 19:03:03,123 - refund.py[line:99] - INFO: Success
2020-01-07 19:03:03,126 - refund.py[line:107] - DEBUG: 1577774568
2020-01-07 19:03:03,126 - refund.py[line:112] - DEBUG: Finish
2020-01-07 19:03:03,126 - refund.py[line:174] - INFO: Order_Numbers:10
2020-01-07 19:03:03,126 - refund.py[line:115] - DEBUG: Get order info
2020-01-07 19:03:03,126 - refund.py[line:117] - DEBUG: https://managetest.ruqimobility.com/management/v1/orderinfo/query/6779151633210147060?_=1578394982
2020-01-07 19:03:03,320 - refund.py[line:181] - DEBUG: OrderID：6779151633210147060
 payDoneAmount:0.11 refundBaseAmount:0.11 refundExtraAmount:0.0
2020-01-07 19:03:03,320 - refund.py[line:182] - DEBUG: [{'payAmount': 0.11, 'payStatus': 2, 'channel': 1, 'recordTime': '1578394261'}]
2020-01-07 19:03:03,320 - refund.py[line:188] - DEBUG: 2
2020-01-07 19:03:03,320 - refund.py[line:189] - DEBUG: 0.11
2020-01-07 19:03:03,320 - refund.py[line:196] - DEBUG: pay_times: 1
2020-01-07 19:03:03,320 - refund.py[line:197] - DEBUG: 0
2020-01-07 19:03:03,320 - refund.py[line:200] - INFO: OrderID：6779151633210147060
 payDoneAmount:0.11 refundBaseAmount:0.11 refundExtraAmount:0.0
2020-01-07 19:03:44,574 - refund.py[line:164] - INFO: user phone:13250790293
2020-01-07 19:03:44,574 - refund.py[line:60] - INFO: Login RUQIMobility
2020-01-07 19:03:44,575 - refund.py[line:66] - DEBUG: https://managetest.ruqimobility.com/management/v1/login/web
2020-01-07 19:03:44,759 - refund.py[line:69] - DEBUG: {"code":0,"message":"成功"}
2020-01-07 19:03:44,760 - refund.py[line:71] - INFO: Login success
2020-01-07 19:03:44,760 - refund.py[line:166] - INFO: Refund days:1
2020-01-07 19:03:44,760 - refund.py[line:78] - INFO: Get refund orders
2020-01-07 19:03:44,760 - refund.py[line:79] - DEBUG: Page 1
2020-01-07 19:03:44,760 - refund.py[line:96] - DEBUG: https://managetest.ruqimobility.com/management/v1/orderinfo/queryListByFilter
2020-01-07 19:03:44,817 - refund.py[line:99] - INFO: Success
2020-01-07 19:03:44,820 - refund.py[line:107] - DEBUG: 1577774568
2020-01-07 19:03:44,820 - refund.py[line:112] - DEBUG: Finish
2020-01-07 19:03:44,820 - refund.py[line:174] - INFO: Order_Numbers:10
2020-01-07 19:03:44,820 - refund.py[line:115] - DEBUG: Get order info
2020-01-07 19:03:44,820 - refund.py[line:117] - DEBUG: https://managetest.ruqimobility.com/management/v1/orderinfo/query/6779151633210147060?_=1578395024
2020-01-07 19:03:45,068 - refund.py[line:181] - DEBUG: OrderID：6779151633210147060
 payDoneAmount:0.11 refundBaseAmount:0.11 refundExtraAmount:0.0
2020-01-07 19:03:45,068 - refund.py[line:182] - DEBUG: [{'payAmount': 0.11, 'payStatus': 2, 'channel': 1, 'recordTime': '1578394261'}]
2020-01-07 19:03:45,068 - refund.py[line:188] - DEBUG: 2
2020-01-07 19:03:45,068 - refund.py[line:189] - DEBUG: 0.11
2020-01-07 19:03:45,068 - refund.py[line:196] - DEBUG: pay_times: 1
2020-01-07 19:03:45,068 - refund.py[line:197] - DEBUG: 0
2020-01-07 19:03:45,068 - refund.py[line:200] - INFO: OrderID：6779151633210147060
 payDoneAmount:0.11 refundBaseAmount:0.11 refundExtraAmount:0.0
2020-01-07 19:03:45,185 - refund.py[line:131] - INFO: Commit refund
2020-01-07 19:03:45,185 - refund.py[line:132] - INFO: refundBaseAmount:0.11,refundExtraAmount:0.0
2020-01-07 19:03:45,186 - refund.py[line:144] - DEBUG: https://managetest.ruqimobility.com/management/v1/orderinfo/refund
2020-01-07 19:03:46,245 - refund.py[line:146] - INFO: {"code":0,"message":"成功"}
2020-01-07 19:03:46,245 - refund.py[line:152] - INFO: Refund Success!!!
2020-01-07 19:03:46,245 - refund.py[line:222] - DEBUG: Order has been refunded or adjusted to 0
2020-01-07 19:03:46,245 - refund.py[line:222] - DEBUG: Order has been refunded or adjusted to 0
2020-01-07 19:03:46,245 - refund.py[line:222] - DEBUG: Order has been refunded or adjusted to 0
2020-01-07 19:03:46,245 - refund.py[line:222] - DEBUG: Order has been refunded or adjusted to 0
2020-01-07 19:03:46,245 - refund.py[line:222] - DEBUG: Order has been refunded or adjusted to 0
2020-01-07 19:03:46,245 - refund.py[line:222] - DEBUG: Order has been refunded or adjusted to 0
2020-01-07 19:03:46,245 - refund.py[line:222] - DEBUG: Order has been refunded or adjusted to 0
2020-01-07 19:03:46,245 - refund.py[line:222] - DEBUG: Order has been refunded or adjusted to 0
2020-01-07 19:03:46,245 - refund.py[line:222] - DEBUG: Order has been refunded or adjusted to 0
2020-01-07 19:03:46,245 - refund.py[line:228] - INFO: Refund 1 orders
2020-01-07 19:03:46,245 - refund.py[line:229] - INFO: Done!!!

2020-01-07 19:03:46,247 - refund.py[line:164] - INFO: user phone:15989104405
2020-01-07 19:03:46,247 - refund.py[line:60] - INFO: Login RUQIMobility
2020-01-07 19:03:46,247 - refund.py[line:66] - DEBUG: https://managetest.ruqimobility.com/management/v1/login/web
2020-01-07 19:03:46,371 - refund.py[line:69] - DEBUG: {"code":0,"message":"成功"}
2020-01-07 19:03:46,371 - refund.py[line:71] - INFO: Login success
2020-01-07 19:03:46,371 - refund.py[line:166] - INFO: Refund days:1
2020-01-07 19:03:46,372 - refund.py[line:78] - INFO: Get refund orders
2020-01-07 19:03:46,372 - refund.py[line:79] - DEBUG: Page 1
2020-01-07 19:03:46,372 - refund.py[line:96] - DEBUG: https://managetest.ruqimobility.com/management/v1/orderinfo/queryListByFilter
2020-01-07 19:03:46,492 - refund.py[line:99] - INFO: Success
2020-01-07 19:03:46,493 - refund.py[line:107] - DEBUG: 1577341752
2020-01-07 19:03:46,493 - refund.py[line:112] - DEBUG: Finish
2020-01-07 19:03:46,493 - refund.py[line:174] - INFO: Order_Numbers:10
2020-01-07 19:03:46,493 - refund.py[line:222] - DEBUG: Order has been refunded or adjusted to 0
2020-01-07 19:03:46,493 - refund.py[line:222] - DEBUG: Order has been refunded or adjusted to 0
2020-01-07 19:03:46,493 - refund.py[line:222] - DEBUG: Order has been refunded or adjusted to 0
2020-01-07 19:03:46,493 - refund.py[line:222] - DEBUG: Order has been refunded or adjusted to 0
2020-01-07 19:03:46,493 - refund.py[line:222] - DEBUG: Order has been refunded or adjusted to 0
2020-01-07 19:03:46,493 - refund.py[line:222] - DEBUG: Order has been refunded or adjusted to 0
2020-01-07 19:03:46,493 - refund.py[line:222] - DEBUG: Order has been refunded or adjusted to 0
2020-01-07 19:03:46,493 - refund.py[line:222] - DEBUG: Order has been refunded or adjusted to 0
2020-01-07 19:03:46,493 - refund.py[line:222] - DEBUG: Order has been refunded or adjusted to 0
2020-01-07 19:03:46,493 - refund.py[line:222] - DEBUG: Order has been refunded or adjusted to 0
2020-01-07 19:03:46,493 - refund.py[line:228] - INFO: Refund 0 orders
2020-01-07 19:03:46,493 - refund.py[line:229] - INFO: Done!!!

2020-01-07 19:03:46,494 - refund.py[line:241] - INFO: Cost time:1.92s
2020-01-07 19:04:45,021 - refund.py[line:162] - INFO: user phone:13250790293
2020-01-07 19:04:45,021 - refund.py[line:60] - INFO: Login RUQIMobility
2020-01-07 19:04:45,021 - refund.py[line:66] - DEBUG: https://managetest.ruqimobility.com/management/v1/login/web
2020-01-07 19:04:45,194 - refund.py[line:69] - DEBUG: {"code":0,"message":"成功"}
2020-01-07 19:04:45,195 - refund.py[line:71] - INFO: Login success
2020-01-07 19:04:45,195 - refund.py[line:164] - INFO: Refund days:1
2020-01-07 19:04:45,195 - refund.py[line:78] - INFO: Get refund orders
2020-01-07 19:04:45,195 - refund.py[line:79] - DEBUG: Page 1
2020-01-07 19:04:45,195 - refund.py[line:96] - DEBUG: https://managetest.ruqimobility.com/management/v1/orderinfo/queryListByFilter
2020-01-07 19:04:45,255 - refund.py[line:99] - INFO: Success
2020-01-07 19:04:45,259 - refund.py[line:107] - DEBUG: 1577774568
2020-01-07 19:04:45,259 - refund.py[line:112] - DEBUG: Finish
2020-01-07 19:04:45,259 - refund.py[line:172] - INFO: Order_Numbers:10
2020-01-07 19:04:45,259 - refund.py[line:220] - DEBUG: Order has been refunded or adjusted to 0
2020-01-07 19:04:45,259 - refund.py[line:220] - DEBUG: Order has been refunded or adjusted to 0
2020-01-07 19:04:45,259 - refund.py[line:220] - DEBUG: Order has been refunded or adjusted to 0
2020-01-07 19:04:45,259 - refund.py[line:220] - DEBUG: Order has been refunded or adjusted to 0
2020-01-07 19:04:45,259 - refund.py[line:220] - DEBUG: Order has been refunded or adjusted to 0
2020-01-07 19:04:45,259 - refund.py[line:220] - DEBUG: Order has been refunded or adjusted to 0
2020-01-07 19:04:45,259 - refund.py[line:220] - DEBUG: Order has been refunded or adjusted to 0
2020-01-07 19:04:45,259 - refund.py[line:220] - DEBUG: Order has been refunded or adjusted to 0
2020-01-07 19:04:45,259 - refund.py[line:220] - DEBUG: Order has been refunded or adjusted to 0
2020-01-07 19:04:45,259 - refund.py[line:220] - DEBUG: Order has been refunded or adjusted to 0
2020-01-07 19:04:45,260 - refund.py[line:226] - INFO: Refund 0 orders
2020-01-07 19:04:45,260 - refund.py[line:227] - INFO: Done!!!

2020-01-07 19:04:45,261 - refund.py[line:162] - INFO: user phone:15989104405
2020-01-07 19:04:45,261 - refund.py[line:60] - INFO: Login RUQIMobility
2020-01-07 19:04:45,261 - refund.py[line:66] - DEBUG: https://managetest.ruqimobility.com/management/v1/login/web
2020-01-07 19:04:45,364 - refund.py[line:69] - DEBUG: {"code":0,"message":"成功"}
2020-01-07 19:04:45,364 - refund.py[line:71] - INFO: Login success
2020-01-07 19:04:45,365 - refund.py[line:164] - INFO: Refund days:1
2020-01-07 19:04:45,365 - refund.py[line:78] - INFO: Get refund orders
2020-01-07 19:04:45,365 - refund.py[line:79] - DEBUG: Page 1
2020-01-07 19:04:45,365 - refund.py[line:96] - DEBUG: https://managetest.ruqimobility.com/management/v1/orderinfo/queryListByFilter
2020-01-07 19:04:45,430 - refund.py[line:99] - INFO: Success
2020-01-07 19:04:45,430 - refund.py[line:107] - DEBUG: 1577341752
2020-01-07 19:04:45,431 - refund.py[line:112] - DEBUG: Finish
2020-01-07 19:04:45,431 - refund.py[line:172] - INFO: Order_Numbers:10
2020-01-07 19:04:45,431 - refund.py[line:220] - DEBUG: Order has been refunded or adjusted to 0
2020-01-07 19:04:45,431 - refund.py[line:220] - DEBUG: Order has been refunded or adjusted to 0
2020-01-07 19:04:45,431 - refund.py[line:220] - DEBUG: Order has been refunded or adjusted to 0
2020-01-07 19:04:45,431 - refund.py[line:220] - DEBUG: Order has been refunded or adjusted to 0
2020-01-07 19:04:45,431 - refund.py[line:220] - DEBUG: Order has been refunded or adjusted to 0
2020-01-07 19:04:45,431 - refund.py[line:220] - DEBUG: Order has been refunded or adjusted to 0
2020-01-07 19:04:45,431 - refund.py[line:220] - DEBUG: Order has been refunded or adjusted to 0
2020-01-07 19:04:45,431 - refund.py[line:220] - DEBUG: Order has been refunded or adjusted to 0
2020-01-07 19:04:45,431 - refund.py[line:220] - DEBUG: Order has been refunded or adjusted to 0
2020-01-07 19:04:45,431 - refund.py[line:220] - DEBUG: Order has been refunded or adjusted to 0
2020-01-07 19:04:45,431 - refund.py[line:226] - INFO: Refund 0 orders
2020-01-07 19:04:45,431 - refund.py[line:227] - INFO: Done!!!

2020-01-07 19:04:45,431 - refund.py[line:239] - INFO: Cost time:0.41s
2020-01-07 19:05:18,259 - refund.py[line:162] - INFO: user phone:13250790293
2020-01-07 19:05:18,259 - refund.py[line:60] - INFO: Login RUQIMobility
2020-01-07 19:05:18,259 - refund.py[line:66] - DEBUG: https://managetest.ruqimobility.com/management/v1/login/web
2020-01-07 19:05:18,529 - refund.py[line:69] - DEBUG: {"code":0,"message":"成功"}
2020-01-07 19:05:18,529 - refund.py[line:71] - INFO: Login success
2020-01-07 19:05:18,529 - refund.py[line:164] - INFO: Refund days:1
2020-01-07 19:05:18,529 - refund.py[line:78] - INFO: Get refund orders
2020-01-07 19:05:18,529 - refund.py[line:79] - DEBUG: Page 1
2020-01-07 19:05:18,530 - refund.py[line:96] - DEBUG: https://managetest.ruqimobility.com/management/v1/orderinfo/queryListByFilter
2020-01-07 19:05:18,622 - refund.py[line:99] - INFO: Success
2020-01-07 19:05:18,625 - refund.py[line:107] - DEBUG: 1577774568
2020-01-07 19:05:18,625 - refund.py[line:112] - DEBUG: Finish
2020-01-07 19:05:18,625 - refund.py[line:172] - INFO: Order_Numbers:10
2020-01-07 19:05:18,625 - refund.py[line:220] - DEBUG: Order has been refunded or adjusted to 0
2020-01-07 19:05:18,625 - refund.py[line:220] - DEBUG: Order has been refunded or adjusted to 0
2020-01-07 19:05:18,625 - refund.py[line:220] - DEBUG: Order has been refunded or adjusted to 0
2020-01-07 19:05:18,625 - refund.py[line:220] - DEBUG: Order has been refunded or adjusted to 0
2020-01-07 19:05:18,625 - refund.py[line:220] - DEBUG: Order has been refunded or adjusted to 0
2020-01-07 19:05:18,625 - refund.py[line:220] - DEBUG: Order has been refunded or adjusted to 0
2020-01-07 19:05:18,625 - refund.py[line:220] - DEBUG: Order has been refunded or adjusted to 0
2020-01-07 19:05:18,625 - refund.py[line:220] - DEBUG: Order has been refunded or adjusted to 0
2020-01-07 19:05:18,625 - refund.py[line:220] - DEBUG: Order has been refunded or adjusted to 0
2020-01-07 19:05:18,625 - refund.py[line:220] - DEBUG: Order has been refunded or adjusted to 0
2020-01-07 19:05:18,625 - refund.py[line:226] - INFO: Refund 0 orders
2020-01-07 19:05:18,626 - refund.py[line:227] - INFO: Done!!!

2020-01-07 19:05:18,627 - refund.py[line:162] - INFO: user phone:15989104405
2020-01-07 19:05:18,627 - refund.py[line:60] - INFO: Login RUQIMobility
2020-01-07 19:05:18,627 - refund.py[line:66] - DEBUG: https://managetest.ruqimobility.com/management/v1/login/web
2020-01-07 19:05:18,737 - refund.py[line:69] - DEBUG: {"code":0,"message":"成功"}
2020-01-07 19:05:18,737 - refund.py[line:71] - INFO: Login success
2020-01-07 19:05:18,737 - refund.py[line:164] - INFO: Refund days:1
2020-01-07 19:05:18,737 - refund.py[line:78] - INFO: Get refund orders
2020-01-07 19:05:18,737 - refund.py[line:79] - DEBUG: Page 1
2020-01-07 19:05:18,738 - refund.py[line:96] - DEBUG: https://managetest.ruqimobility.com/management/v1/orderinfo/queryListByFilter
2020-01-07 19:05:18,803 - refund.py[line:99] - INFO: Success
2020-01-07 19:05:18,805 - refund.py[line:107] - DEBUG: 1577341752
2020-01-07 19:05:18,805 - refund.py[line:112] - DEBUG: Finish
2020-01-07 19:05:18,805 - refund.py[line:172] - INFO: Order_Numbers:10
2020-01-07 19:05:18,805 - refund.py[line:220] - DEBUG: Order has been refunded or adjusted to 0
2020-01-07 19:05:18,805 - refund.py[line:220] - DEBUG: Order has been refunded or adjusted to 0
2020-01-07 19:05:18,805 - refund.py[line:220] - DEBUG: Order has been refunded or adjusted to 0
2020-01-07 19:05:18,805 - refund.py[line:220] - DEBUG: Order has been refunded or adjusted to 0
2020-01-07 19:05:18,805 - refund.py[line:220] - DEBUG: Order has been refunded or adjusted to 0
2020-01-07 19:05:18,805 - refund.py[line:220] - DEBUG: Order has been refunded or adjusted to 0
2020-01-07 19:05:18,805 - refund.py[line:220] - DEBUG: Order has been refunded or adjusted to 0
2020-01-07 19:05:18,805 - refund.py[line:220] - DEBUG: Order has been refunded or adjusted to 0
2020-01-07 19:05:18,805 - refund.py[line:220] - DEBUG: Order has been refunded or adjusted to 0
2020-01-07 19:05:18,805 - refund.py[line:220] - DEBUG: Order has been refunded or adjusted to 0
2020-01-07 19:05:18,805 - refund.py[line:226] - INFO: Refund 0 orders
2020-01-07 19:05:18,805 - refund.py[line:227] - INFO: Done!!!

2020-01-07 19:05:18,805 - refund.py[line:239] - INFO: Cost time:0.55s
