2020-01-05 10:03:01,521 - refund.py[line:233] - INFO: user phone:13250790293
2020-01-05 10:03:01,522 - refund.py[line:51] - INFO: Login RUQIMobility
2020-01-05 10:03:01,522 - refund.py[line:57] - DEBUG: https://managetest.ruqimobility.com/management/v1/login/web
2020-01-05 10:03:01,791 - refund.py[line:60] - DEBUG: {"code":0,"message":"成功"}
2020-01-05 10:03:01,791 - refund.py[line:62] - INFO: Login success
2020-01-05 10:03:01,791 - refund.py[line:164] - INFO: Refund days:1
2020-01-05 10:03:01,791 - refund.py[line:69] - INFO: Get refund orders
2020-01-05 10:03:01,792 - refund.py[line:70] - DEBUG: Page 1
2020-01-05 10:03:01,792 - refund.py[line:87] - DEBUG: https://managetest.ruqimobility.com/management/v1/orderinfo/queryListByFilter
2020-01-05 10:03:01,935 - refund.py[line:90] - INFO: Success
2020-01-05 10:03:01,941 - refund.py[line:98] - DEBUG: 1577435335
2020-01-05 10:03:01,941 - refund.py[line:103] - DEBUG: Finish
2020-01-05 10:03:01,941 - refund.py[line:172] - INFO: Order_Numbers:10
2020-01-05 10:03:01,941 - refund.py[line:220] - DEBUG: Order has been refunded or adjusted to 0
2020-01-05 10:03:01,941 - refund.py[line:220] - DEBUG: Order has been refunded or adjusted to 0
2020-01-05 10:03:01,941 - refund.py[line:220] - DEBUG: Order has been refunded or adjusted to 0
2020-01-05 10:03:01,941 - refund.py[line:220] - DEBUG: Order has been refunded or adjusted to 0
2020-01-05 10:03:01,941 - refund.py[line:220] - DEBUG: Order has been refunded or adjusted to 0
2020-01-05 10:03:01,941 - refund.py[line:220] - DEBUG: Order has been refunded or adjusted to 0
2020-01-05 10:03:01,941 - refund.py[line:220] - DEBUG: Order has been refunded or adjusted to 0
2020-01-05 10:03:01,941 - refund.py[line:220] - DEBUG: Order has been refunded or adjusted to 0
2020-01-05 10:03:01,941 - refund.py[line:220] - DEBUG: Order has been refunded or adjusted to 0
2020-01-05 10:03:01,941 - refund.py[line:220] - DEBUG: Order has been refunded or adjusted to 0
2020-01-05 10:03:01,941 - refund.py[line:226] - INFO: Refund 0 orders
2020-01-05 10:03:01,941 - refund.py[line:227] - INFO: Done!!!

2020-01-05 10:03:01,941 - refund.py[line:233] - INFO: user phone:15989104405
2020-01-05 10:03:01,943 - refund.py[line:51] - INFO: Login RUQIMobility
2020-01-05 10:03:01,943 - refund.py[line:57] - DEBUG: https://managetest.ruqimobility.com/management/v1/login/web
2020-01-05 10:03:02,059 - refund.py[line:60] - DEBUG: {"code":0,"message":"成功"}
2020-01-05 10:03:02,059 - refund.py[line:62] - INFO: Login success
2020-01-05 10:03:02,059 - refund.py[line:164] - INFO: Refund days:1
2020-01-05 10:03:02,060 - refund.py[line:69] - INFO: Get refund orders
2020-01-05 10:03:02,060 - refund.py[line:70] - DEBUG: Page 1
2020-01-05 10:03:02,060 - refund.py[line:87] - DEBUG: https://managetest.ruqimobility.com/management/v1/orderinfo/queryListByFilter
2020-01-05 10:03:02,163 - refund.py[line:90] - INFO: Success
2020-01-05 10:03:02,164 - refund.py[line:98] - DEBUG: 1577341239
2020-01-05 10:03:02,164 - refund.py[line:103] - DEBUG: Finish
2020-01-05 10:03:02,164 - refund.py[line:172] - INFO: Order_Numbers:10
2020-01-05 10:03:02,164 - refund.py[line:220] - DEBUG: Order has been refunded or adjusted to 0
2020-01-05 10:03:02,164 - refund.py[line:220] - DEBUG: Order has been refunded or adjusted to 0
2020-01-05 10:03:02,164 - refund.py[line:220] - DEBUG: Order has been refunded or adjusted to 0
2020-01-05 10:03:02,164 - refund.py[line:220] - DEBUG: Order has been refunded or adjusted to 0
2020-01-05 10:03:02,164 - refund.py[line:220] - DEBUG: Order has been refunded or adjusted to 0
2020-01-05 10:03:02,164 - refund.py[line:220] - DEBUG: Order has been refunded or adjusted to 0
2020-01-05 10:03:02,164 - refund.py[line:220] - DEBUG: Order has been refunded or adjusted to 0
2020-01-05 10:03:02,164 - refund.py[line:220] - DEBUG: Order has been refunded or adjusted to 0
2020-01-05 10:03:02,164 - refund.py[line:220] - DEBUG: Order has been refunded or adjusted to 0
2020-01-05 10:03:02,164 - refund.py[line:220] - DEBUG: Order has been refunded or adjusted to 0
2020-01-05 10:03:02,164 - refund.py[line:226] - INFO: Refund 0 orders
2020-01-05 10:03:02,165 - refund.py[line:227] - INFO: Done!!!

2020-01-05 10:03:02,165 - refund.py[line:240] - INFO: Cost time:0.64s
