2019-12-18 10:21:00,704 - adjust.py[line:97] - INFO: User phone:13250790293
2019-12-18 10:21:00,704 - adjust.py[line:39] - INFO: Login RUQIMobility
2019-12-18 10:21:00,707 - adjust.py[line:45] - DEBUG: https://managetest.ruqimobility.com/management/v1/login/web
2019-12-18 10:21:01,222 - adjust.py[line:48] - DEBUG: {"code":0,"message":"成功"}
2019-12-18 10:21:01,222 - adjust.py[line:50] - INFO: Login success
2019-12-18 10:21:01,222 - adjust.py[line:57] - INFO: Get adjust orders
2019-12-18 10:21:01,223 - adjust.py[line:66] - DEBUG: https://managetest.ruqimobility.com/management/v1/orderinfo/queryListByFilter
2019-12-18 10:21:01,348 - adjust.py[line:69] - INFO: Success
2019-12-18 10:21:01,348 - adjust.py[line:100] - INFO: The numbers of orders:0
2019-12-18 10:21:01,349 - adjust.py[line:102] - INFO: No orders to be adjusted
2019-12-18 10:21:01,349 - adjust.py[line:110] - INFO: Done!!!

2019-12-18 10:21:01,351 - adjust.py[line:97] - INFO: User phone:15989104405
2019-12-18 10:21:01,351 - adjust.py[line:39] - INFO: Login RUQIMobility
2019-12-18 10:21:01,351 - adjust.py[line:45] - DEBUG: https://managetest.ruqimobility.com/management/v1/login/web
2019-12-18 10:21:01,860 - adjust.py[line:48] - DEBUG: {"code":0,"message":"成功"}
2019-12-18 10:21:01,860 - adjust.py[line:50] - INFO: Login success
2019-12-18 10:21:01,860 - adjust.py[line:57] - INFO: Get adjust orders
2019-12-18 10:21:01,860 - adjust.py[line:66] - DEBUG: https://managetest.ruqimobility.com/management/v1/orderinfo/queryListByFilter
2019-12-18 10:21:01,914 - adjust.py[line:69] - INFO: Success
2019-12-18 10:21:01,914 - adjust.py[line:100] - INFO: The numbers of orders:0
2019-12-18 10:21:01,914 - adjust.py[line:102] - INFO: No orders to be adjusted
2019-12-18 10:21:01,914 - adjust.py[line:110] - INFO: Done!!!

2019-12-18 10:21:26,626 - adjust.py[line:97] - INFO: User phone:13250790291
2019-12-18 10:21:26,627 - adjust.py[line:39] - INFO: Login RUQIMobility
2019-12-18 10:21:26,627 - adjust.py[line:45] - DEBUG: https://managetest.ruqimobility.com/management/v1/login/web
2019-12-18 10:21:27,014 - adjust.py[line:48] - DEBUG: {"code":0,"message":"成功"}
2019-12-18 10:21:27,014 - adjust.py[line:50] - INFO: Login success
2019-12-18 10:21:27,015 - adjust.py[line:57] - INFO: Get adjust orders
2019-12-18 10:21:27,015 - adjust.py[line:66] - DEBUG: https://managetest.ruqimobility.com/management/v1/orderinfo/queryListByFilter
2019-12-18 10:21:27,107 - adjust.py[line:69] - INFO: Success
2019-12-18 10:21:27,107 - adjust.py[line:100] - INFO: The numbers of orders:1
2019-12-18 10:21:27,108 - adjust.py[line:76] - INFO: Adjust order:6751654307688350027
2019-12-18 10:21:27,108 - adjust.py[line:86] - DEBUG: https://managetest.ruqimobility.com/management/v1/adjust/charge
2019-12-18 10:21:27,182 - adjust.py[line:88] - DEBUG: {"code":110000,"message":"失败"}
2019-12-18 10:21:27,182 - adjust.py[line:93] - ERROR: 失败
2019-12-18 10:21:27,182 - adjust.py[line:110] - INFO: Done!!!

2019-12-18 10:21:27,185 - adjust.py[line:97] - INFO: User phone:15989104405
2019-12-18 10:21:27,185 - adjust.py[line:39] - INFO: Login RUQIMobility
2019-12-18 10:21:27,185 - adjust.py[line:45] - DEBUG: https://managetest.ruqimobility.com/management/v1/login/web
2019-12-18 10:21:27,694 - adjust.py[line:48] - DEBUG: {"code":0,"message":"成功"}
2019-12-18 10:21:27,694 - adjust.py[line:50] - INFO: Login success
2019-12-18 10:21:27,695 - adjust.py[line:57] - INFO: Get adjust orders
2019-12-18 10:21:27,695 - adjust.py[line:66] - DEBUG: https://managetest.ruqimobility.com/management/v1/orderinfo/queryListByFilter
2019-12-18 10:21:27,866 - adjust.py[line:69] - INFO: Success
2019-12-18 10:21:27,866 - adjust.py[line:100] - INFO: The numbers of orders:0
2019-12-18 10:21:27,867 - adjust.py[line:102] - INFO: No orders to be adjusted
2019-12-18 10:21:27,867 - adjust.py[line:110] - INFO: Done!!!

