2020-01-05 10:02:55,384 - adjust.py[line:101] - INFO: User phone:13250790293
2020-01-05 10:02:55,384 - adjust.py[line:39] - INFO: Login RUQIMobility
2020-01-05 10:02:55,387 - adjust.py[line:45] - DEBUG: https://managetest.ruqimobility.com/management/v1/login/web
2020-01-05 10:02:55,687 - adjust.py[line:48] - DEBUG: {"code":0,"message":"成功"}
2020-01-05 10:02:55,687 - adjust.py[line:50] - INFO: Login success
2020-01-05 10:02:55,687 - adjust.py[line:57] - INFO: Get adjust orders
2020-01-05 10:02:55,687 - adjust.py[line:66] - DEBUG: https://managetest.ruqimobility.com/management/v1/orderinfo/queryListByFilter
2020-01-05 10:02:55,801 - adjust.py[line:69] - INFO: Success
2020-01-05 10:02:55,802 - adjust.py[line:104] - INFO: The numbers of orders:0
2020-01-05 10:02:55,803 - adjust.py[line:112] - INFO: No orders to be adjusted
2020-01-05 10:02:55,803 - adjust.py[line:117] - INFO: Done!!!

2020-01-05 10:02:55,805 - adjust.py[line:101] - INFO: User phone:15989104405
2020-01-05 10:02:55,805 - adjust.py[line:39] - INFO: Login RUQIMobility
2020-01-05 10:02:55,805 - adjust.py[line:45] - DEBUG: https://managetest.ruqimobility.com/management/v1/login/web
2020-01-05 10:02:56,008 - adjust.py[line:48] - DEBUG: {"code":0,"message":"成功"}
2020-01-05 10:02:56,008 - adjust.py[line:50] - INFO: Login success
2020-01-05 10:02:56,008 - adjust.py[line:57] - INFO: Get adjust orders
2020-01-05 10:02:56,009 - adjust.py[line:66] - DEBUG: https://managetest.ruqimobility.com/management/v1/orderinfo/queryListByFilter
2020-01-05 10:02:56,040 - adjust.py[line:69] - INFO: Success
2020-01-05 10:02:56,040 - adjust.py[line:104] - INFO: The numbers of orders:0
2020-01-05 10:02:56,040 - adjust.py[line:112] - INFO: No orders to be adjusted
2020-01-05 10:02:56,040 - adjust.py[line:117] - INFO: Done!!!

2020-01-05 10:02:56,040 - adjust.py[line:129] - INFO: Cost time:0.66s
