2020-01-13 16:42:07,947 - adjust.py[line:121] - INFO: User phone:13250790293
2020-01-13 16:42:07,947 - adjust.py[line:46] - INFO: Login RUQIMobility
2020-01-13 16:42:07,947 - adjust.py[line:52] - DEBUG: https://managetest.ruqimobility.com/management/v1/login/web
2020-01-13 16:42:08,067 - adjust.py[line:55] - DEBUG: {"code":0,"message":"成功"}
2020-01-13 16:42:08,067 - adjust.py[line:57] - INFO: Login success
2020-01-13 16:42:08,068 - adjust.py[line:64] - INFO: Get adjust orders
2020-01-13 16:42:08,068 - adjust.py[line:73] - DEBUG: https://managetest.ruqimobility.com/management/v1/orderinfo/queryListByFilter
2020-01-13 16:42:08,101 - adjust.py[line:76] - INFO: Success
2020-01-13 16:42:08,102 - adjust.py[line:124] - INFO: The numbers of orders:0
2020-01-13 16:42:08,105 - adjust.py[line:132] - INFO: Database commit
2020-01-13 16:42:08,111 - adjust.py[line:137] - INFO: No orders to be adjusted
2020-01-13 16:42:08,112 - adjust.py[line:142] - INFO: Done!!!

2020-01-13 16:42:08,113 - adjust.py[line:121] - INFO: User phone:15989104405
2020-01-13 16:42:08,113 - adjust.py[line:46] - INFO: Login RUQIMobility
2020-01-13 16:42:08,113 - adjust.py[line:52] - DEBUG: https://managetest.ruqimobility.com/management/v1/login/web
2020-01-13 16:42:08,240 - adjust.py[line:55] - DEBUG: {"code":0,"message":"成功"}
2020-01-13 16:42:08,240 - adjust.py[line:57] - INFO: Login success
2020-01-13 16:42:08,240 - adjust.py[line:64] - INFO: Get adjust orders
2020-01-13 16:42:08,241 - adjust.py[line:73] - DEBUG: https://managetest.ruqimobility.com/management/v1/orderinfo/queryListByFilter
2020-01-13 16:42:08,397 - adjust.py[line:76] - INFO: Success
2020-01-13 16:42:08,398 - adjust.py[line:124] - INFO: The numbers of orders:1
2020-01-13 16:42:08,398 - adjust.py[line:83] - INFO: Adjust order:6781334468733960197
2020-01-13 16:42:08,398 - adjust.py[line:93] - DEBUG: https://managetest.ruqimobility.com/management/v1/adjust/charge
2020-01-13 16:42:08,658 - adjust.py[line:95] - DEBUG: {"code":0,"message":"成功"}
2020-01-13 16:42:08,658 - adjust.py[line:98] - INFO: Success
2020-01-13 16:42:08,658 - adjust.py[line:111] - INFO: Insert database
2020-01-13 16:42:08,666 - adjust.py[line:132] - INFO: Database commit
2020-01-13 16:42:08,676 - adjust.py[line:142] - INFO: Done!!!

2020-01-13 16:42:08,676 - adjust.py[line:154] - INFO: Cost time:0.73s
