2019-12-31 14:40:10,637 - adjust.py[line:101] - INFO: User phone:15989104405
2019-12-31 14:40:10,637 - adjust.py[line:39] - INFO: Login RUQIMobility
2019-12-31 14:40:10,637 - adjust.py[line:45] - DEBUG: https://managetest.ruqimobility.com/management/v1/login/web
2019-12-31 14:40:10,912 - adjust.py[line:48] - DEBUG: {"code":0,"message":"成功"}
2019-12-31 14:40:10,912 - adjust.py[line:50] - INFO: Login success
2019-12-31 14:40:10,912 - adjust.py[line:57] - INFO: Get adjust orders
2019-12-31 14:40:10,912 - adjust.py[line:66] - DEBUG: https://managetest.ruqimobility.com/management/v1/orderinfo/queryListByFilter
2019-12-31 14:40:11,035 - adjust.py[line:69] - INFO: Success
2019-12-31 14:40:11,035 - adjust.py[line:104] - INFO: The numbers of orders:0
2019-12-31 14:40:11,035 - adjust.py[line:112] - INFO: No orders to be adjusted
2019-12-31 14:40:11,036 - adjust.py[line:117] - INFO: Done!!!

2019-12-31 14:43:39,112 - adjust.py[line:101] - INFO: User phone:15989104405
2019-12-31 14:43:39,112 - adjust.py[line:39] - INFO: Login RUQIMobility
2019-12-31 14:43:39,112 - adjust.py[line:45] - DEBUG: https://managetest.ruqimobility.com/management/v1/login/web
2019-12-31 14:43:39,243 - adjust.py[line:48] - DEBUG: {"code":0,"message":"成功"}
2019-12-31 14:43:39,244 - adjust.py[line:50] - INFO: Login success
2019-12-31 14:43:39,244 - adjust.py[line:57] - INFO: Get adjust orders
2019-12-31 14:43:39,244 - adjust.py[line:66] - DEBUG: https://managetest.ruqimobility.com/management/v1/orderinfo/queryListByFilter
2019-12-31 14:43:39,295 - adjust.py[line:69] - INFO: Success
2019-12-31 14:43:39,295 - adjust.py[line:104] - INFO: The numbers of orders:0
2019-12-31 14:43:39,295 - adjust.py[line:112] - INFO: No orders to be adjusted
2019-12-31 14:43:39,295 - adjust.py[line:117] - INFO: Done!!!

2019-12-31 14:43:45,760 - adjust.py[line:101] - INFO: User phone:13250790293
2019-12-31 14:43:45,760 - adjust.py[line:39] - INFO: Login RUQIMobility
2019-12-31 14:43:45,760 - adjust.py[line:45] - DEBUG: https://managetest.ruqimobility.com/management/v1/login/web
2019-12-31 14:43:45,947 - adjust.py[line:48] - DEBUG: {"code":0,"message":"成功"}
2019-12-31 14:43:45,947 - adjust.py[line:50] - INFO: Login success
2019-12-31 14:43:45,947 - adjust.py[line:57] - INFO: Get adjust orders
2019-12-31 14:43:45,947 - adjust.py[line:66] - DEBUG: https://managetest.ruqimobility.com/management/v1/orderinfo/queryListByFilter
2019-12-31 14:43:45,992 - adjust.py[line:69] - INFO: Success
2019-12-31 14:43:45,992 - adjust.py[line:104] - INFO: The numbers of orders:1
2019-12-31 14:43:45,992 - adjust.py[line:76] - INFO: Adjust order:6776490170825834997
2019-12-31 14:43:45,992 - adjust.py[line:86] - DEBUG: https://managetest.ruqimobility.com/management/v1/adjust/charge
2019-12-31 14:43:46,333 - adjust.py[line:88] - DEBUG: {"code":0,"message":"成功"}
2019-12-31 14:43:46,333 - adjust.py[line:117] - INFO: Done!!!

2019-12-31 14:47:56,453 - adjust.py[line:101] - INFO: User phone:13250790293
2019-12-31 14:47:56,453 - adjust.py[line:39] - INFO: Login RUQIMobility
2019-12-31 14:47:56,453 - adjust.py[line:45] - DEBUG: https://managetest.ruqimobility.com/management/v1/login/web
2019-12-31 14:47:56,824 - adjust.py[line:48] - DEBUG: {"code":0,"message":"成功"}
2019-12-31 14:47:56,824 - adjust.py[line:50] - INFO: Login success
2019-12-31 14:47:56,824 - adjust.py[line:57] - INFO: Get adjust orders
2019-12-31 14:47:56,824 - adjust.py[line:66] - DEBUG: https://managetest.ruqimobility.com/management/v1/orderinfo/queryListByFilter
2019-12-31 14:47:56,877 - adjust.py[line:69] - INFO: Success
2019-12-31 14:47:56,877 - adjust.py[line:104] - INFO: The numbers of orders:1
2019-12-31 14:47:56,877 - adjust.py[line:76] - INFO: Adjust order:6776491343351906806
2019-12-31 14:47:56,877 - adjust.py[line:86] - DEBUG: https://managetest.ruqimobility.com/management/v1/adjust/charge
2019-12-31 14:47:57,573 - adjust.py[line:88] - DEBUG: {"code":0,"message":"成功"}
2019-12-31 14:47:57,573 - adjust.py[line:117] - INFO: Done!!!

2019-12-31 15:14:24,720 - adjust.py[line:101] - INFO: User phone:13250790293
2019-12-31 15:14:24,720 - adjust.py[line:39] - INFO: Login RUQIMobility
2019-12-31 15:14:24,720 - adjust.py[line:45] - DEBUG: https://managetest.ruqimobility.com/management/v1/login/web
2019-12-31 15:14:24,861 - adjust.py[line:48] - DEBUG: {"code":0,"message":"成功"}
2019-12-31 15:14:24,861 - adjust.py[line:50] - INFO: Login success
2019-12-31 15:14:24,861 - adjust.py[line:57] - INFO: Get adjust orders
2019-12-31 15:14:24,861 - adjust.py[line:66] - DEBUG: https://managetest.ruqimobility.com/management/v1/orderinfo/queryListByFilter
2019-12-31 15:14:24,999 - adjust.py[line:69] - INFO: Success
2019-12-31 15:14:24,999 - adjust.py[line:104] - INFO: The numbers of orders:0
2019-12-31 15:14:25,000 - adjust.py[line:112] - INFO: No orders to be adjusted
2019-12-31 15:14:25,000 - adjust.py[line:117] - INFO: Done!!!

