2019-12-15 11:52:13,984 - adjust.py[line:39] - INFO: Login RUQIMobility
2019-12-15 11:52:13,984 - adjust.py[line:45] - DEBUG: https://managetest.ruqimobility.com/management/v1/login/web
2019-12-15 11:52:14,054 - adjust.py[line:39] - INFO: Login RUQIMobility
2019-12-15 11:52:14,054 - adjust.py[line:45] - DEBUG: https://managetest.ruqimobility.com/management/v1/login/web
2019-12-15 11:52:14,304 - adjust.py[line:48] - DEBUG: {"code":0,"message":"成功"}
2019-12-15 11:52:14,304 - adjust.py[line:50] - INFO: Login success
2019-12-15 11:52:14,305 - adjust.py[line:57] - INFO: Get adjust orders
2019-12-15 11:52:14,305 - adjust.py[line:66] - DEBUG: https://managetest.ruqimobility.com/management/v1/orderinfo/queryListByFilter
2019-12-15 11:52:14,311 - adjust.py[line:48] - DEBUG: {"code":0,"message":"成功"}
2019-12-15 11:52:14,311 - adjust.py[line:50] - INFO: Login success
2019-12-15 11:52:14,311 - adjust.py[line:57] - INFO: Get adjust orders
2019-12-15 11:52:14,311 - adjust.py[line:66] - DEBUG: https://managetest.ruqimobility.com/management/v1/orderinfo/queryListByFilter
2019-12-15 11:52:14,411 - adjust.py[line:69] - INFO: Success
2019-12-15 11:52:14,411 - adjust.py[line:99] - INFO: The numbers of orders:0
2019-12-15 11:52:14,411 - adjust.py[line:101] - INFO: No orders to be adjusted
2019-12-15 11:52:14,412 - adjust.py[line:109] - INFO: Done!!!

2019-12-15 11:52:14,425 - adjust.py[line:69] - INFO: Success
2019-12-15 11:52:14,425 - adjust.py[line:99] - INFO: The numbers of orders:0
2019-12-15 11:52:14,426 - adjust.py[line:101] - INFO: No orders to be adjusted
2019-12-15 11:52:14,426 - adjust.py[line:109] - INFO: Done!!!

2019-12-15 11:55:14,680 - adjust.py[line:39] - INFO: Login RUQIMobility
2019-12-15 11:55:14,681 - adjust.py[line:45] - DEBUG: https://managetest.ruqimobility.com/management/v1/login/web
2019-12-15 11:55:14,828 - adjust.py[line:48] - DEBUG: {"code":0,"message":"成功"}
2019-12-15 11:55:14,828 - adjust.py[line:50] - INFO: Login success
2019-12-15 11:55:14,828 - adjust.py[line:57] - INFO: Get adjust orders
2019-12-15 11:55:14,828 - adjust.py[line:66] - DEBUG: https://managetest.ruqimobility.com/management/v1/orderinfo/queryListByFilter
2019-12-15 11:55:14,862 - adjust.py[line:69] - INFO: Success
2019-12-15 11:55:14,863 - adjust.py[line:99] - INFO: The numbers of orders:0
2019-12-15 11:55:14,863 - adjust.py[line:101] - INFO: No orders to be adjusted
2019-12-15 11:55:14,863 - adjust.py[line:109] - INFO: Done!!!

